[ 2017-04-14T20:52:05+08:00 ] 127.0.0.1 /
INFO: [ app_init ] --START--
INFO: Run Behavior\BuildLiteBehavior [ RunTime:0.000000s ]
INFO: [ app_init ] --END-- [ RunTime:0.000000s ]
INFO: [ app_begin ] --START--
INFO: Run Behavior\ReadHtmlCacheBehavior [ RunTime:0.001000s ]
INFO: [ app_begin ] --END-- [ RunTime:0.001000s ]
NOTIC: [2048] Declaration of Home\Controller\CommonController::error() should be compatible with Think\Controller::error($message = '', $jumpUrl = '', $ajax = false) F:\wamp\www\zhou\Application\Home\Controller\CommonController.class.php 第 31 行.
NOTIC: [8] Undefined index: search F:\wamp\www\zhou\Application\Home\Controller\IndexController.class.php 第 8 行.
NOTIC: [2048] Declaration of Common\Model\NewsModel::find() should be compatible with Think\Model::find($options = Array) F:\wamp\www\zhou\Application\Common\Model\NewsModel.class.php 第 6 行.
SQL: SHOW COLUMNS FROM `cms_news` [ RunTime:0.7330s ]
SQL: SELECT * FROM `cms_news` WHERE `status` = 1 ORDER BY count desc,news_id desc  LIMIT 10   [ RunTime:0.0200s ]
SQL: SHOW COLUMNS FROM `cms_position_content` [ RunTime:0.0550s ]
NOTIC: [8] Undefined index: title F:\wamp\www\zhou\Application\Common\Model\PositionContentModel.class.php 第 15 行.
SQL: SELECT * FROM `cms_position_content` WHERE `status` = 1 AND `position_id` = 2 ORDER BY listorder desc ,id desc LIMIT 1   [ RunTime:0.0060s ]
NOTIC: [8] Undefined index: title F:\wamp\www\zhou\Application\Common\Model\PositionContentModel.class.php 第 15 行.
SQL: SELECT * FROM `cms_position_content` WHERE `status` = 1 AND `position_id` = 3 ORDER BY listorder desc ,id desc LIMIT 3   [ RunTime:0.0010s ]
SQL: SELECT * FROM `cms_news` WHERE `status` = 1 AND `thumb` <> '' ORDER BY news_id desc LIMIT 30   [ RunTime:0.0010s ]
NOTIC: [8] Undefined index: title F:\wamp\www\zhou\Application\Common\Model\PositionContentModel.class.php 第 15 行.
SQL: SELECT * FROM `cms_position_content` WHERE `status` = 1 AND `position_id` = 5 ORDER BY listorder desc ,id desc LIMIT 2   [ RunTime:0.0000s ]
INFO: [ view_parse ] --START--
INFO: [ template_filter ] --START--
INFO: Run Behavior\ContentReplaceBehavior [ RunTime:0.000000s ]
INFO: [ template_filter ] --END-- [ RunTime:0.000000s ]
NOTIC: [2048] Declaration of Common\Model\BasicModel::save() should be compatible with Think\Model::save($data = '', $options = Array) F:\wamp\www\zhou\Application\Common\Model\BasicModel.class.php 第 27 行.
NOTIC: [2048] Declaration of Common\Model\BasicModel::select() should be compatible with Think\Model::select($options = Array) F:\wamp\www\zhou\Application\Common\Model\BasicModel.class.php 第 27 行.
NOTIC: [2048] Declaration of Common\Model\MenuModel::find() should be compatible with Think\Model::find($options = Array) F:\wamp\www\zhou\Application\Common\Model\MenuModel.class.php 第 92 行.
SQL: SHOW COLUMNS FROM `cms_menu` [ RunTime:0.0190s ]
SQL: SELECT * FROM `cms_menu` WHERE `status` = 1 AND `type` = 0 ORDER BY listorder desc,menu_id desc  [ RunTime:0.0000s ]
NOTIC: [8] Undefined index: homeReader F:\wamp\www\zhou\Application\Common\Common\function.php 第 62 行.
SQL: SHOW COLUMNS FROM `cms_reader` [ RunTime:0.0300s ]
SQL: SELECT `reader_id` FROM `cms_reader` WHERE ( readername="" ) LIMIT 1   [ RunTime:0.0000s ]
NOTIC: [8] Undefined index: homeReader F:\wamp\www\zhou\Application\Common\Common\function.php 第 62 行.
NOTIC: [8] Undefined index: homeReader F:\wamp\www\zhou\Application\Common\Common\function.php 第 62 行.
NOTIC: [8] Undefined index: name F:\wamp\www\zhou\Application\Runtime\Cache\Home\2a94b8bda04ff446dcedd42276fc99ee.php 第 142 行.
NOTIC: [8] Undefined index: name F:\wamp\www\zhou\Application\Runtime\Cache\Home\2a94b8bda04ff446dcedd42276fc99ee.php 第 142 行.
INFO: Run Behavior\ParseTemplateBehavior [ RunTime:0.117007s ]
INFO: [ view_parse ] --END-- [ RunTime:0.117007s ]
INFO: [ view_filter ] --START--
INFO: Run Behavior\WriteHtmlCacheBehavior [ RunTime:0.001000s ]
INFO: [ view_filter ] --END-- [ RunTime:0.001000s ]
INFO: [ app_end ] --START--
INFO: Run Behavior\ShowPageTraceBehavior [ RunTime:0.002000s ]
INFO: [ app_end ] --END-- [ RunTime:0.002000s ]

[ 2017-04-14T20:52:07+08:00 ] 127.0.0.1 /index.php?c=index&a=getCount
INFO: [ app_init ] --START--
INFO: Run Behavior\BuildLiteBehavior [ RunTime:0.000000s ]
INFO: [ app_init ] --END-- [ RunTime:0.000000s ]
INFO: [ app_begin ] --START--
INFO: Run Behavior\ReadHtmlCacheBehavior [ RunTime:0.002000s ]
INFO: [ app_begin ] --END-- [ RunTime:0.003000s ]
NOTIC: [2048] Declaration of Home\Controller\CommonController::error() should be compatible with Think\Controller::error($message = '', $jumpUrl = '', $ajax = false) F:\wamp\www\zhou\Application\Home\Controller\CommonController.class.php 第 31 行.
NOTIC: [2048] Declaration of Common\Model\NewsModel::find() should be compatible with Think\Model::find($options = Array) F:\wamp\www\zhou\Application\Common\Model\NewsModel.class.php 第 6 行.
SQL: SHOW COLUMNS FROM `cms_news` [ RunTime:0.0050s ]
SQL: SELECT * FROM `cms_news` WHERE `news_id` IN ('27','29','28','26','25','24','23','22')  [ RunTime:0.1500s ]

[ 2017-04-14T20:52:09+08:00 ] 127.0.0.1 /index.php?c=reader&a=login
INFO: [ app_init ] --START--
INFO: Run Behavior\BuildLiteBehavior [ RunTime:0.000000s ]
INFO: [ app_init ] --END-- [ RunTime:0.000000s ]
INFO: [ app_begin ] --START--
INFO: Run Behavior\ReadHtmlCacheBehavior [ RunTime:0.000000s ]
INFO: [ app_begin ] --END-- [ RunTime:0.001000s ]
NOTIC: [2048] Declaration of Home\Controller\CommonController::error() should be compatible with Think\Controller::error($message = '', $jumpUrl = '', $ajax = false) F:\wamp\www\zhou\Application\Home\Controller\CommonController.class.php 第 31 行.
INFO: [ view_parse ] --START--
INFO: [ template_filter ] --START--
INFO: Run Behavior\ContentReplaceBehavior [ RunTime:0.000000s ]
INFO: [ template_filter ] --END-- [ RunTime:0.001000s ]
NOTIC: [2048] Declaration of Common\Model\BasicModel::save() should be compatible with Think\Model::save($data = '', $options = Array) F:\wamp\www\zhou\Application\Common\Model\BasicModel.class.php 第 6 行.
NOTIC: [2048] Declaration of Common\Model\BasicModel::select() should be compatible with Think\Model::select($options = Array) F:\wamp\www\zhou\Application\Common\Model\BasicModel.class.php 第 6 行.
NOTIC: [2048] Declaration of Common\Model\MenuModel::find() should be compatible with Think\Model::find($options = Array) F:\wamp\www\zhou\Application\Common\Model\MenuModel.class.php 第 92 行.
SQL: SHOW COLUMNS FROM `cms_menu` [ RunTime:0.0030s ]
SQL: SELECT * FROM `cms_menu` WHERE `status` = 1 AND `type` = 0 ORDER BY listorder desc,menu_id desc  [ RunTime:0.0000s ]
NOTIC: [8] Undefined index: homeReader F:\wamp\www\zhou\Application\Common\Common\function.php 第 62 行.
SQL: SHOW COLUMNS FROM `cms_reader` [ RunTime:0.0030s ]
SQL: SELECT `reader_id` FROM `cms_reader` WHERE ( readername="" ) LIMIT 1   [ RunTime:0.0000s ]
NOTIC: [8] Undefined variable: result F:\wamp\www\zhou\Application\Runtime\Cache\Home\c7b362820f26a672c0b7b80f124cefe2.php 第 23 行.
NOTIC: [8] Undefined variable: result F:\wamp\www\zhou\Application\Runtime\Cache\Home\c7b362820f26a672c0b7b80f124cefe2.php 第 24 行.
NOTIC: [8] Undefined variable: result F:\wamp\www\zhou\Application\Runtime\Cache\Home\c7b362820f26a672c0b7b80f124cefe2.php 第 24 行.
NOTIC: [8] Undefined variable: result F:\wamp\www\zhou\Application\Runtime\Cache\Home\c7b362820f26a672c0b7b80f124cefe2.php 第 24 行.
NOTIC: [8] Undefined variable: news F:\wamp\www\zhou\Application\Runtime\Cache\Home\c7b362820f26a672c0b7b80f124cefe2.php 第 27 行.
NOTIC: [8] Undefined index: homeReader F:\wamp\www\zhou\Application\Common\Common\function.php 第 62 行.
NOTIC: [8] Undefined index: homeReader F:\wamp\www\zhou\Application\Common\Common\function.php 第 62 行.
NOTIC: [8] Undefined variable: homeReader F:\wamp\www\zhou\Application\Runtime\Cache\Home\c7b362820f26a672c0b7b80f124cefe2.php 第 74 行.
NOTIC: [8] Undefined variable: homeReader F:\wamp\www\zhou\Application\Runtime\Cache\Home\c7b362820f26a672c0b7b80f124cefe2.php 第 75 行.
NOTIC: [8] Undefined variable: homeReader F:\wamp\www\zhou\Application\Runtime\Cache\Home\c7b362820f26a672c0b7b80f124cefe2.php 第 84 行.
INFO: Run Behavior\ParseTemplateBehavior [ RunTime:0.060003s ]
INFO: [ view_parse ] --END-- [ RunTime:0.060003s ]
INFO: [ view_filter ] --START--
INFO: Run Behavior\WriteHtmlCacheBehavior [ RunTime:0.000000s ]
INFO: [ view_filter ] --END-- [ RunTime:0.000000s ]
INFO: [ app_end ] --START--
INFO: Run Behavior\ShowPageTraceBehavior [ RunTime:0.000000s ]
INFO: [ app_end ] --END-- [ RunTime:0.001001s ]

[ 2017-04-14T20:52:09+08:00 ] 127.0.0.1 /index.php?c=index&a=getCount
INFO: [ app_init ] --START--
INFO: Run Behavior\BuildLiteBehavior [ RunTime:0.000000s ]
INFO: [ app_init ] --END-- [ RunTime:0.001000s ]
INFO: [ app_begin ] --START--
INFO: Run Behavior\ReadHtmlCacheBehavior [ RunTime:0.000000s ]
INFO: [ app_begin ] --END-- [ RunTime:0.000000s ]
NOTIC: [2048] Declaration of Home\Controller\CommonController::error() should be compatible with Think\Controller::error($message = '', $jumpUrl = '', $ajax = false) F:\wamp\www\zhou\Application\Home\Controller\CommonController.class.php 第 31 行.

[ 2017-04-14T20:52:41+08:00 ] 127.0.0.1 /index.php?c=reader&a=registe
INFO: [ app_init ] --START--
INFO: Run Behavior\BuildLiteBehavior [ RunTime:0.000000s ]
INFO: [ app_init ] --END-- [ RunTime:0.000000s ]
INFO: [ app_begin ] --START--
INFO: Run Behavior\ReadHtmlCacheBehavior [ RunTime:0.000000s ]
INFO: [ app_begin ] --END-- [ RunTime:0.000000s ]
NOTIC: [2048] Declaration of Home\Controller\CommonController::error() should be compatible with Think\Controller::error($message = '', $jumpUrl = '', $ajax = false) F:\wamp\www\zhou\Application\Home\Controller\CommonController.class.php 第 31 行.
INFO: [ view_parse ] --START--
INFO: [ template_filter ] --START--
INFO: Run Behavior\ContentReplaceBehavior [ RunTime:0.001000s ]
INFO: [ template_filter ] --END-- [ RunTime:0.001000s ]
NOTIC: [2048] Declaration of Common\Model\BasicModel::save() should be compatible with Think\Model::save($data = '', $options = Array) F:\wamp\www\zhou\Application\Common\Model\BasicModel.class.php 第 6 行.
NOTIC: [2048] Declaration of Common\Model\BasicModel::select() should be compatible with Think\Model::select($options = Array) F:\wamp\www\zhou\Application\Common\Model\BasicModel.class.php 第 6 行.
NOTIC: [2048] Declaration of Common\Model\MenuModel::find() should be compatible with Think\Model::find($options = Array) F:\wamp\www\zhou\Application\Common\Model\MenuModel.class.php 第 92 行.
SQL: SHOW COLUMNS FROM `cms_menu` [ RunTime:0.0030s ]
SQL: SELECT * FROM `cms_menu` WHERE `status` = 1 AND `type` = 0 ORDER BY listorder desc,menu_id desc  [ RunTime:0.0010s ]
NOTIC: [8] Undefined index: homeReader F:\wamp\www\zhou\Application\Common\Common\function.php 第 62 行.
SQL: SHOW COLUMNS FROM `cms_reader` [ RunTime:0.0030s ]
SQL: SELECT `reader_id` FROM `cms_reader` WHERE ( readername="" ) LIMIT 1   [ RunTime:0.0000s ]
NOTIC: [8] Undefined variable: result F:\wamp\www\zhou\Application\Runtime\Cache\Home\6b0295c3aade8f3a5876073d94a51727.php 第 23 行.
NOTIC: [8] Undefined variable: result F:\wamp\www\zhou\Application\Runtime\Cache\Home\6b0295c3aade8f3a5876073d94a51727.php 第 24 行.
NOTIC: [8] Undefined variable: result F:\wamp\www\zhou\Application\Runtime\Cache\Home\6b0295c3aade8f3a5876073d94a51727.php 第 24 行.
NOTIC: [8] Undefined variable: result F:\wamp\www\zhou\Application\Runtime\Cache\Home\6b0295c3aade8f3a5876073d94a51727.php 第 24 行.
NOTIC: [8] Undefined variable: news F:\wamp\www\zhou\Application\Runtime\Cache\Home\6b0295c3aade8f3a5876073d94a51727.php 第 27 行.
NOTIC: [8] Undefined index: homeReader F:\wamp\www\zhou\Application\Common\Common\function.php 第 62 行.
NOTIC: [8] Undefined index: homeReader F:\wamp\www\zhou\Application\Common\Common\function.php 第 62 行.
NOTIC: [8] Undefined variable: homeReader F:\wamp\www\zhou\Application\Runtime\Cache\Home\6b0295c3aade8f3a5876073d94a51727.php 第 74 行.
NOTIC: [8] Undefined variable: homeReader F:\wamp\www\zhou\Application\Runtime\Cache\Home\6b0295c3aade8f3a5876073d94a51727.php 第 75 行.
NOTIC: [8] Undefined variable: homeReader F:\wamp\www\zhou\Application\Runtime\Cache\Home\6b0295c3aade8f3a5876073d94a51727.php 第 84 行.
INFO: Run Behavior\ParseTemplateBehavior [ RunTime:0.145009s ]
INFO: [ view_parse ] --END-- [ RunTime:0.146009s ]
INFO: [ view_filter ] --START--
INFO: Run Behavior\WriteHtmlCacheBehavior [ RunTime:0.001000s ]
INFO: [ view_filter ] --END-- [ RunTime:0.001000s ]
INFO: [ app_end ] --START--
INFO: Run Behavior\ShowPageTraceBehavior [ RunTime:0.001000s ]
INFO: [ app_end ] --END-- [ RunTime:0.001000s ]

[ 2017-04-14T20:52:41+08:00 ] 127.0.0.1 /index.php?c=index&a=getCount
INFO: [ app_init ] --START--
INFO: Run Behavior\BuildLiteBehavior [ RunTime:0.000000s ]
INFO: [ app_init ] --END-- [ RunTime:0.001000s ]
INFO: [ app_begin ] --START--
INFO: Run Behavior\ReadHtmlCacheBehavior [ RunTime:0.000000s ]
INFO: [ app_begin ] --END-- [ RunTime:0.000000s ]
NOTIC: [2048] Declaration of Home\Controller\CommonController::error() should be compatible with Think\Controller::error($message = '', $jumpUrl = '', $ajax = false) F:\wamp\www\zhou\Application\Home\Controller\CommonController.class.php 第 31 行.

[ 2017-04-14T20:55:23+08:00 ] 127.0.0.1 /index.php?c=reader&a=login
INFO: [ app_init ] --START--
INFO: Run Behavior\BuildLiteBehavior [ RunTime:0.000000s ]
INFO: [ app_init ] --END-- [ RunTime:0.001000s ]
INFO: [ app_begin ] --START--
INFO: Run Behavior\ReadHtmlCacheBehavior [ RunTime:0.001000s ]
INFO: [ app_begin ] --END-- [ RunTime:0.001000s ]
NOTIC: [2048] Declaration of Home\Controller\CommonController::error() should be compatible with Think\Controller::error($message = '', $jumpUrl = '', $ajax = false) F:\wamp\www\zhou\Application\Home\Controller\CommonController.class.php 第 31 行.
INFO: [ view_parse ] --START--
INFO: [ template_filter ] --START--
INFO: Run Behavior\ContentReplaceBehavior [ RunTime:0.000000s ]
INFO: [ template_filter ] --END-- [ RunTime:0.000000s ]
NOTIC: [2048] Declaration of Common\Model\BasicModel::save() should be compatible with Think\Model::save($data = '', $options = Array) F:\wamp\www\zhou\Application\Common\Model\BasicModel.class.php 第 6 行.
NOTIC: [2048] Declaration of Common\Model\BasicModel::select() should be compatible with Think\Model::select($options = Array) F:\wamp\www\zhou\Application\Common\Model\BasicModel.class.php 第 6 行.
NOTIC: [2048] Declaration of Common\Model\MenuModel::find() should be compatible with Think\Model::find($options = Array) F:\wamp\www\zhou\Application\Common\Model\MenuModel.class.php 第 92 行.
SQL: SHOW COLUMNS FROM `cms_menu` [ RunTime:0.0040s ]
SQL: SELECT * FROM `cms_menu` WHERE `status` = 1 AND `type` = 0 ORDER BY listorder desc,menu_id desc  [ RunTime:0.0010s ]
NOTIC: [8] Undefined index: homeReader F:\wamp\www\zhou\Application\Common\Common\function.php 第 62 行.
SQL: SHOW COLUMNS FROM `cms_reader` [ RunTime:0.0030s ]
SQL: SELECT `reader_id` FROM `cms_reader` WHERE ( readername="" ) LIMIT 1   [ RunTime:0.0000s ]
NOTIC: [8] Undefined variable: result F:\wamp\www\zhou\Application\Runtime\Cache\Home\c7b362820f26a672c0b7b80f124cefe2.php 第 23 行.
NOTIC: [8] Undefined variable: result F:\wamp\www\zhou\Application\Runtime\Cache\Home\c7b362820f26a672c0b7b80f124cefe2.php 第 24 行.
NOTIC: [8] Undefined variable: result F:\wamp\www\zhou\Application\Runtime\Cache\Home\c7b362820f26a672c0b7b80f124cefe2.php 第 24 行.
NOTIC: [8] Undefined variable: result F:\wamp\www\zhou\Application\Runtime\Cache\Home\c7b362820f26a672c0b7b80f124cefe2.php 第 24 行.
NOTIC: [8] Undefined variable: news F:\wamp\www\zhou\Application\Runtime\Cache\Home\c7b362820f26a672c0b7b80f124cefe2.php 第 27 行.
NOTIC: [8] Undefined index: homeReader F:\wamp\www\zhou\Application\Common\Common\function.php 第 62 行.
NOTIC: [8] Undefined index: homeReader F:\wamp\www\zhou\Application\Common\Common\function.php 第 62 行.
NOTIC: [8] Undefined variable: homeReader F:\wamp\www\zhou\Application\Runtime\Cache\Home\c7b362820f26a672c0b7b80f124cefe2.php 第 74 行.
NOTIC: [8] Undefined variable: homeReader F:\wamp\www\zhou\Application\Runtime\Cache\Home\c7b362820f26a672c0b7b80f124cefe2.php 第 75 行.
NOTIC: [8] Undefined variable: homeReader F:\wamp\www\zhou\Application\Runtime\Cache\Home\c7b362820f26a672c0b7b80f124cefe2.php 第 84 行.
INFO: Run Behavior\ParseTemplateBehavior [ RunTime:0.052003s ]
INFO: [ view_parse ] --END-- [ RunTime:0.052003s ]
INFO: [ view_filter ] --START--
INFO: Run Behavior\WriteHtmlCacheBehavior [ RunTime:0.000000s ]
INFO: [ view_filter ] --END-- [ RunTime:0.000000s ]
INFO: [ app_end ] --START--
INFO: Run Behavior\ShowPageTraceBehavior [ RunTime:0.001000s ]
INFO: [ app_end ] --END-- [ RunTime:0.001000s ]

[ 2017-04-14T20:55:23+08:00 ] 127.0.0.1 /index.php?c=index&a=getCount
INFO: [ app_init ] --START--
INFO: Run Behavior\BuildLiteBehavior [ RunTime:0.000000s ]
INFO: [ app_init ] --END-- [ RunTime:0.001000s ]
INFO: [ app_begin ] --START--
INFO: Run Behavior\ReadHtmlCacheBehavior [ RunTime:0.001000s ]
INFO: [ app_begin ] --END-- [ RunTime:0.001000s ]
NOTIC: [2048] Declaration of Home\Controller\CommonController::error() should be compatible with Think\Controller::error($message = '', $jumpUrl = '', $ajax = false) F:\wamp\www\zhou\Application\Home\Controller\CommonController.class.php 第 31 行.

[ 2017-04-14T20:55:32+08:00 ] 127.0.0.1 /index.php?c=reader&a=check
INFO: [ app_init ] --START--
INFO: Run Behavior\BuildLiteBehavior [ RunTime:0.000000s ]
INFO: [ app_init ] --END-- [ RunTime:0.000000s ]
INFO: [ app_begin ] --START--
INFO: Run Behavior\ReadHtmlCacheBehavior [ RunTime:0.001000s ]
INFO: [ app_begin ] --END-- [ RunTime:0.001000s ]
NOTIC: [2048] Declaration of Home\Controller\CommonController::error() should be compatible with Think\Controller::error($message = '', $jumpUrl = '', $ajax = false) F:\wamp\www\zhou\Application\Home\Controller\CommonController.class.php 第 31 行.
SQL: SHOW COLUMNS FROM `cms_reader` [ RunTime:0.0040s ]
SQL: SELECT * FROM `cms_reader` WHERE ( readername="user" ) LIMIT 1   [ RunTime:0.0000s ]
SQL: UPDATE `cms_reader` SET `lasttime`='1492174532' WHERE ( reader_id=12 ) [ RunTime:0.0530s ]

[ 2017-04-14T20:55:33+08:00 ] 127.0.0.1 /index.php?c=index
INFO: [ app_init ] --START--
INFO: Run Behavior\BuildLiteBehavior [ RunTime:0.000000s ]
INFO: [ app_init ] --END-- [ RunTime:0.001000s ]
INFO: [ app_begin ] --START--
INFO: Run Behavior\ReadHtmlCacheBehavior [ RunTime:0.000000s ]
INFO: [ app_begin ] --END-- [ RunTime:0.000000s ]
NOTIC: [2048] Declaration of Home\Controller\CommonController::error() should be compatible with Think\Controller::error($message = '', $jumpUrl = '', $ajax = false) F:\wamp\www\zhou\Application\Home\Controller\CommonController.class.php 第 31 行.
NOTIC: [8] Undefined index: search F:\wamp\www\zhou\Application\Home\Controller\IndexController.class.php 第 8 行.
NOTIC: [2048] Declaration of Common\Model\NewsModel::find() should be compatible with Think\Model::find($options = Array) F:\wamp\www\zhou\Application\Common\Model\NewsModel.class.php 第 6 行.
SQL: SHOW COLUMNS FROM `cms_news` [ RunTime:0.0030s ]
SQL: SELECT * FROM `cms_news` WHERE `status` = 1 ORDER BY count desc,news_id desc  LIMIT 10   [ RunTime:0.0010s ]
SQL: SHOW COLUMNS FROM `cms_position_content` [ RunTime:0.0040s ]
NOTIC: [8] Undefined index: title F:\wamp\www\zhou\Application\Common\Model\PositionContentModel.class.php 第 15 行.
SQL: SELECT * FROM `cms_position_content` WHERE `status` = 1 AND `position_id` = 2 ORDER BY listorder desc ,id desc LIMIT 1   [ RunTime:0.0000s ]
NOTIC: [8] Undefined index: title F:\wamp\www\zhou\Application\Common\Model\PositionContentModel.class.php 第 15 行.
SQL: SELECT * FROM `cms_position_content` WHERE `status` = 1 AND `position_id` = 3 ORDER BY listorder desc ,id desc LIMIT 3   [ RunTime:0.0010s ]
SQL: SELECT * FROM `cms_news` WHERE `status` = 1 AND `thumb` <> '' ORDER BY news_id desc LIMIT 30   [ RunTime:0.0010s ]
NOTIC: [8] Undefined index: title F:\wamp\www\zhou\Application\Common\Model\PositionContentModel.class.php 第 15 行.
SQL: SELECT * FROM `cms_position_content` WHERE `status` = 1 AND `position_id` = 5 ORDER BY listorder desc ,id desc LIMIT 2   [ RunTime:0.0010s ]
INFO: [ view_parse ] --START--
INFO: [ template_filter ] --START--
INFO: Run Behavior\ContentReplaceBehavior [ RunTime:0.000000s ]
INFO: [ template_filter ] --END-- [ RunTime:0.001000s ]
NOTIC: [2048] Declaration of Common\Model\BasicModel::save() should be compatible with Think\Model::save($data = '', $options = Array) F:\wamp\www\zhou\Application\Common\Model\BasicModel.class.php 第 27 行.
NOTIC: [2048] Declaration of Common\Model\BasicModel::select() should be compatible with Think\Model::select($options = Array) F:\wamp\www\zhou\Application\Common\Model\BasicModel.class.php 第 27 行.
NOTIC: [2048] Declaration of Common\Model\MenuModel::find() should be compatible with Think\Model::find($options = Array) F:\wamp\www\zhou\Application\Common\Model\MenuModel.class.php 第 92 行.
SQL: SHOW COLUMNS FROM `cms_menu` [ RunTime:0.0050s ]
SQL: SELECT * FROM `cms_menu` WHERE `status` = 1 AND `type` = 0 ORDER BY listorder desc,menu_id desc  [ RunTime:0.0000s ]
SQL: SHOW COLUMNS FROM `cms_reader` [ RunTime:0.0020s ]
SQL: SELECT `reader_id` FROM `cms_reader` WHERE ( readername="user" ) LIMIT 1   [ RunTime:0.0000s ]
NOTIC: [8] Array to string conversion F:\wamp\www\zhou\Application\Runtime\Cache\Home\2a94b8bda04ff446dcedd42276fc99ee.php 第 74 行.
NOTIC: [8] Array to string conversion F:\wamp\www\zhou\Application\Runtime\Cache\Home\2a94b8bda04ff446dcedd42276fc99ee.php 第 75 行.
NOTIC: [8] Array to string conversion F:\wamp\www\zhou\Application\Runtime\Cache\Home\2a94b8bda04ff446dcedd42276fc99ee.php 第 84 行.
NOTIC: [8] Undefined index: name F:\wamp\www\zhou\Application\Runtime\Cache\Home\2a94b8bda04ff446dcedd42276fc99ee.php 第 142 行.
NOTIC: [8] Undefined index: name F:\wamp\www\zhou\Application\Runtime\Cache\Home\2a94b8bda04ff446dcedd42276fc99ee.php 第 142 行.
INFO: Run Behavior\ParseTemplateBehavior [ RunTime:0.049003s ]
INFO: [ view_parse ] --END-- [ RunTime:0.049003s ]
INFO: [ view_filter ] --START--
INFO: Run Behavior\WriteHtmlCacheBehavior [ RunTime:0.000000s ]
INFO: [ view_filter ] --END-- [ RunTime:0.000000s ]
INFO: [ app_end ] --START--
INFO: Run Behavior\ShowPageTraceBehavior [ RunTime:0.001000s ]
INFO: [ app_end ] --END-- [ RunTime:0.002000s ]

[ 2017-04-14T20:55:33+08:00 ] 127.0.0.1 /index.php?c=index&a=getCount
INFO: [ app_init ] --START--
INFO: Run Behavior\BuildLiteBehavior [ RunTime:0.000000s ]
INFO: [ app_init ] --END-- [ RunTime:0.001000s ]
INFO: [ app_begin ] --START--
INFO: Run Behavior\ReadHtmlCacheBehavior [ RunTime:0.001000s ]
INFO: [ app_begin ] --END-- [ RunTime:0.001000s ]
NOTIC: [2048] Declaration of Home\Controller\CommonController::error() should be compatible with Think\Controller::error($message = '', $jumpUrl = '', $ajax = false) F:\wamp\www\zhou\Application\Home\Controller\CommonController.class.php 第 31 行.
NOTIC: [2048] Declaration of Common\Model\NewsModel::find() should be compatible with Think\Model::find($options = Array) F:\wamp\www\zhou\Application\Common\Model\NewsModel.class.php 第 6 行.
SQL: SHOW COLUMNS FROM `cms_news` [ RunTime:0.0050s ]
SQL: SELECT * FROM `cms_news` WHERE `news_id` IN ('27','29','28','26','25','24','23','22')  [ RunTime:0.0080s ]

[ 2017-04-14T20:55:39+08:00 ] 127.0.0.1 /index.php?c=detail&id=24
INFO: [ app_init ] --START--
INFO: Run Behavior\BuildLiteBehavior [ RunTime:0.000000s ]
INFO: [ app_init ] --END-- [ RunTime:0.001000s ]
INFO: [ app_begin ] --START--
INFO: Run Behavior\ReadHtmlCacheBehavior [ RunTime:0.002000s ]
INFO: [ app_begin ] --END-- [ RunTime:0.002000s ]
NOTIC: [2048] Declaration of Home\Controller\CommonController::error() should be compatible with Think\Controller::error($message = '', $jumpUrl = '', $ajax = false) F:\wamp\www\zhou\Application\Home\Controller\CommonController.class.php 第 31 行.
NOTIC: [2048] Declaration of Common\Model\NewsModel::find() should be compatible with Think\Model::find($options = Array) F:\wamp\www\zhou\Application\Common\Model\NewsModel.class.php 第 6 行.
SQL: SHOW COLUMNS FROM `cms_news` [ RunTime:0.0030s ]
SQL: SELECT * FROM `cms_news` WHERE ( news_id=24 ) LIMIT 1   [ RunTime:0.0000s ]
SQL: UPDATE `cms_news` SET `count`='33' WHERE ( news_id=24 ) [ RunTime:0.0000s ]
NOTIC: [2048] Declaration of Common\Model\NewsContentModel::find() should be compatible with Think\Model::find($options = Array) F:\wamp\www\zhou\Application\Common\Model\NewsContentModel.class.php 第 43 行.
SQL: SHOW COLUMNS FROM `cms_news_content` [ RunTime:0.1100s ]
SQL: SELECT * FROM `cms_news_content` WHERE ( news_id=24 ) LIMIT 1   [ RunTime:0.0120s ]
SQL: SHOW COLUMNS FROM `cms_position_content` [ RunTime:0.0030s ]
NOTIC: [8] Undefined index: title F:\wamp\www\zhou\Application\Common\Model\PositionContentModel.class.php 第 15 行.
SQL: SELECT * FROM `cms_position_content` WHERE `status` = 1 AND `position_id` = 5 ORDER BY listorder desc ,id desc LIMIT 2   [ RunTime:0.0000s ]
SQL: SELECT * FROM `cms_news` WHERE `status` = 1 ORDER BY count desc,news_id desc  LIMIT 10   [ RunTime:0.0010s ]
NOTIC: [2048] Declaration of Common\Model\TcModel::select() should be compatible with Think\Model::select($options = Array) F:\wamp\www\zhou\Application\Common\Model\TcModel.class.php 第 61 行.
NOTIC: [2048] Declaration of Common\Model\TcModel::find() should be compatible with Think\Model::find($options = Array) F:\wamp\www\zhou\Application\Common\Model\TcModel.class.php 第 61 行.
SQL: SHOW COLUMNS FROM `cms_tc` [ RunTime:0.1190s ]
SQL: SHOW COLUMNS FROM `cms_tc` [ RunTime:0.0040s ]
SQL: SELECT * FROM `cms_tc` `a`,`cms_reader` `b` WHERE ( a.reader_id = b.reader_id and a.news_id=24 ) ORDER BY a.tc_id desc  [ RunTime:0.0640s ]
INFO: [ view_parse ] --START--
INFO: [ template_filter ] --START--
INFO: Run Behavior\ContentReplaceBehavior [ RunTime:0.000000s ]
INFO: [ template_filter ] --END-- [ RunTime:0.000000s ]
NOTIC: [2048] Declaration of Common\Model\BasicModel::save() should be compatible with Think\Model::save($data = '', $options = Array) F:\wamp\www\zhou\Application\Common\Model\BasicModel.class.php 第 27 行.
NOTIC: [2048] Declaration of Common\Model\BasicModel::select() should be compatible with Think\Model::select($options = Array) F:\wamp\www\zhou\Application\Common\Model\BasicModel.class.php 第 27 行.
NOTIC: [2048] Declaration of Common\Model\MenuModel::find() should be compatible with Think\Model::find($options = Array) F:\wamp\www\zhou\Application\Common\Model\MenuModel.class.php 第 92 行.
SQL: SHOW COLUMNS FROM `cms_menu` [ RunTime:0.0030s ]
SQL: SELECT * FROM `cms_menu` WHERE `status` = 1 AND `type` = 0 ORDER BY listorder desc,menu_id desc  [ RunTime:0.0000s ]
SQL: SHOW COLUMNS FROM `cms_reader` [ RunTime:0.0030s ]
SQL: SELECT `reader_id` FROM `cms_reader` WHERE ( readername="user" ) LIMIT 1   [ RunTime:0.0000s ]
NOTIC: [8] Undefined variable: news F:\wamp\www\zhou\Application\Runtime\Cache\Home\0d75cb75cd30b13fdd4834afd69acb19.php 第 27 行.
NOTIC: [8] Undefined variable: homeReader F:\wamp\www\zhou\Application\Runtime\Cache\Home\0d75cb75cd30b13fdd4834afd69acb19.php 第 74 行.
NOTIC: [8] Undefined variable: homeReader F:\wamp\www\zhou\Application\Runtime\Cache\Home\0d75cb75cd30b13fdd4834afd69acb19.php 第 75 行.
NOTIC: [8] Undefined variable: homeReader F:\wamp\www\zhou\Application\Runtime\Cache\Home\0d75cb75cd30b13fdd4834afd69acb19.php 第 84 行.
NOTIC: [8] Undefined index: name F:\wamp\www\zhou\Application\Runtime\Cache\Home\0d75cb75cd30b13fdd4834afd69acb19.php 第 121 行.
NOTIC: [8] Undefined index: name F:\wamp\www\zhou\Application\Runtime\Cache\Home\0d75cb75cd30b13fdd4834afd69acb19.php 第 121 行.
NOTIC: [8] Undefined index: readername F:\wamp\www\zhou\Application\Runtime\Cache\Home\0d75cb75cd30b13fdd4834afd69acb19.php 第 145 行.
INFO: Run Behavior\ParseTemplateBehavior [ RunTime:0.074005s ]
INFO: [ view_parse ] --END-- [ RunTime:0.074005s ]
INFO: [ view_filter ] --START--
INFO: Run Behavior\WriteHtmlCacheBehavior [ RunTime:0.001000s ]
INFO: [ view_filter ] --END-- [ RunTime:0.001000s ]
INFO: [ app_end ] --START--
INFO: Run Behavior\ShowPageTraceBehavior [ RunTime:0.000000s ]
INFO: [ app_end ] --END-- [ RunTime:0.002000s ]

[ 2017-04-14T20:55:40+08:00 ] 127.0.0.1 /index.php?c=index&a=getCount
INFO: [ app_init ] --START--
INFO: Run Behavior\BuildLiteBehavior [ RunTime:0.000000s ]
INFO: [ app_init ] --END-- [ RunTime:0.001000s ]
INFO: [ app_begin ] --START--
INFO: Run Behavior\ReadHtmlCacheBehavior [ RunTime:0.001000s ]
INFO: [ app_begin ] --END-- [ RunTime:0.001000s ]
NOTIC: [2048] Declaration of Home\Controller\CommonController::error() should be compatible with Think\Controller::error($message = '', $jumpUrl = '', $ajax = false) F:\wamp\www\zhou\Application\Home\Controller\CommonController.class.php 第 31 行.

[ 2017-04-14T20:55:45+08:00 ] 127.0.0.1 /index.php?c=detail&id=22
INFO: [ app_init ] --START--
INFO: Run Behavior\BuildLiteBehavior [ RunTime:0.000000s ]
INFO: [ app_init ] --END-- [ RunTime:0.000000s ]
INFO: [ app_begin ] --START--
INFO: Run Behavior\ReadHtmlCacheBehavior [ RunTime:0.001000s ]
INFO: [ app_begin ] --END-- [ RunTime:0.001000s ]
NOTIC: [2048] Declaration of Home\Controller\CommonController::error() should be compatible with Think\Controller::error($message = '', $jumpUrl = '', $ajax = false) F:\wamp\www\zhou\Application\Home\Controller\CommonController.class.php 第 31 行.
NOTIC: [2048] Declaration of Common\Model\NewsModel::find() should be compatible with Think\Model::find($options = Array) F:\wamp\www\zhou\Application\Common\Model\NewsModel.class.php 第 6 行.
SQL: SHOW COLUMNS FROM `cms_news` [ RunTime:0.0040s ]
SQL: SELECT * FROM `cms_news` WHERE ( news_id=22 ) LIMIT 1   [ RunTime:0.0000s ]
SQL: UPDATE `cms_news` SET `count`='29' WHERE ( news_id=22 ) [ RunTime:0.0000s ]
NOTIC: [2048] Declaration of Common\Model\NewsContentModel::find() should be compatible with Think\Model::find($options = Array) F:\wamp\www\zhou\Application\Common\Model\NewsContentModel.class.php 第 43 行.
SQL: SHOW COLUMNS FROM `cms_news_content` [ RunTime:0.0030s ]
SQL: SELECT * FROM `cms_news_content` WHERE ( news_id=22 ) LIMIT 1   [ RunTime:0.0320s ]
SQL: SHOW COLUMNS FROM `cms_position_content` [ RunTime:0.0050s ]
NOTIC: [8] Undefined index: title F:\wamp\www\zhou\Application\Common\Model\PositionContentModel.class.php 第 15 行.
SQL: SELECT * FROM `cms_position_content` WHERE `status` = 1 AND `position_id` = 5 ORDER BY listorder desc ,id desc LIMIT 2   [ RunTime:0.0000s ]
SQL: SELECT * FROM `cms_news` WHERE `status` = 1 ORDER BY count desc,news_id desc  LIMIT 10   [ RunTime:0.0010s ]
NOTIC: [2048] Declaration of Common\Model\TcModel::select() should be compatible with Think\Model::select($options = Array) F:\wamp\www\zhou\Application\Common\Model\TcModel.class.php 第 61 行.
NOTIC: [2048] Declaration of Common\Model\TcModel::find() should be compatible with Think\Model::find($options = Array) F:\wamp\www\zhou\Application\Common\Model\TcModel.class.php 第 61 行.
SQL: SHOW COLUMNS FROM `cms_tc` [ RunTime:0.0030s ]
SQL: SHOW COLUMNS FROM `cms_tc` [ RunTime:0.0020s ]
SQL: SELECT * FROM `cms_tc` `a`,`cms_reader` `b` WHERE ( a.reader_id = b.reader_id and a.news_id=22 ) ORDER BY a.tc_id desc  [ RunTime:0.0000s ]
INFO: [ view_parse ] --START--
INFO: [ template_filter ] --START--
INFO: Run Behavior\ContentReplaceBehavior [ RunTime:0.000000s ]
INFO: [ template_filter ] --END-- [ RunTime:0.000000s ]
NOTIC: [2048] Declaration of Common\Model\BasicModel::save() should be compatible with Think\Model::save($data = '', $options = Array) F:\wamp\www\zhou\Application\Common\Model\BasicModel.class.php 第 27 行.
NOTIC: [2048] Declaration of Common\Model\BasicModel::select() should be compatible with Think\Model::select($options = Array) F:\wamp\www\zhou\Application\Common\Model\BasicModel.class.php 第 27 行.
NOTIC: [2048] Declaration of Common\Model\MenuModel::find() should be compatible with Think\Model::find($options = Array) F:\wamp\www\zhou\Application\Common\Model\MenuModel.class.php 第 92 行.
SQL: SHOW COLUMNS FROM `cms_menu` [ RunTime:0.0030s ]
SQL: SELECT * FROM `cms_menu` WHERE `status` = 1 AND `type` = 0 ORDER BY listorder desc,menu_id desc  [ RunTime:0.0010s ]
SQL: SHOW COLUMNS FROM `cms_reader` [ RunTime:0.0030s ]
SQL: SELECT `reader_id` FROM `cms_reader` WHERE ( readername="user" ) LIMIT 1   [ RunTime:0.0010s ]
NOTIC: [8] Undefined variable: news F:\wamp\www\zhou\Application\Runtime\Cache\Home\0d75cb75cd30b13fdd4834afd69acb19.php 第 27 行.
NOTIC: [8] Undefined variable: homeReader F:\wamp\www\zhou\Application\Runtime\Cache\Home\0d75cb75cd30b13fdd4834afd69acb19.php 第 74 行.
NOTIC: [8] Undefined variable: homeReader F:\wamp\www\zhou\Application\Runtime\Cache\Home\0d75cb75cd30b13fdd4834afd69acb19.php 第 75 行.
NOTIC: [8] Undefined variable: homeReader F:\wamp\www\zhou\Application\Runtime\Cache\Home\0d75cb75cd30b13fdd4834afd69acb19.php 第 84 行.
NOTIC: [8] Undefined index: name F:\wamp\www\zhou\Application\Runtime\Cache\Home\0d75cb75cd30b13fdd4834afd69acb19.php 第 121 行.
NOTIC: [8] Undefined index: name F:\wamp\www\zhou\Application\Runtime\Cache\Home\0d75cb75cd30b13fdd4834afd69acb19.php 第 121 行.
NOTIC: [8] Undefined index: readername F:\wamp\www\zhou\Application\Runtime\Cache\Home\0d75cb75cd30b13fdd4834afd69acb19.php 第 145 行.
INFO: Run Behavior\ParseTemplateBehavior [ RunTime:0.046003s ]
INFO: [ view_parse ] --END-- [ RunTime:0.046003s ]
INFO: [ view_filter ] --START--
INFO: Run Behavior\WriteHtmlCacheBehavior [ RunTime:0.000000s ]
INFO: [ view_filter ] --END-- [ RunTime:0.000000s ]
INFO: [ app_end ] --START--
INFO: Run Behavior\ShowPageTraceBehavior [ RunTime:0.001000s ]
INFO: [ app_end ] --END-- [ RunTime:0.002000s ]

[ 2017-04-14T20:55:45+08:00 ] 127.0.0.1 /index.php?c=index&a=getCount
INFO: [ app_init ] --START--
INFO: Run Behavior\BuildLiteBehavior [ RunTime:0.000000s ]
INFO: [ app_init ] --END-- [ RunTime:0.001000s ]
INFO: [ app_begin ] --START--
INFO: Run Behavior\ReadHtmlCacheBehavior [ RunTime:0.001000s ]
INFO: [ app_begin ] --END-- [ RunTime:0.002000s ]
NOTIC: [2048] Declaration of Home\Controller\CommonController::error() should be compatible with Think\Controller::error($message = '', $jumpUrl = '', $ajax = false) F:\wamp\www\zhou\Application\Home\Controller\CommonController.class.php 第 31 行.

[ 2017-04-14T20:55:48+08:00 ] 127.0.0.1 /index.php?c=detail&id=27
INFO: [ app_init ] --START--
INFO: Run Behavior\BuildLiteBehavior [ RunTime:0.000000s ]
INFO: [ app_init ] --END-- [ RunTime:0.001000s ]
INFO: [ app_begin ] --START--
INFO: Run Behavior\ReadHtmlCacheBehavior [ RunTime:0.001000s ]
INFO: [ app_begin ] --END-- [ RunTime:0.001000s ]
NOTIC: [2048] Declaration of Home\Controller\CommonController::error() should be compatible with Think\Controller::error($message = '', $jumpUrl = '', $ajax = false) F:\wamp\www\zhou\Application\Home\Controller\CommonController.class.php 第 31 行.
NOTIC: [2048] Declaration of Common\Model\NewsModel::find() should be compatible with Think\Model::find($options = Array) F:\wamp\www\zhou\Application\Common\Model\NewsModel.class.php 第 6 行.
SQL: SHOW COLUMNS FROM `cms_news` [ RunTime:0.0060s ]
SQL: SELECT * FROM `cms_news` WHERE ( news_id=27 ) LIMIT 1   [ RunTime:0.0010s ]
SQL: UPDATE `cms_news` SET `count`='199' WHERE ( news_id=27 ) [ RunTime:0.0010s ]
NOTIC: [2048] Declaration of Common\Model\NewsContentModel::find() should be compatible with Think\Model::find($options = Array) F:\wamp\www\zhou\Application\Common\Model\NewsContentModel.class.php 第 43 行.
SQL: SHOW COLUMNS FROM `cms_news_content` [ RunTime:0.0030s ]
SQL: SELECT * FROM `cms_news_content` WHERE ( news_id=27 ) LIMIT 1   [ RunTime:0.1000s ]
SQL: SHOW COLUMNS FROM `cms_position_content` [ RunTime:0.0040s ]
NOTIC: [8] Undefined index: title F:\wamp\www\zhou\Application\Common\Model\PositionContentModel.class.php 第 15 行.
SQL: SELECT * FROM `cms_position_content` WHERE `status` = 1 AND `position_id` = 5 ORDER BY listorder desc ,id desc LIMIT 2   [ RunTime:0.0010s ]
SQL: SELECT * FROM `cms_news` WHERE `status` = 1 ORDER BY count desc,news_id desc  LIMIT 10   [ RunTime:0.0000s ]
NOTIC: [2048] Declaration of Common\Model\TcModel::select() should be compatible with Think\Model::select($options = Array) F:\wamp\www\zhou\Application\Common\Model\TcModel.class.php 第 61 行.
NOTIC: [2048] Declaration of Common\Model\TcModel::find() should be compatible with Think\Model::find($options = Array) F:\wamp\www\zhou\Application\Common\Model\TcModel.class.php 第 61 行.
SQL: SHOW COLUMNS FROM `cms_tc` [ RunTime:0.0030s ]
SQL: SHOW COLUMNS FROM `cms_tc` [ RunTime:0.0030s ]
SQL: SELECT * FROM `cms_tc` `a`,`cms_reader` `b` WHERE ( a.reader_id = b.reader_id and a.news_id=27 ) ORDER BY a.tc_id desc  [ RunTime:0.0010s ]
INFO: [ view_parse ] --START--
INFO: [ template_filter ] --START--
INFO: Run Behavior\ContentReplaceBehavior [ RunTime:0.001001s ]
INFO: [ template_filter ] --END-- [ RunTime:0.001001s ]
NOTIC: [2048] Declaration of Common\Model\BasicModel::save() should be compatible with Think\Model::save($data = '', $options = Array) F:\wamp\www\zhou\Application\Common\Model\BasicModel.class.php 第 27 行.
NOTIC: [2048] Declaration of Common\Model\BasicModel::select() should be compatible with Think\Model::select($options = Array) F:\wamp\www\zhou\Application\Common\Model\BasicModel.class.php 第 27 行.
NOTIC: [2048] Declaration of Common\Model\MenuModel::find() should be compatible with Think\Model::find($options = Array) F:\wamp\www\zhou\Application\Common\Model\MenuModel.class.php 第 92 行.
SQL: SHOW COLUMNS FROM `cms_menu` [ RunTime:0.0030s ]
SQL: SELECT * FROM `cms_menu` WHERE `status` = 1 AND `type` = 0 ORDER BY listorder desc,menu_id desc  [ RunTime:0.0000s ]
SQL: SHOW COLUMNS FROM `cms_reader` [ RunTime:0.0040s ]
SQL: SELECT `reader_id` FROM `cms_reader` WHERE ( readername="user" ) LIMIT 1   [ RunTime:0.0010s ]
NOTIC: [8] Undefined variable: news F:\wamp\www\zhou\Application\Runtime\Cache\Home\0d75cb75cd30b13fdd4834afd69acb19.php 第 27 行.
NOTIC: [8] Undefined variable: homeReader F:\wamp\www\zhou\Application\Runtime\Cache\Home\0d75cb75cd30b13fdd4834afd69acb19.php 第 74 行.
NOTIC: [8] Undefined variable: homeReader F:\wamp\www\zhou\Application\Runtime\Cache\Home\0d75cb75cd30b13fdd4834afd69acb19.php 第 75 行.
NOTIC: [8] Undefined variable: homeReader F:\wamp\www\zhou\Application\Runtime\Cache\Home\0d75cb75cd30b13fdd4834afd69acb19.php 第 84 行.
NOTIC: [8] Undefined index: name F:\wamp\www\zhou\Application\Runtime\Cache\Home\0d75cb75cd30b13fdd4834afd69acb19.php 第 121 行.
NOTIC: [8] Undefined index: name F:\wamp\www\zhou\Application\Runtime\Cache\Home\0d75cb75cd30b13fdd4834afd69acb19.php 第 121 行.
INFO: Run Behavior\ParseTemplateBehavior [ RunTime:0.044003s ]
INFO: [ view_parse ] --END-- [ RunTime:0.044003s ]
INFO: [ view_filter ] --START--
INFO: Run Behavior\WriteHtmlCacheBehavior [ RunTime:0.000000s ]
INFO: [ view_filter ] --END-- [ RunTime:0.001000s ]
INFO: [ app_end ] --START--
INFO: Run Behavior\ShowPageTraceBehavior [ RunTime:0.001000s ]
INFO: [ app_end ] --END-- [ RunTime:0.001000s ]

[ 2017-04-14T20:55:49+08:00 ] 127.0.0.1 /index.php?c=index&a=getCount
INFO: [ app_init ] --START--
INFO: Run Behavior\BuildLiteBehavior [ RunTime:0.000000s ]
INFO: [ app_init ] --END-- [ RunTime:0.001000s ]
INFO: [ app_begin ] --START--
INFO: Run Behavior\ReadHtmlCacheBehavior [ RunTime:0.002000s ]
INFO: [ app_begin ] --END-- [ RunTime:0.002000s ]
NOTIC: [2048] Declaration of Home\Controller\CommonController::error() should be compatible with Think\Controller::error($message = '', $jumpUrl = '', $ajax = false) F:\wamp\www\zhou\Application\Home\Controller\CommonController.class.php 第 31 行.

[ 2017-04-14T20:55:55+08:00 ] 127.0.0.1 /index.php?c=detail&id=28
INFO: [ app_init ] --START--
INFO: Run Behavior\BuildLiteBehavior [ RunTime:0.000000s ]
INFO: [ app_init ] --END-- [ RunTime:0.001000s ]
INFO: [ app_begin ] --START--
INFO: Run Behavior\ReadHtmlCacheBehavior [ RunTime:0.001000s ]
INFO: [ app_begin ] --END-- [ RunTime:0.001000s ]
NOTIC: [2048] Declaration of Home\Controller\CommonController::error() should be compatible with Think\Controller::error($message = '', $jumpUrl = '', $ajax = false) F:\wamp\www\zhou\Application\Home\Controller\CommonController.class.php 第 31 行.
NOTIC: [2048] Declaration of Common\Model\NewsModel::find() should be compatible with Think\Model::find($options = Array) F:\wamp\www\zhou\Application\Common\Model\NewsModel.class.php 第 6 行.
SQL: SHOW COLUMNS FROM `cms_news` [ RunTime:0.0030s ]
SQL: SELECT * FROM `cms_news` WHERE ( news_id=28 ) LIMIT 1   [ RunTime:0.0010s ]
SQL: UPDATE `cms_news` SET `count`='98' WHERE ( news_id=28 ) [ RunTime:0.0000s ]
NOTIC: [2048] Declaration of Common\Model\NewsContentModel::find() should be compatible with Think\Model::find($options = Array) F:\wamp\www\zhou\Application\Common\Model\NewsContentModel.class.php 第 43 行.
SQL: SHOW COLUMNS FROM `cms_news_content` [ RunTime:0.0030s ]
SQL: SELECT * FROM `cms_news_content` WHERE ( news_id=28 ) LIMIT 1   [ RunTime:0.0150s ]
SQL: SHOW COLUMNS FROM `cms_position_content` [ RunTime:0.0030s ]
NOTIC: [8] Undefined index: title F:\wamp\www\zhou\Application\Common\Model\PositionContentModel.class.php 第 15 行.
SQL: SELECT * FROM `cms_position_content` WHERE `status` = 1 AND `position_id` = 5 ORDER BY listorder desc ,id desc LIMIT 2   [ RunTime:0.0000s ]
SQL: SELECT * FROM `cms_news` WHERE `status` = 1 ORDER BY count desc,news_id desc  LIMIT 10   [ RunTime:0.0000s ]
NOTIC: [2048] Declaration of Common\Model\TcModel::select() should be compatible with Think\Model::select($options = Array) F:\wamp\www\zhou\Application\Common\Model\TcModel.class.php 第 61 行.
NOTIC: [2048] Declaration of Common\Model\TcModel::find() should be compatible with Think\Model::find($options = Array) F:\wamp\www\zhou\Application\Common\Model\TcModel.class.php 第 61 行.
SQL: SHOW COLUMNS FROM `cms_tc` [ RunTime:0.0050s ]
SQL: SHOW COLUMNS FROM `cms_tc` [ RunTime:0.0030s ]
SQL: SELECT * FROM `cms_tc` `a`,`cms_reader` `b` WHERE ( a.reader_id = b.reader_id and a.news_id=28 ) ORDER BY a.tc_id desc  [ RunTime:0.0000s ]
INFO: [ view_parse ] --START--
INFO: [ template_filter ] --START--
INFO: Run Behavior\ContentReplaceBehavior [ RunTime:0.000000s ]
INFO: [ template_filter ] --END-- [ RunTime:0.001000s ]
NOTIC: [2048] Declaration of Common\Model\BasicModel::save() should be compatible with Think\Model::save($data = '', $options = Array) F:\wamp\www\zhou\Application\Common\Model\BasicModel.class.php 第 27 行.
NOTIC: [2048] Declaration of Common\Model\BasicModel::select() should be compatible with Think\Model::select($options = Array) F:\wamp\www\zhou\Application\Common\Model\BasicModel.class.php 第 27 行.
NOTIC: [2048] Declaration of Common\Model\MenuModel::find() should be compatible with Think\Model::find($options = Array) F:\wamp\www\zhou\Application\Common\Model\MenuModel.class.php 第 92 行.
SQL: SHOW COLUMNS FROM `cms_menu` [ RunTime:0.0030s ]
SQL: SELECT * FROM `cms_menu` WHERE `status` = 1 AND `type` = 0 ORDER BY listorder desc,menu_id desc  [ RunTime:0.0010s ]
SQL: SHOW COLUMNS FROM `cms_reader` [ RunTime:0.0040s ]
SQL: SELECT `reader_id` FROM `cms_reader` WHERE ( readername="user" ) LIMIT 1   [ RunTime:0.0000s ]
NOTIC: [8] Undefined variable: news F:\wamp\www\zhou\Application\Runtime\Cache\Home\0d75cb75cd30b13fdd4834afd69acb19.php 第 27 行.
NOTIC: [8] Undefined variable: homeReader F:\wamp\www\zhou\Application\Runtime\Cache\Home\0d75cb75cd30b13fdd4834afd69acb19.php 第 74 行.
NOTIC: [8] Undefined variable: homeReader F:\wamp\www\zhou\Application\Runtime\Cache\Home\0d75cb75cd30b13fdd4834afd69acb19.php 第 75 行.
NOTIC: [8] Undefined variable: homeReader F:\wamp\www\zhou\Application\Runtime\Cache\Home\0d75cb75cd30b13fdd4834afd69acb19.php 第 84 行.
NOTIC: [8] Undefined index: name F:\wamp\www\zhou\Application\Runtime\Cache\Home\0d75cb75cd30b13fdd4834afd69acb19.php 第 121 行.
NOTIC: [8] Undefined index: name F:\wamp\www\zhou\Application\Runtime\Cache\Home\0d75cb75cd30b13fdd4834afd69acb19.php 第 121 行.
INFO: Run Behavior\ParseTemplateBehavior [ RunTime:0.048003s ]
INFO: [ view_parse ] --END-- [ RunTime:0.048003s ]
INFO: [ view_filter ] --START--
INFO: Run Behavior\WriteHtmlCacheBehavior [ RunTime:0.000000s ]
INFO: [ view_filter ] --END-- [ RunTime:0.001000s ]
INFO: [ app_end ] --START--
INFO: Run Behavior\ShowPageTraceBehavior [ RunTime:0.000000s ]
INFO: [ app_end ] --END-- [ RunTime:0.001000s ]

[ 2017-04-14T20:55:55+08:00 ] 127.0.0.1 /index.php?c=index&a=getCount
INFO: [ app_init ] --START--
INFO: Run Behavior\BuildLiteBehavior [ RunTime:0.000000s ]
INFO: [ app_init ] --END-- [ RunTime:0.001000s ]
INFO: [ app_begin ] --START--
INFO: Run Behavior\ReadHtmlCacheBehavior [ RunTime:0.001000s ]
INFO: [ app_begin ] --END-- [ RunTime:0.001000s ]
NOTIC: [2048] Declaration of Home\Controller\CommonController::error() should be compatible with Think\Controller::error($message = '', $jumpUrl = '', $ajax = false) F:\wamp\www\zhou\Application\Home\Controller\CommonController.class.php 第 31 行.

[ 2017-04-14T20:55:59+08:00 ] 127.0.0.1 /index.php?c=detail&id=29
INFO: [ app_init ] --START--
INFO: Run Behavior\BuildLiteBehavior [ RunTime:0.001001s ]
INFO: [ app_init ] --END-- [ RunTime:0.001001s ]
INFO: [ app_begin ] --START--
INFO: Run Behavior\ReadHtmlCacheBehavior [ RunTime:0.001000s ]
INFO: [ app_begin ] --END-- [ RunTime:0.001000s ]
NOTIC: [2048] Declaration of Home\Controller\CommonController::error() should be compatible with Think\Controller::error($message = '', $jumpUrl = '', $ajax = false) F:\wamp\www\zhou\Application\Home\Controller\CommonController.class.php 第 31 行.
NOTIC: [2048] Declaration of Common\Model\NewsModel::find() should be compatible with Think\Model::find($options = Array) F:\wamp\www\zhou\Application\Common\Model\NewsModel.class.php 第 6 行.
SQL: SHOW COLUMNS FROM `cms_news` [ RunTime:0.0050s ]
SQL: SELECT * FROM `cms_news` WHERE ( news_id=29 ) LIMIT 1   [ RunTime:0.0010s ]
SQL: UPDATE `cms_news` SET `count`='25' WHERE ( news_id=29 ) [ RunTime:0.0010s ]
NOTIC: [2048] Declaration of Common\Model\NewsContentModel::find() should be compatible with Think\Model::find($options = Array) F:\wamp\www\zhou\Application\Common\Model\NewsContentModel.class.php 第 43 行.
SQL: SHOW COLUMNS FROM `cms_news_content` [ RunTime:0.0030s ]
SQL: SELECT * FROM `cms_news_content` WHERE ( news_id=29 ) LIMIT 1   [ RunTime:0.0000s ]
SQL: SHOW COLUMNS FROM `cms_position_content` [ RunTime:0.0040s ]
NOTIC: [8] Undefined index: title F:\wamp\www\zhou\Application\Common\Model\PositionContentModel.class.php 第 15 行.
SQL: SELECT * FROM `cms_position_content` WHERE `status` = 1 AND `position_id` = 5 ORDER BY listorder desc ,id desc LIMIT 2   [ RunTime:0.0010s ]
SQL: SELECT * FROM `cms_news` WHERE `status` = 1 ORDER BY count desc,news_id desc  LIMIT 10   [ RunTime:0.0000s ]
NOTIC: [2048] Declaration of Common\Model\TcModel::select() should be compatible with Think\Model::select($options = Array) F:\wamp\www\zhou\Application\Common\Model\TcModel.class.php 第 61 行.
NOTIC: [2048] Declaration of Common\Model\TcModel::find() should be compatible with Think\Model::find($options = Array) F:\wamp\www\zhou\Application\Common\Model\TcModel.class.php 第 61 行.
SQL: SHOW COLUMNS FROM `cms_tc` [ RunTime:0.0030s ]
SQL: SHOW COLUMNS FROM `cms_tc` [ RunTime:0.0030s ]
SQL: SELECT * FROM `cms_tc` `a`,`cms_reader` `b` WHERE ( a.reader_id = b.reader_id and a.news_id=29 ) ORDER BY a.tc_id desc  [ RunTime:0.0010s ]
INFO: [ view_parse ] --START--
INFO: [ template_filter ] --START--
INFO: Run Behavior\ContentReplaceBehavior [ RunTime:0.001000s ]
INFO: [ template_filter ] --END-- [ RunTime:0.001000s ]
NOTIC: [2048] Declaration of Common\Model\BasicModel::save() should be compatible with Think\Model::save($data = '', $options = Array) F:\wamp\www\zhou\Application\Common\Model\BasicModel.class.php 第 27 行.
NOTIC: [2048] Declaration of Common\Model\BasicModel::select() should be compatible with Think\Model::select($options = Array) F:\wamp\www\zhou\Application\Common\Model\BasicModel.class.php 第 27 行.
NOTIC: [2048] Declaration of Common\Model\MenuModel::find() should be compatible with Think\Model::find($options = Array) F:\wamp\www\zhou\Application\Common\Model\MenuModel.class.php 第 92 行.
SQL: SHOW COLUMNS FROM `cms_menu` [ RunTime:0.0040s ]
SQL: SELECT * FROM `cms_menu` WHERE `status` = 1 AND `type` = 0 ORDER BY listorder desc,menu_id desc  [ RunTime:0.0000s ]
SQL: SHOW COLUMNS FROM `cms_reader` [ RunTime:0.0030s ]
SQL: SELECT `reader_id` FROM `cms_reader` WHERE ( readername="user" ) LIMIT 1   [ RunTime:0.0010s ]
NOTIC: [8] Undefined variable: news F:\wamp\www\zhou\Application\Runtime\Cache\Home\0d75cb75cd30b13fdd4834afd69acb19.php 第 27 行.
NOTIC: [8] Undefined variable: homeReader F:\wamp\www\zhou\Application\Runtime\Cache\Home\0d75cb75cd30b13fdd4834afd69acb19.php 第 74 行.
NOTIC: [8] Undefined variable: homeReader F:\wamp\www\zhou\Application\Runtime\Cache\Home\0d75cb75cd30b13fdd4834afd69acb19.php 第 75 行.
NOTIC: [8] Undefined variable: homeReader F:\wamp\www\zhou\Application\Runtime\Cache\Home\0d75cb75cd30b13fdd4834afd69acb19.php 第 84 行.
NOTIC: [8] Undefined index: name F:\wamp\www\zhou\Application\Runtime\Cache\Home\0d75cb75cd30b13fdd4834afd69acb19.php 第 121 行.
NOTIC: [8] Undefined index: name F:\wamp\www\zhou\Application\Runtime\Cache\Home\0d75cb75cd30b13fdd4834afd69acb19.php 第 121 行.
INFO: Run Behavior\ParseTemplateBehavior [ RunTime:0.045003s ]
INFO: [ view_parse ] --END-- [ RunTime:0.045003s ]
INFO: [ view_filter ] --START--
INFO: Run Behavior\WriteHtmlCacheBehavior [ RunTime:0.001000s ]
INFO: [ view_filter ] --END-- [ RunTime:0.001000s ]
INFO: [ app_end ] --START--
INFO: Run Behavior\ShowPageTraceBehavior [ RunTime:0.001000s ]
INFO: [ app_end ] --END-- [ RunTime:0.001000s ]

[ 2017-04-14T20:56:00+08:00 ] 127.0.0.1 /index.php?c=index&a=getCount
INFO: [ app_init ] --START--
INFO: Run Behavior\BuildLiteBehavior [ RunTime:0.000000s ]
INFO: [ app_init ] --END-- [ RunTime:0.002000s ]
INFO: [ app_begin ] --START--
INFO: Run Behavior\ReadHtmlCacheBehavior [ RunTime:0.001001s ]
INFO: [ app_begin ] --END-- [ RunTime:0.001001s ]
NOTIC: [2048] Declaration of Home\Controller\CommonController::error() should be compatible with Think\Controller::error($message = '', $jumpUrl = '', $ajax = false) F:\wamp\www\zhou\Application\Home\Controller\CommonController.class.php 第 31 行.

[ 2017-04-14T20:58:13+08:00 ] 127.0.0.1 /index.php?m=Home&c=Detail&a=tc
INFO: [ app_init ] --START--
INFO: Run Behavior\BuildLiteBehavior [ RunTime:0.000000s ]
INFO: [ app_init ] --END-- [ RunTime:0.001000s ]
INFO: [ app_begin ] --START--
INFO: Run Behavior\ReadHtmlCacheBehavior [ RunTime:0.001000s ]
INFO: [ app_begin ] --END-- [ RunTime:0.001000s ]
NOTIC: [2048] Declaration of Home\Controller\CommonController::error() should be compatible with Think\Controller::error($message = '', $jumpUrl = '', $ajax = false) F:\wamp\www\zhou\Application\Home\Controller\CommonController.class.php 第 31 行.
SQL: SHOW COLUMNS FROM `cms_reader` [ RunTime:0.0030s ]
SQL: SELECT `reader_id` FROM `cms_reader` WHERE ( readername="user" ) LIMIT 1   [ RunTime:0.0000s ]

[ 2017-04-14T21:25:23+08:00 ] 127.0.0.1 /index.php?c=detail&a=view&id=26
INFO: [ app_init ] --START--
INFO: Run Behavior\BuildLiteBehavior [ RunTime:0.000000s ]
INFO: [ app_init ] --END-- [ RunTime:0.001000s ]
INFO: [ app_begin ] --START--
INFO: Run Behavior\ReadHtmlCacheBehavior [ RunTime:0.000000s ]
INFO: [ app_begin ] --END-- [ RunTime:0.000000s ]
NOTIC: [2048] Declaration of Home\Controller\CommonController::error() should be compatible with Think\Controller::error($message = '', $jumpUrl = '', $ajax = false) F:\wamp\www\zhou\Application\Home\Controller\CommonController.class.php 第 31 行.
NOTIC: [2048] Declaration of Common\Model\NewsModel::find() should be compatible with Think\Model::find($options = Array) F:\wamp\www\zhou\Application\Common\Model\NewsModel.class.php 第 6 行.
SQL: SHOW COLUMNS FROM `cms_news` [ RunTime:0.0030s ]
SQL: SELECT * FROM `cms_news` WHERE ( news_id=26 ) LIMIT 1   [ RunTime:0.0010s ]
SQL: UPDATE `cms_news` SET `count`='120' WHERE ( news_id=26 ) [ RunTime:0.0010s ]
NOTIC: [2048] Declaration of Common\Model\NewsContentModel::find() should be compatible with Think\Model::find($options = Array) F:\wamp\www\zhou\Application\Common\Model\NewsContentModel.class.php 第 43 行.
SQL: SHOW COLUMNS FROM `cms_news_content` [ RunTime:0.0030s ]
SQL: SELECT * FROM `cms_news_content` WHERE ( news_id=26 ) LIMIT 1   [ RunTime:0.0010s ]
SQL: SHOW COLUMNS FROM `cms_position_content` [ RunTime:0.0030s ]
NOTIC: [8] Undefined index: title F:\wamp\www\zhou\Application\Common\Model\PositionContentModel.class.php 第 15 行.
SQL: SELECT * FROM `cms_position_content` WHERE `status` = 1 AND `position_id` = 5 ORDER BY listorder desc ,id desc LIMIT 2   [ RunTime:0.0000s ]
SQL: SELECT * FROM `cms_news` WHERE `status` = 1 ORDER BY count desc,news_id desc  LIMIT 10   [ RunTime:0.0010s ]
NOTIC: [2048] Declaration of Common\Model\TcModel::select() should be compatible with Think\Model::select($options = Array) F:\wamp\www\zhou\Application\Common\Model\TcModel.class.php 第 61 行.
NOTIC: [2048] Declaration of Common\Model\TcModel::find() should be compatible with Think\Model::find($options = Array) F:\wamp\www\zhou\Application\Common\Model\TcModel.class.php 第 61 行.
SQL: SHOW COLUMNS FROM `cms_tc` [ RunTime:0.0040s ]
SQL: SHOW COLUMNS FROM `cms_tc` [ RunTime:0.0030s ]
SQL: SELECT * FROM `cms_tc` `a`,`cms_reader` `b` WHERE ( a.reader_id = b.reader_id and a.news_id=26 ) ORDER BY a.tc_id desc  [ RunTime:0.0000s ]
INFO: [ view_parse ] --START--
INFO: [ template_filter ] --START--
INFO: Run Behavior\ContentReplaceBehavior [ RunTime:0.000000s ]
INFO: [ template_filter ] --END-- [ RunTime:0.000000s ]
NOTIC: [2048] Declaration of Common\Model\BasicModel::save() should be compatible with Think\Model::save($data = '', $options = Array) F:\wamp\www\zhou\Application\Common\Model\BasicModel.class.php 第 27 行.
NOTIC: [2048] Declaration of Common\Model\BasicModel::select() should be compatible with Think\Model::select($options = Array) F:\wamp\www\zhou\Application\Common\Model\BasicModel.class.php 第 27 行.
NOTIC: [2048] Declaration of Common\Model\MenuModel::find() should be compatible with Think\Model::find($options = Array) F:\wamp\www\zhou\Application\Common\Model\MenuModel.class.php 第 92 行.
SQL: SHOW COLUMNS FROM `cms_menu` [ RunTime:0.0030s ]
SQL: SELECT * FROM `cms_menu` WHERE `status` = 1 AND `type` = 0 ORDER BY listorder desc,menu_id desc  [ RunTime:0.0000s ]
SQL: SHOW COLUMNS FROM `cms_reader` [ RunTime:0.0040s ]
SQL: SELECT `reader_id` FROM `cms_reader` WHERE ( readername="user" ) LIMIT 1   [ RunTime:0.0010s ]
NOTIC: [8] Undefined variable: news F:\wamp\www\zhou\Application\Runtime\Cache\Home\0d75cb75cd30b13fdd4834afd69acb19.php 第 27 行.
NOTIC: [8] Undefined variable: homeReader F:\wamp\www\zhou\Application\Runtime\Cache\Home\0d75cb75cd30b13fdd4834afd69acb19.php 第 74 行.
NOTIC: [8] Undefined variable: homeReader F:\wamp\www\zhou\Application\Runtime\Cache\Home\0d75cb75cd30b13fdd4834afd69acb19.php 第 75 行.
NOTIC: [8] Undefined variable: homeReader F:\wamp\www\zhou\Application\Runtime\Cache\Home\0d75cb75cd30b13fdd4834afd69acb19.php 第 84 行.
NOTIC: [8] Undefined index: name F:\wamp\www\zhou\Application\Runtime\Cache\Home\0d75cb75cd30b13fdd4834afd69acb19.php 第 121 行.
NOTIC: [8] Undefined index: name F:\wamp\www\zhou\Application\Runtime\Cache\Home\0d75cb75cd30b13fdd4834afd69acb19.php 第 121 行.
INFO: Run Behavior\ParseTemplateBehavior [ RunTime:0.047003s ]
INFO: [ view_parse ] --END-- [ RunTime:0.047003s ]
INFO: [ view_filter ] --START--
INFO: Run Behavior\WriteHtmlCacheBehavior [ RunTime:0.001000s ]
INFO: [ view_filter ] --END-- [ RunTime:0.001000s ]
INFO: [ app_end ] --START--
INFO: Run Behavior\ShowPageTraceBehavior [ RunTime:0.001000s ]
INFO: [ app_end ] --END-- [ RunTime:0.002000s ]

[ 2017-04-14T21:25:23+08:00 ] 127.0.0.1 /index.php?c=index&a=getCount
INFO: [ app_init ] --START--
INFO: Run Behavior\BuildLiteBehavior [ RunTime:0.000000s ]
INFO: [ app_init ] --END-- [ RunTime:0.001000s ]
INFO: [ app_begin ] --START--
INFO: Run Behavior\ReadHtmlCacheBehavior [ RunTime:0.001000s ]
INFO: [ app_begin ] --END-- [ RunTime:0.002001s ]
NOTIC: [2048] Declaration of Home\Controller\CommonController::error() should be compatible with Think\Controller::error($message = '', $jumpUrl = '', $ajax = false) F:\wamp\www\zhou\Application\Home\Controller\CommonController.class.php 第 31 行.

