[ 2017-04-06T22:33:35+08:00 ] 127.0.0.1 /admin.php
INFO: [ app_init ] --START--
INFO: Run Behavior\BuildLiteBehavior [ RunTime:0.000000s ]
INFO: [ app_init ] --END-- [ RunTime:0.001000s ]
INFO: [ app_begin ] --START--
INFO: Run Behavior\ReadHtmlCacheBehavior [ RunTime:0.001000s ]
INFO: [ app_begin ] --END-- [ RunTime:0.001000s ]
NOTIC: [8] Undefined variable: sing_path F:\wamp\www\zhou\ThinkPHP\Common\functions.php 第 991 行.
NOTIC: [8] Undefined variable: module F:\wamp\www\zhou\ThinkPHP\Common\functions.php 第 994 行.
NOTIC: [8] Undefined variable: var F:\wamp\www\zhou\ThinkPHP\Common\functions.php 第 997 行.
NOTIC: [2] array_reverse() expects parameter 1 to be array, null given F:\wamp\www\zhou\ThinkPHP\Common\functions.php 第 997 行.
NOTIC: [2] http_build_query(): Parameter 1 expected to be Array or Object.  Incorrect value given F:\wamp\www\zhou\ThinkPHP\Common\functions.php 第 997 行.

[ 2017-04-06T22:33:35+08:00 ] 127.0.0.1 /admin.php?&c=login
INFO: [ app_init ] --START--
INFO: Run Behavior\BuildLiteBehavior [ RunTime:0.000000s ]
INFO: [ app_init ] --END-- [ RunTime:0.001000s ]
INFO: [ app_begin ] --START--
INFO: Run Behavior\ReadHtmlCacheBehavior [ RunTime:0.002000s ]
INFO: [ app_begin ] --END-- [ RunTime:0.002000s ]
INFO: [ view_parse ] --START--
INFO: [ template_filter ] --START--
INFO: Run Behavior\ContentReplaceBehavior [ RunTime:0.000000s ]
INFO: [ template_filter ] --END-- [ RunTime:0.000000s ]
INFO: Run Behavior\ParseTemplateBehavior [ RunTime:0.019001s ]
INFO: [ view_parse ] --END-- [ RunTime:0.020001s ]
INFO: [ view_filter ] --START--
INFO: Run Behavior\WriteHtmlCacheBehavior [ RunTime:0.001000s ]
INFO: [ view_filter ] --END-- [ RunTime:0.001000s ]
INFO: [ app_end ] --START--
INFO: Run Behavior\ShowPageTraceBehavior [ RunTime:0.001000s ]
INFO: [ app_end ] --END-- [ RunTime:0.003000s ]

[ 2017-04-06T22:33:42+08:00 ] 127.0.0.1 /admin.php?c=login&a=check
INFO: [ app_init ] --START--
INFO: Run Behavior\BuildLiteBehavior [ RunTime:0.000000s ]
INFO: [ app_init ] --END-- [ RunTime:0.001000s ]
INFO: [ app_begin ] --START--
INFO: Run Behavior\ReadHtmlCacheBehavior [ RunTime:0.001000s ]
INFO: [ app_begin ] --END-- [ RunTime:0.001000s ]
SQL: SHOW COLUMNS FROM `cms_admin` [ RunTime:0.0820s ]
SQL: SELECT * FROM `cms_admin` WHERE ( username="admin" ) LIMIT 1   [ RunTime:0.0000s ]
SQL: UPDATE `cms_admin` SET `lastlogintime`='1491489222' WHERE ( admin_id=1 ) [ RunTime:0.0000s ]

[ 2017-04-06T22:33:43+08:00 ] 127.0.0.1 /admin.php?c=index
INFO: [ app_init ] --START--
INFO: Run Behavior\BuildLiteBehavior [ RunTime:0.000000s ]
INFO: [ app_init ] --END-- [ RunTime:0.001000s ]
INFO: [ app_begin ] --START--
INFO: Run Behavior\ReadHtmlCacheBehavior [ RunTime:0.001000s ]
INFO: [ app_begin ] --END-- [ RunTime:0.001000s ]
NOTIC: [2048] Declaration of Common\Model\NewsModel::find() should be compatible with Think\Model::find($options = Array) F:\wamp\www\zhou\Application\Common\Model\NewsModel.class.php 第 9 行.
SQL: SHOW COLUMNS FROM `cms_news` [ RunTime:0.0050s ]
SQL: SELECT * FROM `cms_news` WHERE `status` = 1 ORDER BY count desc LIMIT 1   [ RunTime:0.0010s ]
SQL: SELECT COUNT(*) AS tp_count FROM `cms_news` WHERE `status` <> -1 LIMIT 1   [ RunTime:0.0010s ]
NOTIC: [2048] Declaration of Common\Model\PositionModel::find() should be compatible with Think\Model::find($options = Array) F:\wamp\www\zhou\Application\Common\Model\PositionModel.class.php 第 81 行.
SQL: SHOW COLUMNS FROM `cms_position` [ RunTime:0.0100s ]
SQL: SELECT COUNT(*) AS tp_count FROM `cms_position` WHERE `status` = 1 LIMIT 1   [ RunTime:0.0010s ]
SQL: SHOW COLUMNS FROM `cms_admin` [ RunTime:0.0040s ]
SQL: SELECT COUNT(*) AS tp_count FROM `cms_admin` WHERE `status` = 1 AND `lastlogintime` > 1491408000 LIMIT 1   [ RunTime:0.0010s ]
NOTIC: [2] Illegal string offset 'tp_count' F:\wamp\www\zhou\Application\Common\Model\AdminModel.class.php 第 75 行.
INFO: [ view_parse ] --START--
INFO: [ template_filter ] --START--
INFO: Run Behavior\ContentReplaceBehavior [ RunTime:0.000000s ]
INFO: [ template_filter ] --END-- [ RunTime:0.001000s ]
NOTIC: [2048] Declaration of Common\Model\MenuModel::find() should be compatible with Think\Model::find($options = Array) F:\wamp\www\zhou\Application\Common\Model\MenuModel.class.php 第 92 行.
SQL: SHOW COLUMNS FROM `cms_menu` [ RunTime:0.0030s ]
SQL: SELECT * FROM `cms_menu` WHERE `status` <> -1 AND `type` = 1 ORDER BY listorder desc,menu_id desc  [ RunTime:0.0010s ]
NOTIC: [8] Undefined index: a F:\wamp\www\zhou\Application\Common\Common\function.php 第 37 行.
NOTIC: [8] Undefined index: a F:\wamp\www\zhou\Application\Common\Common\function.php 第 37 行.
NOTIC: [8] Undefined index: a F:\wamp\www\zhou\Application\Common\Common\function.php 第 37 行.
NOTIC: [8] Undefined index: a F:\wamp\www\zhou\Application\Common\Common\function.php 第 37 行.
NOTIC: [8] Undefined index: a F:\wamp\www\zhou\Application\Common\Common\function.php 第 37 行.
NOTIC: [8] Undefined index: a F:\wamp\www\zhou\Application\Common\Common\function.php 第 37 行.
NOTIC: [8] Undefined index: a F:\wamp\www\zhou\Application\Common\Common\function.php 第 37 行.
INFO: Run Behavior\ParseTemplateBehavior [ RunTime:0.048003s ]
INFO: [ view_parse ] --END-- [ RunTime:0.048003s ]
INFO: [ view_filter ] --START--
INFO: Run Behavior\WriteHtmlCacheBehavior [ RunTime:0.000000s ]
INFO: [ view_filter ] --END-- [ RunTime:0.001000s ]
INFO: [ app_end ] --START--
INFO: Run Behavior\ShowPageTraceBehavior [ RunTime:0.002000s ]
INFO: [ app_end ] --END-- [ RunTime:0.002000s ]

[ 2017-04-06T22:33:48+08:00 ] 127.0.0.1 /admin.php?c=content
INFO: [ app_init ] --START--
INFO: Run Behavior\BuildLiteBehavior [ RunTime:0.000000s ]
INFO: [ app_init ] --END-- [ RunTime:0.001000s ]
INFO: [ app_begin ] --START--
INFO: Run Behavior\ReadHtmlCacheBehavior [ RunTime:0.000000s ]
INFO: [ app_begin ] --END-- [ RunTime:0.002000s ]
NOTIC: [2048] Declaration of Admin\Controller\ContentController::setStatus() should be compatible with Admin\Controller\CommonController::setStatus($data, $models) F:\wamp\www\zhou\Application\Admin\Controller\ContentController.class.php 第 12 行.
NOTIC: [2048] Declaration of Admin\Controller\ContentController::listorder() should be compatible with Admin\Controller\CommonController::listorder($model = '') F:\wamp\www\zhou\Application\Admin\Controller\ContentController.class.php 第 12 行.
NOTIC: [8] Undefined index: title F:\wamp\www\zhou\Application\Admin\Controller\ContentController.class.php 第 16 行.
NOTIC: [8] Undefined index: catid F:\wamp\www\zhou\Application\Admin\Controller\ContentController.class.php 第 20 行.
NOTIC: [8] Undefined index: p F:\wamp\www\zhou\Application\Admin\Controller\ContentController.class.php 第 24 行.
NOTIC: [2048] Declaration of Common\Model\NewsModel::find() should be compatible with Think\Model::find($options = Array) F:\wamp\www\zhou\Application\Common\Model\NewsModel.class.php 第 9 行.
SQL: SHOW COLUMNS FROM `cms_news` [ RunTime:0.0060s ]
SQL: SELECT * FROM `cms_news` WHERE `status` <> -1 ORDER BY listorder desc ,news_id desc LIMIT 0,10   [ RunTime:0.0010s ]
SQL: SELECT COUNT(*) AS tp_count FROM `cms_news` WHERE `status` <> -1 LIMIT 1   [ RunTime:0.0000s ]
NOTIC: [8] Undefined variable: sing_path F:\wamp\www\zhou\ThinkPHP\Common\functions.php 第 991 行.
NOTIC: [2048] Declaration of Common\Model\PositionModel::find() should be compatible with Think\Model::find($options = Array) F:\wamp\www\zhou\Application\Common\Model\PositionModel.class.php 第 81 行.
SQL: SHOW COLUMNS FROM `cms_position` [ RunTime:0.0040s ]
SQL: SELECT * FROM `cms_position` WHERE `status` = 1 ORDER BY id  [ RunTime:0.0010s ]
NOTIC: [2048] Declaration of Common\Model\MenuModel::find() should be compatible with Think\Model::find($options = Array) F:\wamp\www\zhou\Application\Common\Model\MenuModel.class.php 第 92 行.
SQL: SHOW COLUMNS FROM `cms_menu` [ RunTime:0.0060s ]
SQL: SELECT * FROM `cms_menu` WHERE `status` = 1 AND `type` = 0 ORDER BY listorder desc,menu_id desc  [ RunTime:0.0010s ]
INFO: [ view_parse ] --START--
INFO: [ template_filter ] --START--
INFO: Run Behavior\ContentReplaceBehavior [ RunTime:0.000000s ]
INFO: [ template_filter ] --END-- [ RunTime:0.001000s ]
SQL: SELECT * FROM `cms_menu` WHERE `status` <> -1 AND `type` = 1 ORDER BY listorder desc,menu_id desc  [ RunTime:0.0010s ]
NOTIC: [8] Undefined index: a F:\wamp\www\zhou\Application\Common\Common\function.php 第 37 行.
NOTIC: [8] Undefined index: a F:\wamp\www\zhou\Application\Common\Common\function.php 第 37 行.
NOTIC: [8] Undefined index: a F:\wamp\www\zhou\Application\Common\Common\function.php 第 37 行.
NOTIC: [8] Undefined index: a F:\wamp\www\zhou\Application\Common\Common\function.php 第 37 行.
NOTIC: [8] Undefined index: a F:\wamp\www\zhou\Application\Common\Common\function.php 第 37 行.
NOTIC: [8] Undefined index: a F:\wamp\www\zhou\Application\Common\Common\function.php 第 37 行.
NOTIC: [8] Undefined index: a F:\wamp\www\zhou\Application\Common\Common\function.php 第 37 行.
INFO: Run Behavior\ParseTemplateBehavior [ RunTime:0.034002s ]
INFO: [ view_parse ] --END-- [ RunTime:0.034002s ]
INFO: [ view_filter ] --START--
INFO: Run Behavior\WriteHtmlCacheBehavior [ RunTime:0.001000s ]
INFO: [ view_filter ] --END-- [ RunTime:0.001000s ]
INFO: [ app_end ] --START--
INFO: Run Behavior\ShowPageTraceBehavior [ RunTime:0.002000s ]
INFO: [ app_end ] --END-- [ RunTime:0.002000s ]

[ 2017-04-06T22:45:17+08:00 ] 127.0.0.1 /admin.php?c=content
INFO: [ app_init ] --START--
INFO: Run Behavior\BuildLiteBehavior [ RunTime:0.000000s ]
INFO: [ app_init ] --END-- [ RunTime:0.000000s ]
INFO: [ app_begin ] --START--
INFO: Run Behavior\ReadHtmlCacheBehavior [ RunTime:0.000000s ]
INFO: [ app_begin ] --END-- [ RunTime:0.001000s ]
NOTIC: [2048] Declaration of Admin\Controller\ContentController::setStatus() should be compatible with Admin\Controller\CommonController::setStatus($data, $models) F:\wamp\www\zhou\Application\Admin\Controller\ContentController.class.php 第 12 行.
NOTIC: [2048] Declaration of Admin\Controller\ContentController::listorder() should be compatible with Admin\Controller\CommonController::listorder($model = '') F:\wamp\www\zhou\Application\Admin\Controller\ContentController.class.php 第 12 行.
NOTIC: [8] Undefined index: title F:\wamp\www\zhou\Application\Admin\Controller\ContentController.class.php 第 16 行.
NOTIC: [8] Undefined index: catid F:\wamp\www\zhou\Application\Admin\Controller\ContentController.class.php 第 20 行.
NOTIC: [8] Undefined index: p F:\wamp\www\zhou\Application\Admin\Controller\ContentController.class.php 第 24 行.
NOTIC: [2048] Declaration of Common\Model\NewsModel::find() should be compatible with Think\Model::find($options = Array) F:\wamp\www\zhou\Application\Common\Model\NewsModel.class.php 第 9 行.
SQL: SHOW COLUMNS FROM `cms_news` [ RunTime:0.0030s ]
SQL: SELECT * FROM `cms_news` WHERE `status` <> -1 ORDER BY listorder desc ,news_id desc LIMIT 0,10   [ RunTime:0.0000s ]
SQL: SELECT COUNT(*) AS tp_count FROM `cms_news` WHERE `status` <> -1 LIMIT 1   [ RunTime:0.0000s ]
NOTIC: [8] Undefined variable: sing_path F:\wamp\www\zhou\ThinkPHP\Common\functions.php 第 991 行.
NOTIC: [2048] Declaration of Common\Model\PositionModel::find() should be compatible with Think\Model::find($options = Array) F:\wamp\www\zhou\Application\Common\Model\PositionModel.class.php 第 81 行.
SQL: SHOW COLUMNS FROM `cms_position` [ RunTime:0.0040s ]
SQL: SELECT * FROM `cms_position` WHERE `status` = 1 ORDER BY id  [ RunTime:0.0000s ]
NOTIC: [2048] Declaration of Common\Model\MenuModel::find() should be compatible with Think\Model::find($options = Array) F:\wamp\www\zhou\Application\Common\Model\MenuModel.class.php 第 92 行.
SQL: SHOW COLUMNS FROM `cms_menu` [ RunTime:0.0030s ]
SQL: SELECT * FROM `cms_menu` WHERE `status` = 1 AND `type` = 0 ORDER BY listorder desc,menu_id desc  [ RunTime:0.0000s ]
INFO: [ view_parse ] --START--
INFO: [ template_filter ] --START--
INFO: Run Behavior\ContentReplaceBehavior [ RunTime:0.000000s ]
INFO: [ template_filter ] --END-- [ RunTime:0.000000s ]
SQL: SELECT * FROM `cms_menu` WHERE `status` <> -1 AND `type` = 1 ORDER BY listorder desc,menu_id desc  [ RunTime:0.0010s ]
NOTIC: [8] Undefined index: a F:\wamp\www\zhou\Application\Common\Common\function.php 第 37 行.
NOTIC: [8] Undefined index: a F:\wamp\www\zhou\Application\Common\Common\function.php 第 37 行.
NOTIC: [8] Undefined index: a F:\wamp\www\zhou\Application\Common\Common\function.php 第 37 行.
NOTIC: [8] Undefined index: a F:\wamp\www\zhou\Application\Common\Common\function.php 第 37 行.
NOTIC: [8] Undefined index: a F:\wamp\www\zhou\Application\Common\Common\function.php 第 37 行.
NOTIC: [8] Undefined index: a F:\wamp\www\zhou\Application\Common\Common\function.php 第 37 行.
NOTIC: [8] Undefined index: a F:\wamp\www\zhou\Application\Common\Common\function.php 第 37 行.
INFO: Run Behavior\ParseTemplateBehavior [ RunTime:0.031002s ]
INFO: [ view_parse ] --END-- [ RunTime:0.031002s ]
INFO: [ view_filter ] --START--
INFO: Run Behavior\WriteHtmlCacheBehavior [ RunTime:0.001000s ]
INFO: [ view_filter ] --END-- [ RunTime:0.002000s ]
INFO: [ app_end ] --START--
INFO: Run Behavior\ShowPageTraceBehavior [ RunTime:0.001000s ]
INFO: [ app_end ] --END-- [ RunTime:0.002000s ]

[ 2017-04-06T22:48:50+08:00 ] 127.0.0.1 /admin.php?c=tucao
INFO: [ app_init ] --START--
INFO: Run Behavior\BuildLiteBehavior [ RunTime:0.000000s ]
INFO: [ app_init ] --END-- [ RunTime:0.001000s ]
INFO: [ app_begin ] --START--
INFO: Run Behavior\ReadHtmlCacheBehavior [ RunTime:0.001000s ]
INFO: [ app_begin ] --END-- [ RunTime:0.001000s ]
INFO: [ app_end ] --START--
INFO: Run Behavior\ShowPageTraceBehavior [ RunTime:0.001000s ]
INFO: [ app_end ] --END-- [ RunTime:0.001000s ]

[ 2017-04-06T22:50:09+08:00 ] 127.0.0.1 /admin.php?c=menu
INFO: [ app_init ] --START--
INFO: Run Behavior\BuildLiteBehavior [ RunTime:0.000000s ]
INFO: [ app_init ] --END-- [ RunTime:0.000000s ]
INFO: [ app_begin ] --START--
INFO: Run Behavior\ReadHtmlCacheBehavior [ RunTime:0.000000s ]
INFO: [ app_begin ] --END-- [ RunTime:0.001000s ]
NOTIC: [2048] Declaration of Admin\Controller\MenuController::setStatus() should be compatible with Admin\Controller\CommonController::setStatus($data, $models) F:\wamp\www\zhou\Application\Admin\Controller\MenuController.class.php 第 9 行.
NOTIC: [2048] Declaration of Admin\Controller\MenuController::listorder() should be compatible with Admin\Controller\CommonController::listorder($model = '') F:\wamp\www\zhou\Application\Admin\Controller\MenuController.class.php 第 9 行.
NOTIC: [8] Undefined index: p F:\wamp\www\zhou\Application\Admin\Controller\MenuController.class.php 第 51 行.
NOTIC: [8] Undefined index: pageSize F:\wamp\www\zhou\Application\Admin\Controller\MenuController.class.php 第 52 行.
NOTIC: [2048] Declaration of Common\Model\MenuModel::find() should be compatible with Think\Model::find($options = Array) F:\wamp\www\zhou\Application\Common\Model\MenuModel.class.php 第 5 行.
SQL: SHOW COLUMNS FROM `cms_menu` [ RunTime:0.0030s ]
SQL: SELECT * FROM `cms_menu` WHERE `status` <> -1 ORDER BY listorder desc,menu_id desc LIMIT 0,3   [ RunTime:0.0010s ]
SQL: SELECT COUNT(*) AS tp_count FROM `cms_menu` WHERE `status` <> -1 LIMIT 1   [ RunTime:0.0000s ]
NOTIC: [8] Undefined variable: sing_path F:\wamp\www\zhou\ThinkPHP\Common\functions.php 第 991 行.
INFO: [ view_parse ] --START--
INFO: [ template_filter ] --START--
INFO: Run Behavior\ContentReplaceBehavior [ RunTime:0.000000s ]
INFO: [ template_filter ] --END-- [ RunTime:0.001000s ]
SQL: SELECT * FROM `cms_menu` WHERE `status` <> -1 AND `type` = 1 ORDER BY listorder desc,menu_id desc  [ RunTime:0.0010s ]
NOTIC: [8] Undefined index: a F:\wamp\www\zhou\Application\Common\Common\function.php 第 37 行.
NOTIC: [8] Undefined index: a F:\wamp\www\zhou\Application\Common\Common\function.php 第 37 行.
NOTIC: [8] Undefined index: a F:\wamp\www\zhou\Application\Common\Common\function.php 第 37 行.
NOTIC: [8] Undefined index: a F:\wamp\www\zhou\Application\Common\Common\function.php 第 37 行.
NOTIC: [8] Undefined index: a F:\wamp\www\zhou\Application\Common\Common\function.php 第 37 行.
NOTIC: [8] Undefined index: a F:\wamp\www\zhou\Application\Common\Common\function.php 第 37 行.
NOTIC: [8] Undefined index: a F:\wamp\www\zhou\Application\Common\Common\function.php 第 37 行.
NOTIC: [8] Undefined variable: nav F:\wamp\www\zhou\Application\Runtime\Cache\Admin\b956215329b6f9aca22277599a4efdfc.php 第 101 行.
INFO: Run Behavior\ParseTemplateBehavior [ RunTime:0.034002s ]
INFO: [ view_parse ] --END-- [ RunTime:0.035002s ]
INFO: [ view_filter ] --START--
INFO: Run Behavior\WriteHtmlCacheBehavior [ RunTime:0.000000s ]
INFO: [ view_filter ] --END-- [ RunTime:0.001000s ]
INFO: [ app_end ] --START--
INFO: Run Behavior\ShowPageTraceBehavior [ RunTime:0.000000s ]
INFO: [ app_end ] --END-- [ RunTime:0.001000s ]

[ 2017-04-06T22:50:11+08:00 ] 127.0.0.1 /admin.php?c=admin
INFO: [ app_init ] --START--
INFO: Run Behavior\BuildLiteBehavior [ RunTime:0.000000s ]
INFO: [ app_init ] --END-- [ RunTime:0.001000s ]
INFO: [ app_begin ] --START--
INFO: Run Behavior\ReadHtmlCacheBehavior [ RunTime:0.001000s ]
INFO: [ app_begin ] --END-- [ RunTime:0.001000s ]
NOTIC: [2048] Declaration of Admin\Controller\AdminController::setStatus() should be compatible with Admin\Controller\CommonController::setStatus($data, $models) F:\wamp\www\zhou\Application\Admin\Controller\AdminController.class.php 第 9 行.
SQL: SHOW COLUMNS FROM `cms_admin` [ RunTime:0.0040s ]
SQL: SELECT * FROM `cms_admin` WHERE `status` <> -1 ORDER BY admin_id desc  [ RunTime:0.0000s ]
INFO: [ view_parse ] --START--
INFO: [ template_filter ] --START--
INFO: Run Behavior\ContentReplaceBehavior [ RunTime:0.000000s ]
INFO: [ template_filter ] --END-- [ RunTime:0.000000s ]
NOTIC: [2048] Declaration of Common\Model\MenuModel::find() should be compatible with Think\Model::find($options = Array) F:\wamp\www\zhou\Application\Common\Model\MenuModel.class.php 第 92 行.
SQL: SHOW COLUMNS FROM `cms_menu` [ RunTime:0.0030s ]
SQL: SELECT * FROM `cms_menu` WHERE `status` <> -1 AND `type` = 1 ORDER BY listorder desc,menu_id desc  [ RunTime:0.0000s ]
NOTIC: [8] Undefined index: a F:\wamp\www\zhou\Application\Common\Common\function.php 第 37 行.
NOTIC: [8] Undefined index: a F:\wamp\www\zhou\Application\Common\Common\function.php 第 37 行.
NOTIC: [8] Undefined index: a F:\wamp\www\zhou\Application\Common\Common\function.php 第 37 行.
NOTIC: [8] Undefined index: a F:\wamp\www\zhou\Application\Common\Common\function.php 第 37 行.
NOTIC: [8] Undefined index: a F:\wamp\www\zhou\Application\Common\Common\function.php 第 37 行.
NOTIC: [8] Undefined index: a F:\wamp\www\zhou\Application\Common\Common\function.php 第 37 行.
NOTIC: [8] Undefined index: a F:\wamp\www\zhou\Application\Common\Common\function.php 第 37 行.
NOTIC: [8] Undefined variable: nav F:\wamp\www\zhou\Application\Runtime\Cache\Admin\b682812e058c4f7cab74d08ab9eabe11.php 第 101 行.
INFO: Run Behavior\ParseTemplateBehavior [ RunTime:0.028002s ]
INFO: [ view_parse ] --END-- [ RunTime:0.029002s ]
INFO: [ view_filter ] --START--
INFO: Run Behavior\WriteHtmlCacheBehavior [ RunTime:0.000000s ]
INFO: [ view_filter ] --END-- [ RunTime:0.000000s ]
INFO: [ app_end ] --START--
INFO: Run Behavior\ShowPageTraceBehavior [ RunTime:0.000000s ]
INFO: [ app_end ] --END-- [ RunTime:0.001000s ]

[ 2017-04-06T22:50:27+08:00 ] 127.0.0.1 /admin.php?c=reader
INFO: [ app_init ] --START--
INFO: Run Behavior\BuildLiteBehavior [ RunTime:0.000000s ]
INFO: [ app_init ] --END-- [ RunTime:0.001000s ]
INFO: [ app_begin ] --START--
INFO: Run Behavior\ReadHtmlCacheBehavior [ RunTime:0.001000s ]
INFO: [ app_begin ] --END-- [ RunTime:0.001000s ]
NOTIC: [2048] Declaration of Admin\Controller\ReaderController::setStatus() should be compatible with Admin\Controller\CommonController::setStatus($data, $models) F:\wamp\www\zhou\Application\Admin\Controller\ReaderController.class.php 第 6 行.
SQL: SHOW COLUMNS FROM `cms_reader` [ RunTime:0.0030s ]
SQL: SELECT * FROM `cms_reader` WHERE `status` <> -1 ORDER BY reader_id desc  [ RunTime:0.0010s ]
INFO: [ view_parse ] --START--
INFO: [ template_filter ] --START--
INFO: Run Behavior\ContentReplaceBehavior [ RunTime:0.000000s ]
INFO: [ template_filter ] --END-- [ RunTime:0.000000s ]
NOTIC: [2048] Declaration of Common\Model\MenuModel::find() should be compatible with Think\Model::find($options = Array) F:\wamp\www\zhou\Application\Common\Model\MenuModel.class.php 第 92 行.
SQL: SHOW COLUMNS FROM `cms_menu` [ RunTime:0.0030s ]
SQL: SELECT * FROM `cms_menu` WHERE `status` <> -1 AND `type` = 1 ORDER BY listorder desc,menu_id desc  [ RunTime:0.0000s ]
NOTIC: [8] Undefined index: a F:\wamp\www\zhou\Application\Common\Common\function.php 第 37 行.
NOTIC: [8] Undefined index: a F:\wamp\www\zhou\Application\Common\Common\function.php 第 37 行.
NOTIC: [8] Undefined index: a F:\wamp\www\zhou\Application\Common\Common\function.php 第 37 行.
NOTIC: [8] Undefined index: a F:\wamp\www\zhou\Application\Common\Common\function.php 第 37 行.
NOTIC: [8] Undefined index: a F:\wamp\www\zhou\Application\Common\Common\function.php 第 37 行.
NOTIC: [8] Undefined index: a F:\wamp\www\zhou\Application\Common\Common\function.php 第 37 行.
NOTIC: [8] Undefined index: a F:\wamp\www\zhou\Application\Common\Common\function.php 第 37 行.
NOTIC: [8] Undefined variable: nav F:\wamp\www\zhou\Application\Runtime\Cache\Admin\0d4811095465c27bdc8201c38b6c8544.php 第 100 行.
NOTIC: [8] Undefined variable: vo F:\wamp\www\zhou\Application\Runtime\Cache\Admin\0d4811095465c27bdc8201c38b6c8544.php 第 129 行.
NOTIC: [8] Undefined variable: vo F:\wamp\www\zhou\Application\Runtime\Cache\Admin\0d4811095465c27bdc8201c38b6c8544.php 第 129 行.
NOTIC: [8] Undefined variable: vo F:\wamp\www\zhou\Application\Runtime\Cache\Admin\0d4811095465c27bdc8201c38b6c8544.php 第 129 行.
NOTIC: [8] Undefined variable: vo F:\wamp\www\zhou\Application\Runtime\Cache\Admin\0d4811095465c27bdc8201c38b6c8544.php 第 129 行.
INFO: Run Behavior\ParseTemplateBehavior [ RunTime:0.059004s ]
INFO: [ view_parse ] --END-- [ RunTime:0.059004s ]
INFO: [ view_filter ] --START--
INFO: Run Behavior\WriteHtmlCacheBehavior [ RunTime:0.001000s ]
INFO: [ view_filter ] --END-- [ RunTime:0.001000s ]
INFO: [ app_end ] --START--
INFO: Run Behavior\ShowPageTraceBehavior [ RunTime:0.001000s ]
INFO: [ app_end ] --END-- [ RunTime:0.001000s ]

[ 2017-04-06T22:51:14+08:00 ] 127.0.0.1 /admin.php?c=reader
INFO: [ app_init ] --START--
INFO: Run Behavior\BuildLiteBehavior [ RunTime:0.000000s ]
INFO: [ app_init ] --END-- [ RunTime:0.001000s ]
INFO: [ app_begin ] --START--
INFO: Run Behavior\ReadHtmlCacheBehavior [ RunTime:0.001000s ]
INFO: [ app_begin ] --END-- [ RunTime:0.001000s ]
NOTIC: [2048] Declaration of Admin\Controller\ReaderController::setStatus() should be compatible with Admin\Controller\CommonController::setStatus($data, $models) F:\wamp\www\zhou\Application\Admin\Controller\ReaderController.class.php 第 6 行.
SQL: SHOW COLUMNS FROM `cms_reader` [ RunTime:0.0030s ]
SQL: SELECT * FROM `cms_reader` WHERE `status` <> -1 ORDER BY reader_id desc  [ RunTime:0.0010s ]
INFO: [ view_parse ] --START--
INFO: [ template_filter ] --START--
INFO: Run Behavior\ContentReplaceBehavior [ RunTime:0.000000s ]
INFO: [ template_filter ] --END-- [ RunTime:0.001000s ]
NOTIC: [2048] Declaration of Common\Model\MenuModel::find() should be compatible with Think\Model::find($options = Array) F:\wamp\www\zhou\Application\Common\Model\MenuModel.class.php 第 92 行.
SQL: SHOW COLUMNS FROM `cms_menu` [ RunTime:0.0040s ]
SQL: SELECT * FROM `cms_menu` WHERE `status` <> -1 AND `type` = 1 ORDER BY listorder desc,menu_id desc  [ RunTime:0.0000s ]
NOTIC: [8] Undefined index: a F:\wamp\www\zhou\Application\Common\Common\function.php 第 37 行.
NOTIC: [8] Undefined index: a F:\wamp\www\zhou\Application\Common\Common\function.php 第 37 行.
NOTIC: [8] Undefined index: a F:\wamp\www\zhou\Application\Common\Common\function.php 第 37 行.
NOTIC: [8] Undefined index: a F:\wamp\www\zhou\Application\Common\Common\function.php 第 37 行.
NOTIC: [8] Undefined index: a F:\wamp\www\zhou\Application\Common\Common\function.php 第 37 行.
NOTIC: [8] Undefined index: a F:\wamp\www\zhou\Application\Common\Common\function.php 第 37 行.
NOTIC: [8] Undefined index: a F:\wamp\www\zhou\Application\Common\Common\function.php 第 37 行.
NOTIC: [8] Undefined variable: nav F:\wamp\www\zhou\Application\Runtime\Cache\Admin\0d4811095465c27bdc8201c38b6c8544.php 第 100 行.
NOTIC: [8] Undefined variable: vo F:\wamp\www\zhou\Application\Runtime\Cache\Admin\0d4811095465c27bdc8201c38b6c8544.php 第 129 行.
NOTIC: [8] Undefined variable: vo F:\wamp\www\zhou\Application\Runtime\Cache\Admin\0d4811095465c27bdc8201c38b6c8544.php 第 129 行.
NOTIC: [8] Undefined variable: vo F:\wamp\www\zhou\Application\Runtime\Cache\Admin\0d4811095465c27bdc8201c38b6c8544.php 第 129 行.
NOTIC: [8] Undefined variable: vo F:\wamp\www\zhou\Application\Runtime\Cache\Admin\0d4811095465c27bdc8201c38b6c8544.php 第 129 行.
INFO: Run Behavior\ParseTemplateBehavior [ RunTime:0.030002s ]
INFO: [ view_parse ] --END-- [ RunTime:0.030002s ]
INFO: [ view_filter ] --START--
INFO: Run Behavior\WriteHtmlCacheBehavior [ RunTime:0.001000s ]
INFO: [ view_filter ] --END-- [ RunTime:0.001000s ]
INFO: [ app_end ] --START--
INFO: Run Behavior\ShowPageTraceBehavior [ RunTime:0.001000s ]
INFO: [ app_end ] --END-- [ RunTime:0.001000s ]

[ 2017-04-06T22:51:23+08:00 ] 127.0.0.1 /admin.php?c=admin
INFO: [ app_init ] --START--
INFO: Run Behavior\BuildLiteBehavior [ RunTime:0.000000s ]
INFO: [ app_init ] --END-- [ RunTime:0.001000s ]
INFO: [ app_begin ] --START--
INFO: Run Behavior\ReadHtmlCacheBehavior [ RunTime:0.001000s ]
INFO: [ app_begin ] --END-- [ RunTime:0.001000s ]
NOTIC: [2048] Declaration of Admin\Controller\AdminController::setStatus() should be compatible with Admin\Controller\CommonController::setStatus($data, $models) F:\wamp\www\zhou\Application\Admin\Controller\AdminController.class.php 第 9 行.
SQL: SHOW COLUMNS FROM `cms_admin` [ RunTime:0.0030s ]
SQL: SELECT * FROM `cms_admin` WHERE `status` <> -1 ORDER BY admin_id desc  [ RunTime:0.0010s ]
INFO: [ view_parse ] --START--
INFO: [ template_filter ] --START--
INFO: Run Behavior\ContentReplaceBehavior [ RunTime:0.000000s ]
INFO: [ template_filter ] --END-- [ RunTime:0.001000s ]
NOTIC: [2048] Declaration of Common\Model\MenuModel::find() should be compatible with Think\Model::find($options = Array) F:\wamp\www\zhou\Application\Common\Model\MenuModel.class.php 第 92 行.
SQL: SHOW COLUMNS FROM `cms_menu` [ RunTime:0.0040s ]
SQL: SELECT * FROM `cms_menu` WHERE `status` <> -1 AND `type` = 1 ORDER BY listorder desc,menu_id desc  [ RunTime:0.0000s ]
NOTIC: [8] Undefined index: a F:\wamp\www\zhou\Application\Common\Common\function.php 第 37 行.
NOTIC: [8] Undefined index: a F:\wamp\www\zhou\Application\Common\Common\function.php 第 37 行.
NOTIC: [8] Undefined index: a F:\wamp\www\zhou\Application\Common\Common\function.php 第 37 行.
NOTIC: [8] Undefined index: a F:\wamp\www\zhou\Application\Common\Common\function.php 第 37 行.
NOTIC: [8] Undefined index: a F:\wamp\www\zhou\Application\Common\Common\function.php 第 37 行.
NOTIC: [8] Undefined index: a F:\wamp\www\zhou\Application\Common\Common\function.php 第 37 行.
NOTIC: [8] Undefined index: a F:\wamp\www\zhou\Application\Common\Common\function.php 第 37 行.
NOTIC: [8] Undefined variable: nav F:\wamp\www\zhou\Application\Runtime\Cache\Admin\b682812e058c4f7cab74d08ab9eabe11.php 第 101 行.
INFO: Run Behavior\ParseTemplateBehavior [ RunTime:0.029001s ]
INFO: [ view_parse ] --END-- [ RunTime:0.029001s ]
INFO: [ view_filter ] --START--
INFO: Run Behavior\WriteHtmlCacheBehavior [ RunTime:0.000000s ]
INFO: [ view_filter ] --END-- [ RunTime:0.001000s ]
INFO: [ app_end ] --START--
INFO: Run Behavior\ShowPageTraceBehavior [ RunTime:0.001000s ]
INFO: [ app_end ] --END-- [ RunTime:0.001000s ]

[ 2017-04-06T22:51:45+08:00 ] 127.0.0.1 /admin.php?c=admin
INFO: [ app_init ] --START--
INFO: Run Behavior\BuildLiteBehavior [ RunTime:0.000000s ]
INFO: [ app_init ] --END-- [ RunTime:0.001000s ]
INFO: [ app_begin ] --START--
INFO: Run Behavior\ReadHtmlCacheBehavior [ RunTime:0.001000s ]
INFO: [ app_begin ] --END-- [ RunTime:0.001000s ]
NOTIC: [2048] Declaration of Admin\Controller\AdminController::setStatus() should be compatible with Admin\Controller\CommonController::setStatus($data, $models) F:\wamp\www\zhou\Application\Admin\Controller\AdminController.class.php 第 9 行.
SQL: SHOW COLUMNS FROM `cms_admin` [ RunTime:0.0030s ]
SQL: SELECT * FROM `cms_admin` WHERE `status` <> -1 ORDER BY admin_id desc  [ RunTime:0.0000s ]
INFO: [ view_parse ] --START--
INFO: [ template_filter ] --START--
INFO: Run Behavior\ContentReplaceBehavior [ RunTime:0.000000s ]
INFO: [ template_filter ] --END-- [ RunTime:0.001000s ]
NOTIC: [2048] Declaration of Common\Model\MenuModel::find() should be compatible with Think\Model::find($options = Array) F:\wamp\www\zhou\Application\Common\Model\MenuModel.class.php 第 92 行.
SQL: SHOW COLUMNS FROM `cms_menu` [ RunTime:0.0030s ]
SQL: SELECT * FROM `cms_menu` WHERE `status` <> -1 AND `type` = 1 ORDER BY listorder desc,menu_id desc  [ RunTime:0.0010s ]
NOTIC: [8] Undefined index: a F:\wamp\www\zhou\Application\Common\Common\function.php 第 37 行.
NOTIC: [8] Undefined index: a F:\wamp\www\zhou\Application\Common\Common\function.php 第 37 行.
NOTIC: [8] Undefined index: a F:\wamp\www\zhou\Application\Common\Common\function.php 第 37 行.
NOTIC: [8] Undefined index: a F:\wamp\www\zhou\Application\Common\Common\function.php 第 37 行.
NOTIC: [8] Undefined index: a F:\wamp\www\zhou\Application\Common\Common\function.php 第 37 行.
NOTIC: [8] Undefined index: a F:\wamp\www\zhou\Application\Common\Common\function.php 第 37 行.
NOTIC: [8] Undefined index: a F:\wamp\www\zhou\Application\Common\Common\function.php 第 37 行.
NOTIC: [8] Undefined variable: nav F:\wamp\www\zhou\Application\Runtime\Cache\Admin\b682812e058c4f7cab74d08ab9eabe11.php 第 101 行.
INFO: Run Behavior\ParseTemplateBehavior [ RunTime:0.033002s ]
INFO: [ view_parse ] --END-- [ RunTime:0.033002s ]
INFO: [ view_filter ] --START--
INFO: Run Behavior\WriteHtmlCacheBehavior [ RunTime:0.001000s ]
INFO: [ view_filter ] --END-- [ RunTime:0.001000s ]
INFO: [ app_end ] --START--
INFO: Run Behavior\ShowPageTraceBehavior [ RunTime:0.001000s ]
INFO: [ app_end ] --END-- [ RunTime:0.001000s ]

[ 2017-04-06T22:51:55+08:00 ] 127.0.0.1 /admin.php?c=reader
INFO: [ app_init ] --START--
INFO: Run Behavior\BuildLiteBehavior [ RunTime:0.000000s ]
INFO: [ app_init ] --END-- [ RunTime:0.002000s ]
INFO: [ app_begin ] --START--
INFO: Run Behavior\ReadHtmlCacheBehavior [ RunTime:0.000000s ]
INFO: [ app_begin ] --END-- [ RunTime:0.000000s ]
NOTIC: [2048] Declaration of Admin\Controller\ReaderController::setStatus() should be compatible with Admin\Controller\CommonController::setStatus($data, $models) F:\wamp\www\zhou\Application\Admin\Controller\ReaderController.class.php 第 6 行.
SQL: SHOW COLUMNS FROM `cms_reader` [ RunTime:0.0030s ]
SQL: SELECT * FROM `cms_reader` WHERE `status` <> -1 ORDER BY reader_id desc  [ RunTime:0.0000s ]
INFO: [ view_parse ] --START--
INFO: [ template_filter ] --START--
INFO: Run Behavior\ContentReplaceBehavior [ RunTime:0.000000s ]
INFO: [ template_filter ] --END-- [ RunTime:0.000000s ]
NOTIC: [2048] Declaration of Common\Model\MenuModel::find() should be compatible with Think\Model::find($options = Array) F:\wamp\www\zhou\Application\Common\Model\MenuModel.class.php 第 92 行.
SQL: SHOW COLUMNS FROM `cms_menu` [ RunTime:0.0030s ]
SQL: SELECT * FROM `cms_menu` WHERE `status` <> -1 AND `type` = 1 ORDER BY listorder desc,menu_id desc  [ RunTime:0.0000s ]
NOTIC: [8] Undefined index: a F:\wamp\www\zhou\Application\Common\Common\function.php 第 37 行.
NOTIC: [8] Undefined index: a F:\wamp\www\zhou\Application\Common\Common\function.php 第 37 行.
NOTIC: [8] Undefined index: a F:\wamp\www\zhou\Application\Common\Common\function.php 第 37 行.
NOTIC: [8] Undefined index: a F:\wamp\www\zhou\Application\Common\Common\function.php 第 37 行.
NOTIC: [8] Undefined index: a F:\wamp\www\zhou\Application\Common\Common\function.php 第 37 行.
NOTIC: [8] Undefined index: a F:\wamp\www\zhou\Application\Common\Common\function.php 第 37 行.
NOTIC: [8] Undefined index: a F:\wamp\www\zhou\Application\Common\Common\function.php 第 37 行.
NOTIC: [8] Undefined variable: nav F:\wamp\www\zhou\Application\Runtime\Cache\Admin\0d4811095465c27bdc8201c38b6c8544.php 第 100 行.
NOTIC: [8] Undefined variable: vo F:\wamp\www\zhou\Application\Runtime\Cache\Admin\0d4811095465c27bdc8201c38b6c8544.php 第 129 行.
NOTIC: [8] Undefined variable: vo F:\wamp\www\zhou\Application\Runtime\Cache\Admin\0d4811095465c27bdc8201c38b6c8544.php 第 129 行.
NOTIC: [8] Undefined variable: vo F:\wamp\www\zhou\Application\Runtime\Cache\Admin\0d4811095465c27bdc8201c38b6c8544.php 第 129 行.
NOTIC: [8] Undefined variable: vo F:\wamp\www\zhou\Application\Runtime\Cache\Admin\0d4811095465c27bdc8201c38b6c8544.php 第 129 行.
INFO: Run Behavior\ParseTemplateBehavior [ RunTime:0.028002s ]
INFO: [ view_parse ] --END-- [ RunTime:0.028002s ]
INFO: [ view_filter ] --START--
INFO: Run Behavior\WriteHtmlCacheBehavior [ RunTime:0.001000s ]
INFO: [ view_filter ] --END-- [ RunTime:0.001000s ]
INFO: [ app_end ] --START--
INFO: Run Behavior\ShowPageTraceBehavior [ RunTime:0.001000s ]
INFO: [ app_end ] --END-- [ RunTime:0.001000s ]

[ 2017-04-06T22:51:57+08:00 ] 127.0.0.1 /admin.php?c=tucao
INFO: [ app_init ] --START--
INFO: Run Behavior\BuildLiteBehavior [ RunTime:0.000000s ]
INFO: [ app_init ] --END-- [ RunTime:0.001000s ]
INFO: [ app_begin ] --START--
INFO: Run Behavior\ReadHtmlCacheBehavior [ RunTime:0.001000s ]
INFO: [ app_begin ] --END-- [ RunTime:0.002000s ]
INFO: [ app_end ] --START--
INFO: Run Behavior\ShowPageTraceBehavior [ RunTime:0.000000s ]
INFO: [ app_end ] --END-- [ RunTime:0.001000s ]

[ 2017-04-06T22:52:01+08:00 ] 127.0.0.1 /admin.php?c=positioncontent
INFO: [ app_init ] --START--
INFO: Run Behavior\BuildLiteBehavior [ RunTime:0.000000s ]
INFO: [ app_init ] --END-- [ RunTime:0.000000s ]
INFO: [ app_begin ] --START--
INFO: Run Behavior\ReadHtmlCacheBehavior [ RunTime:0.001000s ]
INFO: [ app_begin ] --END-- [ RunTime:0.001000s ]
NOTIC: [2048] Declaration of Admin\Controller\PositioncontentController::setStatus() should be compatible with Admin\Controller\CommonController::setStatus($data, $models) F:\wamp\www\zhou\Application\Admin\Controller\PositioncontentController.class.php 第 9 行.
NOTIC: [2048] Declaration of Admin\Controller\PositioncontentController::listorder() should be compatible with Admin\Controller\CommonController::listorder($model = '') F:\wamp\www\zhou\Application\Admin\Controller\PositioncontentController.class.php 第 9 行.
NOTIC: [2048] Declaration of Common\Model\PositionModel::find() should be compatible with Think\Model::find($options = Array) F:\wamp\www\zhou\Application\Common\Model\PositionModel.class.php 第 9 行.
SQL: SHOW COLUMNS FROM `cms_position` [ RunTime:0.0030s ]
SQL: SELECT * FROM `cms_position` WHERE `status` = 1 ORDER BY id  [ RunTime:0.0010s ]
NOTIC: [8] Undefined index: title F:\wamp\www\zhou\Application\Admin\Controller\PositioncontentController.class.php 第 14 行.
NOTIC: [8] Undefined index: position_id F:\wamp\www\zhou\Application\Admin\Controller\PositioncontentController.class.php 第 18 行.
NOTIC: [2048] Declaration of Common\Model\PositionContentModel::find() should be compatible with Think\Model::find($options = Array) F:\wamp\www\zhou\Application\Common\Model\PositionContentModel.class.php 第 89 行.
SQL: SHOW COLUMNS FROM `cms_position_content` [ RunTime:0.0040s ]
NOTIC: [8] Undefined index: title F:\wamp\www\zhou\Application\Common\Model\PositionContentModel.class.php 第 18 行.
SQL: SELECT * FROM `cms_position_content` WHERE `status` <> -1 AND `position_id` = 2 ORDER BY listorder desc ,id desc  [ RunTime:0.0000s ]
INFO: [ view_parse ] --START--
INFO: [ template_filter ] --START--
INFO: Run Behavior\ContentReplaceBehavior [ RunTime:0.001000s ]
INFO: [ template_filter ] --END-- [ RunTime:0.001000s ]
NOTIC: [2048] Declaration of Common\Model\MenuModel::find() should be compatible with Think\Model::find($options = Array) F:\wamp\www\zhou\Application\Common\Model\MenuModel.class.php 第 92 行.
SQL: SHOW COLUMNS FROM `cms_menu` [ RunTime:0.0030s ]
SQL: SELECT * FROM `cms_menu` WHERE `status` <> -1 AND `type` = 1 ORDER BY listorder desc,menu_id desc  [ RunTime:0.0010s ]
NOTIC: [8] Undefined index: a F:\wamp\www\zhou\Application\Common\Common\function.php 第 37 行.
NOTIC: [8] Undefined index: a F:\wamp\www\zhou\Application\Common\Common\function.php 第 37 行.
NOTIC: [8] Undefined index: a F:\wamp\www\zhou\Application\Common\Common\function.php 第 37 行.
NOTIC: [8] Undefined index: a F:\wamp\www\zhou\Application\Common\Common\function.php 第 37 行.
NOTIC: [8] Undefined index: a F:\wamp\www\zhou\Application\Common\Common\function.php 第 37 行.
NOTIC: [8] Undefined index: a F:\wamp\www\zhou\Application\Common\Common\function.php 第 37 行.
NOTIC: [8] Undefined index: a F:\wamp\www\zhou\Application\Common\Common\function.php 第 37 行.
NOTIC: [8] Undefined variable: title F:\wamp\www\zhou\Application\Runtime\Cache\Admin\b8a8b9d170e6c07d7b463ea02385894d.php 第 120 行.
INFO: Run Behavior\ParseTemplateBehavior [ RunTime:0.043003s ]
INFO: [ view_parse ] --END-- [ RunTime:0.043003s ]
INFO: [ view_filter ] --START--
INFO: Run Behavior\WriteHtmlCacheBehavior [ RunTime:0.000000s ]
INFO: [ view_filter ] --END-- [ RunTime:0.002000s ]
INFO: [ app_end ] --START--
INFO: Run Behavior\ShowPageTraceBehavior [ RunTime:0.001000s ]
INFO: [ app_end ] --END-- [ RunTime:0.001000s ]

[ 2017-04-06T22:52:03+08:00 ] 127.0.0.1 /admin.php?c=reader
INFO: [ app_init ] --START--
INFO: Run Behavior\BuildLiteBehavior [ RunTime:0.000000s ]
INFO: [ app_init ] --END-- [ RunTime:0.001000s ]
INFO: [ app_begin ] --START--
INFO: Run Behavior\ReadHtmlCacheBehavior [ RunTime:0.000000s ]
INFO: [ app_begin ] --END-- [ RunTime:0.000000s ]
NOTIC: [2048] Declaration of Admin\Controller\ReaderController::setStatus() should be compatible with Admin\Controller\CommonController::setStatus($data, $models) F:\wamp\www\zhou\Application\Admin\Controller\ReaderController.class.php 第 6 行.
SQL: SHOW COLUMNS FROM `cms_reader` [ RunTime:0.0030s ]
SQL: SELECT * FROM `cms_reader` WHERE `status` <> -1 ORDER BY reader_id desc  [ RunTime:0.0010s ]
INFO: [ view_parse ] --START--
INFO: [ template_filter ] --START--
INFO: Run Behavior\ContentReplaceBehavior [ RunTime:0.000000s ]
INFO: [ template_filter ] --END-- [ RunTime:0.000000s ]
NOTIC: [2048] Declaration of Common\Model\MenuModel::find() should be compatible with Think\Model::find($options = Array) F:\wamp\www\zhou\Application\Common\Model\MenuModel.class.php 第 92 行.
SQL: SHOW COLUMNS FROM `cms_menu` [ RunTime:0.0030s ]
SQL: SELECT * FROM `cms_menu` WHERE `status` <> -1 AND `type` = 1 ORDER BY listorder desc,menu_id desc  [ RunTime:0.0010s ]
NOTIC: [8] Undefined index: a F:\wamp\www\zhou\Application\Common\Common\function.php 第 37 行.
NOTIC: [8] Undefined index: a F:\wamp\www\zhou\Application\Common\Common\function.php 第 37 行.
NOTIC: [8] Undefined index: a F:\wamp\www\zhou\Application\Common\Common\function.php 第 37 行.
NOTIC: [8] Undefined index: a F:\wamp\www\zhou\Application\Common\Common\function.php 第 37 行.
NOTIC: [8] Undefined index: a F:\wamp\www\zhou\Application\Common\Common\function.php 第 37 行.
NOTIC: [8] Undefined index: a F:\wamp\www\zhou\Application\Common\Common\function.php 第 37 行.
NOTIC: [8] Undefined index: a F:\wamp\www\zhou\Application\Common\Common\function.php 第 37 行.
NOTIC: [8] Undefined variable: nav F:\wamp\www\zhou\Application\Runtime\Cache\Admin\0d4811095465c27bdc8201c38b6c8544.php 第 100 行.
NOTIC: [8] Undefined variable: vo F:\wamp\www\zhou\Application\Runtime\Cache\Admin\0d4811095465c27bdc8201c38b6c8544.php 第 129 行.
NOTIC: [8] Undefined variable: vo F:\wamp\www\zhou\Application\Runtime\Cache\Admin\0d4811095465c27bdc8201c38b6c8544.php 第 129 行.
NOTIC: [8] Undefined variable: vo F:\wamp\www\zhou\Application\Runtime\Cache\Admin\0d4811095465c27bdc8201c38b6c8544.php 第 129 行.
NOTIC: [8] Undefined variable: vo F:\wamp\www\zhou\Application\Runtime\Cache\Admin\0d4811095465c27bdc8201c38b6c8544.php 第 129 行.
INFO: Run Behavior\ParseTemplateBehavior [ RunTime:0.028002s ]
INFO: [ view_parse ] --END-- [ RunTime:0.029002s ]
INFO: [ view_filter ] --START--
INFO: Run Behavior\WriteHtmlCacheBehavior [ RunTime:0.000000s ]
INFO: [ view_filter ] --END-- [ RunTime:0.000000s ]
INFO: [ app_end ] --START--
INFO: Run Behavior\ShowPageTraceBehavior [ RunTime:0.001000s ]
INFO: [ app_end ] --END-- [ RunTime:0.001000s ]

[ 2017-04-06T22:52:07+08:00 ] 127.0.0.1 /admin.php?c=reader&a=setStatus
INFO: [ app_init ] --START--
INFO: Run Behavior\BuildLiteBehavior [ RunTime:0.000000s ]
INFO: [ app_init ] --END-- [ RunTime:0.000000s ]
INFO: [ app_begin ] --START--
INFO: Run Behavior\ReadHtmlCacheBehavior [ RunTime:0.001000s ]
INFO: [ app_begin ] --END-- [ RunTime:0.001000s ]
NOTIC: [2048] Declaration of Admin\Controller\ReaderController::setStatus() should be compatible with Admin\Controller\CommonController::setStatus($data, $models) F:\wamp\www\zhou\Application\Admin\Controller\ReaderController.class.php 第 6 行.
SQL: SHOW COLUMNS FROM `cms_reader` [ RunTime:0.0030s ]
ERR: Think\Model:updateStatusById方法不存在！

[ 2017-04-06T22:52:08+08:00 ] 127.0.0.1 /admin.php?c=reader&a=setStatus
INFO: [ app_init ] --START--
INFO: Run Behavior\BuildLiteBehavior [ RunTime:0.001000s ]
INFO: [ app_init ] --END-- [ RunTime:0.001000s ]
INFO: [ app_begin ] --START--
INFO: Run Behavior\ReadHtmlCacheBehavior [ RunTime:0.000000s ]
INFO: [ app_begin ] --END-- [ RunTime:0.001000s ]
NOTIC: [2048] Declaration of Admin\Controller\ReaderController::setStatus() should be compatible with Admin\Controller\CommonController::setStatus($data, $models) F:\wamp\www\zhou\Application\Admin\Controller\ReaderController.class.php 第 6 行.
SQL: SHOW COLUMNS FROM `cms_reader` [ RunTime:0.0030s ]
ERR: Think\Model:updateStatusById方法不存在！

[ 2017-04-06T22:52:08+08:00 ] 127.0.0.1 /admin.php?c=reader&a=setStatus
INFO: [ app_init ] --START--
INFO: Run Behavior\BuildLiteBehavior [ RunTime:0.000000s ]
INFO: [ app_init ] --END-- [ RunTime:0.001000s ]
INFO: [ app_begin ] --START--
INFO: Run Behavior\ReadHtmlCacheBehavior [ RunTime:0.001000s ]
INFO: [ app_begin ] --END-- [ RunTime:0.002000s ]
NOTIC: [2048] Declaration of Admin\Controller\ReaderController::setStatus() should be compatible with Admin\Controller\CommonController::setStatus($data, $models) F:\wamp\www\zhou\Application\Admin\Controller\ReaderController.class.php 第 6 行.
SQL: SHOW COLUMNS FROM `cms_reader` [ RunTime:0.0030s ]
ERR: Think\Model:updateStatusById方法不存在！

[ 2017-04-06T22:52:09+08:00 ] 127.0.0.1 /admin.php?c=reader&a=setStatus
INFO: [ app_init ] --START--
INFO: Run Behavior\BuildLiteBehavior [ RunTime:0.000000s ]
INFO: [ app_init ] --END-- [ RunTime:0.001000s ]
INFO: [ app_begin ] --START--
INFO: Run Behavior\ReadHtmlCacheBehavior [ RunTime:0.001000s ]
INFO: [ app_begin ] --END-- [ RunTime:0.002000s ]
NOTIC: [2048] Declaration of Admin\Controller\ReaderController::setStatus() should be compatible with Admin\Controller\CommonController::setStatus($data, $models) F:\wamp\www\zhou\Application\Admin\Controller\ReaderController.class.php 第 6 行.
SQL: SHOW COLUMNS FROM `cms_reader` [ RunTime:0.0030s ]
ERR: Think\Model:updateStatusById方法不存在！

[ 2017-04-06T22:52:13+08:00 ] 127.0.0.1 /admin.php?c=reader&a=setStatus
INFO: [ app_init ] --START--
INFO: Run Behavior\BuildLiteBehavior [ RunTime:0.000000s ]
INFO: [ app_init ] --END-- [ RunTime:0.001000s ]
INFO: [ app_begin ] --START--
INFO: Run Behavior\ReadHtmlCacheBehavior [ RunTime:0.001000s ]
INFO: [ app_begin ] --END-- [ RunTime:0.001000s ]
NOTIC: [2048] Declaration of Admin\Controller\ReaderController::setStatus() should be compatible with Admin\Controller\CommonController::setStatus($data, $models) F:\wamp\www\zhou\Application\Admin\Controller\ReaderController.class.php 第 6 行.
SQL: SHOW COLUMNS FROM `cms_reader` [ RunTime:0.0030s ]
ERR: Think\Model:updateStatusById方法不存在！

[ 2017-04-06T22:57:59+08:00 ] 127.0.0.1 /admin.php?c=reader
INFO: [ app_init ] --START--
INFO: Run Behavior\BuildLiteBehavior [ RunTime:0.000000s ]
INFO: [ app_init ] --END-- [ RunTime:0.001000s ]
INFO: [ app_begin ] --START--
INFO: Run Behavior\ReadHtmlCacheBehavior [ RunTime:0.001000s ]
INFO: [ app_begin ] --END-- [ RunTime:0.001000s ]
NOTIC: [2048] Declaration of Admin\Controller\ReaderController::setStatus() should be compatible with Admin\Controller\CommonController::setStatus($data, $models) F:\wamp\www\zhou\Application\Admin\Controller\ReaderController.class.php 第 6 行.
SQL: SHOW COLUMNS FROM `cms_reader` [ RunTime:0.0040s ]
SQL: SELECT * FROM `cms_reader` WHERE `status` <> -1 ORDER BY reader_id desc  [ RunTime:0.0010s ]
INFO: [ view_parse ] --START--
INFO: [ template_filter ] --START--
INFO: Run Behavior\ContentReplaceBehavior [ RunTime:0.000000s ]
INFO: [ template_filter ] --END-- [ RunTime:0.000000s ]
NOTIC: [2048] Declaration of Common\Model\MenuModel::find() should be compatible with Think\Model::find($options = Array) F:\wamp\www\zhou\Application\Common\Model\MenuModel.class.php 第 92 行.
SQL: SHOW COLUMNS FROM `cms_menu` [ RunTime:0.0030s ]
SQL: SELECT * FROM `cms_menu` WHERE `status` <> -1 AND `type` = 1 ORDER BY listorder desc,menu_id desc  [ RunTime:0.0010s ]
NOTIC: [8] Undefined index: a F:\wamp\www\zhou\Application\Common\Common\function.php 第 37 行.
NOTIC: [8] Undefined index: a F:\wamp\www\zhou\Application\Common\Common\function.php 第 37 行.
NOTIC: [8] Undefined index: a F:\wamp\www\zhou\Application\Common\Common\function.php 第 37 行.
NOTIC: [8] Undefined index: a F:\wamp\www\zhou\Application\Common\Common\function.php 第 37 行.
NOTIC: [8] Undefined index: a F:\wamp\www\zhou\Application\Common\Common\function.php 第 37 行.
NOTIC: [8] Undefined index: a F:\wamp\www\zhou\Application\Common\Common\function.php 第 37 行.
NOTIC: [8] Undefined index: a F:\wamp\www\zhou\Application\Common\Common\function.php 第 37 行.
NOTIC: [8] Undefined variable: nav F:\wamp\www\zhou\Application\Runtime\Cache\Admin\0d4811095465c27bdc8201c38b6c8544.php 第 100 行.
INFO: Run Behavior\ParseTemplateBehavior [ RunTime:0.028001s ]
INFO: [ view_parse ] --END-- [ RunTime:0.028001s ]
INFO: [ view_filter ] --START--
INFO: Run Behavior\WriteHtmlCacheBehavior [ RunTime:0.001000s ]
INFO: [ view_filter ] --END-- [ RunTime:0.002000s ]
INFO: [ app_end ] --START--
INFO: Run Behavior\ShowPageTraceBehavior [ RunTime:0.002000s ]
INFO: [ app_end ] --END-- [ RunTime:0.002000s ]

[ 2017-04-06T22:58:03+08:00 ] 127.0.0.1 /admin.php?c=reader&a=setStatus
INFO: [ app_init ] --START--
INFO: Run Behavior\BuildLiteBehavior [ RunTime:0.000000s ]
INFO: [ app_init ] --END-- [ RunTime:0.001000s ]
INFO: [ app_begin ] --START--
INFO: Run Behavior\ReadHtmlCacheBehavior [ RunTime:0.001000s ]
INFO: [ app_begin ] --END-- [ RunTime:0.001000s ]
NOTIC: [2048] Declaration of Admin\Controller\ReaderController::setStatus() should be compatible with Admin\Controller\CommonController::setStatus($data, $models) F:\wamp\www\zhou\Application\Admin\Controller\ReaderController.class.php 第 6 行.
SQL: SHOW COLUMNS FROM `cms_reader` [ RunTime:0.0030s ]
ERR: Think\Model:updateStatusById方法不存在！

[ 2017-04-06T22:58:04+08:00 ] 127.0.0.1 /admin.php?c=reader&a=setStatus
INFO: [ app_init ] --START--
INFO: Run Behavior\BuildLiteBehavior [ RunTime:0.000000s ]
INFO: [ app_init ] --END-- [ RunTime:0.001000s ]
INFO: [ app_begin ] --START--
INFO: Run Behavior\ReadHtmlCacheBehavior [ RunTime:0.001000s ]
INFO: [ app_begin ] --END-- [ RunTime:0.001000s ]
NOTIC: [2048] Declaration of Admin\Controller\ReaderController::setStatus() should be compatible with Admin\Controller\CommonController::setStatus($data, $models) F:\wamp\www\zhou\Application\Admin\Controller\ReaderController.class.php 第 6 行.
SQL: SHOW COLUMNS FROM `cms_reader` [ RunTime:0.0030s ]
ERR: Think\Model:updateStatusById方法不存在！

[ 2017-04-06T23:00:29+08:00 ] 127.0.0.1 /admin.php?c=reader
INFO: [ app_init ] --START--
INFO: Run Behavior\BuildLiteBehavior [ RunTime:0.000000s ]
INFO: [ app_init ] --END-- [ RunTime:0.001000s ]
INFO: [ app_begin ] --START--
INFO: Run Behavior\ReadHtmlCacheBehavior [ RunTime:0.001000s ]
INFO: [ app_begin ] --END-- [ RunTime:0.001000s ]
NOTIC: [2048] Declaration of Admin\Controller\ReaderController::setStatus() should be compatible with Admin\Controller\CommonController::setStatus($data, $models) F:\wamp\www\zhou\Application\Admin\Controller\ReaderController.class.php 第 6 行.
SQL: SHOW COLUMNS FROM `cms_reader` [ RunTime:0.0030s ]
SQL: SELECT * FROM `cms_reader` WHERE `status` <> -1 ORDER BY reader_id desc  [ RunTime:0.0010s ]
INFO: [ view_parse ] --START--
INFO: [ template_filter ] --START--
INFO: Run Behavior\ContentReplaceBehavior [ RunTime:0.000000s ]
INFO: [ template_filter ] --END-- [ RunTime:0.001000s ]
NOTIC: [2048] Declaration of Common\Model\MenuModel::find() should be compatible with Think\Model::find($options = Array) F:\wamp\www\zhou\Application\Common\Model\MenuModel.class.php 第 92 行.
SQL: SHOW COLUMNS FROM `cms_menu` [ RunTime:0.0030s ]
SQL: SELECT * FROM `cms_menu` WHERE `status` <> -1 AND `type` = 1 ORDER BY listorder desc,menu_id desc  [ RunTime:0.0010s ]
NOTIC: [8] Undefined index: a F:\wamp\www\zhou\Application\Common\Common\function.php 第 37 行.
NOTIC: [8] Undefined index: a F:\wamp\www\zhou\Application\Common\Common\function.php 第 37 行.
NOTIC: [8] Undefined index: a F:\wamp\www\zhou\Application\Common\Common\function.php 第 37 行.
NOTIC: [8] Undefined index: a F:\wamp\www\zhou\Application\Common\Common\function.php 第 37 行.
NOTIC: [8] Undefined index: a F:\wamp\www\zhou\Application\Common\Common\function.php 第 37 行.
NOTIC: [8] Undefined index: a F:\wamp\www\zhou\Application\Common\Common\function.php 第 37 行.
NOTIC: [8] Undefined index: a F:\wamp\www\zhou\Application\Common\Common\function.php 第 37 行.
NOTIC: [8] Undefined variable: nav F:\wamp\www\zhou\Application\Runtime\Cache\Admin\0d4811095465c27bdc8201c38b6c8544.php 第 100 行.
INFO: Run Behavior\ParseTemplateBehavior [ RunTime:0.030002s ]
INFO: [ view_parse ] --END-- [ RunTime:0.030002s ]
INFO: [ view_filter ] --START--
INFO: Run Behavior\WriteHtmlCacheBehavior [ RunTime:0.001000s ]
INFO: [ view_filter ] --END-- [ RunTime:0.001000s ]
INFO: [ app_end ] --START--
INFO: Run Behavior\ShowPageTraceBehavior [ RunTime:0.001000s ]
INFO: [ app_end ] --END-- [ RunTime:0.001000s ]

[ 2017-04-06T23:00:32+08:00 ] 127.0.0.1 /admin.php?c=reader&a=setStatus
INFO: [ app_init ] --START--
INFO: Run Behavior\BuildLiteBehavior [ RunTime:0.001000s ]
INFO: [ app_init ] --END-- [ RunTime:0.001000s ]
INFO: [ app_begin ] --START--
INFO: Run Behavior\ReadHtmlCacheBehavior [ RunTime:0.000000s ]
INFO: [ app_begin ] --END-- [ RunTime:0.001000s ]
NOTIC: [2048] Declaration of Admin\Controller\ReaderController::setStatus() should be compatible with Admin\Controller\CommonController::setStatus($data, $models) F:\wamp\www\zhou\Application\Admin\Controller\ReaderController.class.php 第 6 行.
SQL: SHOW COLUMNS FROM `cms_reader` [ RunTime:0.0030s ]
ERR: Think\Model:updateStatusById方法不存在！

[ 2017-04-06T23:00:33+08:00 ] 127.0.0.1 /admin.php?c=reader&a=setStatus
INFO: [ app_init ] --START--
INFO: Run Behavior\BuildLiteBehavior [ RunTime:0.000000s ]
INFO: [ app_init ] --END-- [ RunTime:0.001001s ]
INFO: [ app_begin ] --START--
INFO: Run Behavior\ReadHtmlCacheBehavior [ RunTime:0.001000s ]
INFO: [ app_begin ] --END-- [ RunTime:0.001000s ]
NOTIC: [2048] Declaration of Admin\Controller\ReaderController::setStatus() should be compatible with Admin\Controller\CommonController::setStatus($data, $models) F:\wamp\www\zhou\Application\Admin\Controller\ReaderController.class.php 第 6 行.
SQL: SHOW COLUMNS FROM `cms_reader` [ RunTime:0.0030s ]
ERR: Think\Model:updateStatusById方法不存在！

[ 2017-04-06T23:00:33+08:00 ] 127.0.0.1 /admin.php?c=reader&a=setStatus
INFO: [ app_init ] --START--
INFO: Run Behavior\BuildLiteBehavior [ RunTime:0.000000s ]
INFO: [ app_init ] --END-- [ RunTime:0.001000s ]
INFO: [ app_begin ] --START--
INFO: Run Behavior\ReadHtmlCacheBehavior [ RunTime:0.001000s ]
INFO: [ app_begin ] --END-- [ RunTime:0.001000s ]
NOTIC: [2048] Declaration of Admin\Controller\ReaderController::setStatus() should be compatible with Admin\Controller\CommonController::setStatus($data, $models) F:\wamp\www\zhou\Application\Admin\Controller\ReaderController.class.php 第 6 行.
SQL: SHOW COLUMNS FROM `cms_reader` [ RunTime:0.0030s ]
ERR: Think\Model:updateStatusById方法不存在！

[ 2017-04-06T23:00:39+08:00 ] 127.0.0.1 /admin.php?c=reader&a=setStatus
INFO: [ app_init ] --START--
INFO: Run Behavior\BuildLiteBehavior [ RunTime:0.000000s ]
INFO: [ app_init ] --END-- [ RunTime:0.001000s ]
INFO: [ app_begin ] --START--
INFO: Run Behavior\ReadHtmlCacheBehavior [ RunTime:0.000000s ]
INFO: [ app_begin ] --END-- [ RunTime:0.000000s ]
NOTIC: [2048] Declaration of Admin\Controller\ReaderController::setStatus() should be compatible with Admin\Controller\CommonController::setStatus($data, $models) F:\wamp\www\zhou\Application\Admin\Controller\ReaderController.class.php 第 6 行.
SQL: SHOW COLUMNS FROM `cms_reader` [ RunTime:0.0050s ]
ERR: Think\Model:updateStatusById方法不存在！

[ 2017-04-06T23:02:22+08:00 ] 127.0.0.1 /admin.php?c=reader
INFO: [ app_init ] --START--
INFO: Run Behavior\BuildLiteBehavior [ RunTime:0.001000s ]
INFO: [ app_init ] --END-- [ RunTime:0.001000s ]
INFO: [ app_begin ] --START--
INFO: Run Behavior\ReadHtmlCacheBehavior [ RunTime:0.001000s ]
INFO: [ app_begin ] --END-- [ RunTime:0.002000s ]
NOTIC: [2048] Declaration of Admin\Controller\ReaderController::setStatus() should be compatible with Admin\Controller\CommonController::setStatus($data, $models) F:\wamp\www\zhou\Application\Admin\Controller\ReaderController.class.php 第 6 行.
SQL: SHOW COLUMNS FROM `cms_reader` [ RunTime:0.0070s ]
SQL: SELECT * FROM `cms_reader` WHERE `status` <> -1 ORDER BY reader_id desc  [ RunTime:0.0010s ]
INFO: [ view_parse ] --START--
INFO: [ template_filter ] --START--
INFO: Run Behavior\ContentReplaceBehavior [ RunTime:0.000000s ]
INFO: [ template_filter ] --END-- [ RunTime:0.000000s ]
NOTIC: [2048] Declaration of Common\Model\MenuModel::find() should be compatible with Think\Model::find($options = Array) F:\wamp\www\zhou\Application\Common\Model\MenuModel.class.php 第 92 行.
SQL: SHOW COLUMNS FROM `cms_menu` [ RunTime:0.0060s ]
SQL: SELECT * FROM `cms_menu` WHERE `status` <> -1 AND `type` = 1 ORDER BY listorder desc,menu_id desc  [ RunTime:0.0010s ]
NOTIC: [8] Undefined index: a F:\wamp\www\zhou\Application\Common\Common\function.php 第 37 行.
NOTIC: [8] Undefined index: a F:\wamp\www\zhou\Application\Common\Common\function.php 第 37 行.
NOTIC: [8] Undefined index: a F:\wamp\www\zhou\Application\Common\Common\function.php 第 37 行.
NOTIC: [8] Undefined index: a F:\wamp\www\zhou\Application\Common\Common\function.php 第 37 行.
NOTIC: [8] Undefined index: a F:\wamp\www\zhou\Application\Common\Common\function.php 第 37 行.
NOTIC: [8] Undefined index: a F:\wamp\www\zhou\Application\Common\Common\function.php 第 37 行.
NOTIC: [8] Undefined index: a F:\wamp\www\zhou\Application\Common\Common\function.php 第 37 行.
NOTIC: [8] Undefined variable: nav F:\wamp\www\zhou\Application\Runtime\Cache\Admin\0d4811095465c27bdc8201c38b6c8544.php 第 100 行.
INFO: Run Behavior\ParseTemplateBehavior [ RunTime:0.048003s ]
INFO: [ view_parse ] --END-- [ RunTime:0.048003s ]
INFO: [ view_filter ] --START--
INFO: Run Behavior\WriteHtmlCacheBehavior [ RunTime:0.001000s ]
INFO: [ view_filter ] --END-- [ RunTime:0.001000s ]
INFO: [ app_end ] --START--
INFO: Run Behavior\ShowPageTraceBehavior [ RunTime:0.000000s ]
INFO: [ app_end ] --END-- [ RunTime:0.000000s ]

[ 2017-04-06T23:02:25+08:00 ] 127.0.0.1 /admin.php?c=reader&a=setStatus
INFO: [ app_init ] --START--
INFO: Run Behavior\BuildLiteBehavior [ RunTime:0.000000s ]
INFO: [ app_init ] --END-- [ RunTime:0.001000s ]
INFO: [ app_begin ] --START--
INFO: Run Behavior\ReadHtmlCacheBehavior [ RunTime:0.001000s ]
INFO: [ app_begin ] --END-- [ RunTime:0.002000s ]
NOTIC: [2048] Declaration of Admin\Controller\ReaderController::setStatus() should be compatible with Admin\Controller\CommonController::setStatus($data, $models) F:\wamp\www\zhou\Application\Admin\Controller\ReaderController.class.php 第 6 行.
SQL: SHOW COLUMNS FROM `cms_reader` [ RunTime:0.0050s ]
ERR: Think\Model:updateStatusById方法不存在！

[ 2017-04-06T23:03:05+08:00 ] 127.0.0.1 /admin.php?c=reader
INFO: [ app_init ] --START--
INFO: Run Behavior\BuildLiteBehavior [ RunTime:0.000000s ]
INFO: [ app_init ] --END-- [ RunTime:0.000000s ]
INFO: [ app_begin ] --START--
INFO: Run Behavior\ReadHtmlCacheBehavior [ RunTime:0.001000s ]
INFO: [ app_begin ] --END-- [ RunTime:0.001000s ]
NOTIC: [2048] Declaration of Admin\Controller\ReaderController::setStatus() should be compatible with Admin\Controller\CommonController::setStatus($data, $models) F:\wamp\www\zhou\Application\Admin\Controller\ReaderController.class.php 第 6 行.
SQL: SHOW COLUMNS FROM `cms_reader` [ RunTime:0.0040s ]
SQL: SELECT * FROM `cms_reader` WHERE `status` <> -1 ORDER BY reader_id desc  [ RunTime:0.0010s ]
INFO: [ view_parse ] --START--
INFO: [ template_filter ] --START--
INFO: Run Behavior\ContentReplaceBehavior [ RunTime:0.000000s ]
INFO: [ template_filter ] --END-- [ RunTime:0.001000s ]
NOTIC: [2048] Declaration of Common\Model\MenuModel::find() should be compatible with Think\Model::find($options = Array) F:\wamp\www\zhou\Application\Common\Model\MenuModel.class.php 第 92 行.
SQL: SHOW COLUMNS FROM `cms_menu` [ RunTime:0.0030s ]
SQL: SELECT * FROM `cms_menu` WHERE `status` <> -1 AND `type` = 1 ORDER BY listorder desc,menu_id desc  [ RunTime:0.0010s ]
NOTIC: [8] Undefined index: a F:\wamp\www\zhou\Application\Common\Common\function.php 第 37 行.
NOTIC: [8] Undefined index: a F:\wamp\www\zhou\Application\Common\Common\function.php 第 37 行.
NOTIC: [8] Undefined index: a F:\wamp\www\zhou\Application\Common\Common\function.php 第 37 行.
NOTIC: [8] Undefined index: a F:\wamp\www\zhou\Application\Common\Common\function.php 第 37 行.
NOTIC: [8] Undefined index: a F:\wamp\www\zhou\Application\Common\Common\function.php 第 37 行.
NOTIC: [8] Undefined index: a F:\wamp\www\zhou\Application\Common\Common\function.php 第 37 行.
NOTIC: [8] Undefined index: a F:\wamp\www\zhou\Application\Common\Common\function.php 第 37 行.
NOTIC: [8] Undefined variable: nav F:\wamp\www\zhou\Application\Runtime\Cache\Admin\0d4811095465c27bdc8201c38b6c8544.php 第 100 行.
INFO: Run Behavior\ParseTemplateBehavior [ RunTime:0.042002s ]
INFO: [ view_parse ] --END-- [ RunTime:0.042002s ]
INFO: [ view_filter ] --START--
INFO: Run Behavior\WriteHtmlCacheBehavior [ RunTime:0.001000s ]
INFO: [ view_filter ] --END-- [ RunTime:0.002000s ]
INFO: [ app_end ] --START--
INFO: Run Behavior\ShowPageTraceBehavior [ RunTime:0.001000s ]
INFO: [ app_end ] --END-- [ RunTime:0.002001s ]

[ 2017-04-06T23:03:07+08:00 ] 127.0.0.1 /admin.php?c=reader&a=setStatus
INFO: [ app_init ] --START--
INFO: Run Behavior\BuildLiteBehavior [ RunTime:0.000000s ]
INFO: [ app_init ] --END-- [ RunTime:0.001000s ]
INFO: [ app_begin ] --START--
INFO: Run Behavior\ReadHtmlCacheBehavior [ RunTime:0.000000s ]
INFO: [ app_begin ] --END-- [ RunTime:0.001000s ]
NOTIC: [2048] Declaration of Admin\Controller\ReaderController::setStatus() should be compatible with Admin\Controller\CommonController::setStatus($data, $models) F:\wamp\www\zhou\Application\Admin\Controller\ReaderController.class.php 第 6 行.
SQL: SHOW COLUMNS FROM `cms_reader` [ RunTime:0.0030s ]
ERR: Think\Model:updateStatusById方法不存在！

