[ 2017-04-14T21:00:51+08:00 ] 127.0.0.1 /admin.php
INFO: [ app_init ] --START--
INFO: Run Behavior\BuildLiteBehavior [ RunTime:0.000000s ]
INFO: [ app_init ] --END-- [ RunTime:0.001000s ]
INFO: [ app_begin ] --START--
INFO: Run Behavior\ReadHtmlCacheBehavior [ RunTime:0.000000s ]
INFO: [ app_begin ] --END-- [ RunTime:0.000000s ]
NOTIC: [8] Undefined variable: sing_path F:\wamp\www\zhou\ThinkPHP\Common\functions.php 第 991 行.
NOTIC: [8] Undefined variable: module F:\wamp\www\zhou\ThinkPHP\Common\functions.php 第 994 行.
NOTIC: [8] Undefined variable: var F:\wamp\www\zhou\ThinkPHP\Common\functions.php 第 997 行.
NOTIC: [2] array_reverse() expects parameter 1 to be array, null given F:\wamp\www\zhou\ThinkPHP\Common\functions.php 第 997 行.
NOTIC: [2] http_build_query(): Parameter 1 expected to be Array or Object.  Incorrect value given F:\wamp\www\zhou\ThinkPHP\Common\functions.php 第 997 行.

[ 2017-04-14T21:00:51+08:00 ] 127.0.0.1 /admin.php?&c=login
INFO: [ app_init ] --START--
INFO: Run Behavior\BuildLiteBehavior [ RunTime:0.000000s ]
INFO: [ app_init ] --END-- [ RunTime:0.001000s ]
INFO: [ app_begin ] --START--
INFO: Run Behavior\ReadHtmlCacheBehavior [ RunTime:0.000000s ]
INFO: [ app_begin ] --END-- [ RunTime:0.001000s ]
INFO: [ view_parse ] --START--
INFO: [ template_filter ] --START--
INFO: Run Behavior\ContentReplaceBehavior [ RunTime:0.000000s ]
INFO: [ template_filter ] --END-- [ RunTime:0.000000s ]
INFO: Run Behavior\ParseTemplateBehavior [ RunTime:0.040002s ]
INFO: [ view_parse ] --END-- [ RunTime:0.042002s ]
INFO: [ view_filter ] --START--
INFO: Run Behavior\WriteHtmlCacheBehavior [ RunTime:0.000000s ]
INFO: [ view_filter ] --END-- [ RunTime:0.000000s ]
INFO: [ app_end ] --START--
INFO: Run Behavior\ShowPageTraceBehavior [ RunTime:0.000000s ]
INFO: [ app_end ] --END-- [ RunTime:0.000000s ]

[ 2017-04-14T21:00:59+08:00 ] 127.0.0.1 /admin.php?c=login&a=check
INFO: [ app_init ] --START--
INFO: Run Behavior\BuildLiteBehavior [ RunTime:0.000000s ]
INFO: [ app_init ] --END-- [ RunTime:0.000000s ]
INFO: [ app_begin ] --START--
INFO: Run Behavior\ReadHtmlCacheBehavior [ RunTime:0.000000s ]
INFO: [ app_begin ] --END-- [ RunTime:0.000000s ]
SQL: SHOW COLUMNS FROM `cms_admin` [ RunTime:0.0480s ]
SQL: SELECT * FROM `cms_admin` WHERE ( username="admin" ) LIMIT 1   [ RunTime:0.0010s ]
SQL: UPDATE `cms_admin` SET `lastlogintime`='1492174859' WHERE ( admin_id=1 ) [ RunTime:0.0000s ]

[ 2017-04-14T21:01:01+08:00 ] 127.0.0.1 /admin.php?c=index
INFO: [ app_init ] --START--
INFO: Run Behavior\BuildLiteBehavior [ RunTime:0.000000s ]
INFO: [ app_init ] --END-- [ RunTime:0.001000s ]
INFO: [ app_begin ] --START--
INFO: Run Behavior\ReadHtmlCacheBehavior [ RunTime:0.001000s ]
INFO: [ app_begin ] --END-- [ RunTime:0.001000s ]
NOTIC: [2048] Declaration of Common\Model\NewsModel::find() should be compatible with Think\Model::find($options = Array) F:\wamp\www\zhou\Application\Common\Model\NewsModel.class.php 第 6 行.
SQL: SHOW COLUMNS FROM `cms_news` [ RunTime:0.0030s ]
SQL: SELECT * FROM `cms_news` WHERE `status` = 1 ORDER BY count desc LIMIT 1   [ RunTime:0.0010s ]
SQL: SELECT COUNT(*) AS tp_count FROM `cms_news` WHERE `status` <> -1 LIMIT 1   [ RunTime:0.0830s ]
NOTIC: [2048] Declaration of Common\Model\PositionModel::find() should be compatible with Think\Model::find($options = Array) F:\wamp\www\zhou\Application\Common\Model\PositionModel.class.php 第 37 行.
SQL: SHOW COLUMNS FROM `cms_position` [ RunTime:0.0510s ]
SQL: SELECT COUNT(*) AS tp_count FROM `cms_position` WHERE `status` = 1 LIMIT 1   [ RunTime:0.0120s ]
SQL: SHOW COLUMNS FROM `cms_admin` [ RunTime:0.0090s ]
SQL: SELECT COUNT(*) AS tp_count FROM `cms_admin` WHERE `status` = 1 AND `lastlogintime` > 1492099200 LIMIT 1   [ RunTime:0.0010s ]
NOTIC: [2] Illegal string offset 'tp_count' F:\wamp\www\zhou\Application\Common\Model\AdminModel.class.php 第 73 行.
INFO: [ view_parse ] --START--
INFO: [ template_filter ] --START--
INFO: Run Behavior\ContentReplaceBehavior [ RunTime:0.000000s ]
INFO: [ template_filter ] --END-- [ RunTime:0.000000s ]
NOTIC: [2048] Declaration of Common\Model\MenuModel::find() should be compatible with Think\Model::find($options = Array) F:\wamp\www\zhou\Application\Common\Model\MenuModel.class.php 第 92 行.
SQL: SHOW COLUMNS FROM `cms_menu` [ RunTime:0.0030s ]
SQL: SELECT * FROM `cms_menu` WHERE `status` <> -1 AND `type` = 1 ORDER BY listorder desc,menu_id desc  [ RunTime:0.0010s ]
NOTIC: [8] Undefined index: a F:\wamp\www\zhou\Application\Common\Common\function.php 第 37 行.
NOTIC: [8] Undefined index: a F:\wamp\www\zhou\Application\Common\Common\function.php 第 37 行.
NOTIC: [8] Undefined index: a F:\wamp\www\zhou\Application\Common\Common\function.php 第 37 行.
NOTIC: [8] Undefined index: a F:\wamp\www\zhou\Application\Common\Common\function.php 第 37 行.
NOTIC: [8] Undefined index: a F:\wamp\www\zhou\Application\Common\Common\function.php 第 37 行.
NOTIC: [8] Undefined index: a F:\wamp\www\zhou\Application\Common\Common\function.php 第 37 行.
INFO: Run Behavior\ParseTemplateBehavior [ RunTime:0.068004s ]
INFO: [ view_parse ] --END-- [ RunTime:0.068004s ]
INFO: [ view_filter ] --START--
INFO: Run Behavior\WriteHtmlCacheBehavior [ RunTime:0.001000s ]
INFO: [ view_filter ] --END-- [ RunTime:0.001000s ]
INFO: [ app_end ] --START--
INFO: Run Behavior\ShowPageTraceBehavior [ RunTime:0.001000s ]
INFO: [ app_end ] --END-- [ RunTime:0.001000s ]

[ 2017-04-14T21:24:25+08:00 ] 127.0.0.1 /admin.php?c=content
INFO: [ app_init ] --START--
INFO: Run Behavior\BuildLiteBehavior [ RunTime:0.000000s ]
INFO: [ app_init ] --END-- [ RunTime:0.001000s ]
INFO: [ app_begin ] --START--
INFO: Run Behavior\ReadHtmlCacheBehavior [ RunTime:0.001000s ]
INFO: [ app_begin ] --END-- [ RunTime:0.001000s ]
NOTIC: [2048] Declaration of Admin\Controller\ContentController::setStatus() should be compatible with Admin\Controller\CommonController::setStatus($data, $models) F:\wamp\www\zhou\Application\Admin\Controller\ContentController.class.php 第 12 行.
NOTIC: [8] Undefined index: title F:\wamp\www\zhou\Application\Admin\Controller\ContentController.class.php 第 16 行.
NOTIC: [8] Undefined index: catid F:\wamp\www\zhou\Application\Admin\Controller\ContentController.class.php 第 20 行.
NOTIC: [8] Undefined index: p F:\wamp\www\zhou\Application\Admin\Controller\ContentController.class.php 第 24 行.
NOTIC: [2048] Declaration of Common\Model\NewsModel::find() should be compatible with Think\Model::find($options = Array) F:\wamp\www\zhou\Application\Common\Model\NewsModel.class.php 第 6 行.
SQL: SHOW COLUMNS FROM `cms_news` [ RunTime:0.0040s ]
SQL: SELECT * FROM `cms_news` WHERE `status` <> -1 ORDER BY listorder desc ,news_id desc LIMIT 0,10   [ RunTime:0.0000s ]
SQL: SELECT COUNT(*) AS tp_count FROM `cms_news` WHERE `status` <> -1 LIMIT 1   [ RunTime:0.0010s ]
NOTIC: [8] Undefined variable: sing_path F:\wamp\www\zhou\ThinkPHP\Common\functions.php 第 991 行.
NOTIC: [2048] Declaration of Common\Model\PositionModel::find() should be compatible with Think\Model::find($options = Array) F:\wamp\www\zhou\Application\Common\Model\PositionModel.class.php 第 37 行.
SQL: SHOW COLUMNS FROM `cms_position` [ RunTime:0.0080s ]
SQL: SELECT * FROM `cms_position` WHERE `status` = 1 ORDER BY id  [ RunTime:0.0010s ]
NOTIC: [2048] Declaration of Common\Model\MenuModel::find() should be compatible with Think\Model::find($options = Array) F:\wamp\www\zhou\Application\Common\Model\MenuModel.class.php 第 92 行.
SQL: SHOW COLUMNS FROM `cms_menu` [ RunTime:0.0060s ]
SQL: SELECT * FROM `cms_menu` WHERE `status` = 1 AND `type` = 0 ORDER BY listorder desc,menu_id desc  [ RunTime:0.0000s ]
INFO: [ view_parse ] --START--
INFO: [ template_filter ] --START--
INFO: Run Behavior\ContentReplaceBehavior [ RunTime:0.000000s ]
INFO: [ template_filter ] --END-- [ RunTime:0.001000s ]
SQL: SELECT * FROM `cms_menu` WHERE `status` <> -1 AND `type` = 1 ORDER BY listorder desc,menu_id desc  [ RunTime:0.0010s ]
NOTIC: [8] Undefined index: a F:\wamp\www\zhou\Application\Common\Common\function.php 第 37 行.
NOTIC: [8] Undefined index: a F:\wamp\www\zhou\Application\Common\Common\function.php 第 37 行.
NOTIC: [8] Undefined index: a F:\wamp\www\zhou\Application\Common\Common\function.php 第 37 行.
NOTIC: [8] Undefined index: a F:\wamp\www\zhou\Application\Common\Common\function.php 第 37 行.
NOTIC: [8] Undefined index: a F:\wamp\www\zhou\Application\Common\Common\function.php 第 37 行.
NOTIC: [8] Undefined index: a F:\wamp\www\zhou\Application\Common\Common\function.php 第 37 行.
INFO: Run Behavior\ParseTemplateBehavior [ RunTime:0.084005s ]
INFO: [ view_parse ] --END-- [ RunTime:0.085005s ]
INFO: [ view_filter ] --START--
INFO: Run Behavior\WriteHtmlCacheBehavior [ RunTime:0.000000s ]
INFO: [ view_filter ] --END-- [ RunTime:0.001000s ]
INFO: [ app_end ] --START--
INFO: Run Behavior\ShowPageTraceBehavior [ RunTime:0.001000s ]
INFO: [ app_end ] --END-- [ RunTime:0.002000s ]

[ 2017-04-14T21:24:26+08:00 ] 127.0.0.1 /admin.php?c=menu
INFO: [ app_init ] --START--
INFO: Run Behavior\BuildLiteBehavior [ RunTime:0.000000s ]
INFO: [ app_init ] --END-- [ RunTime:0.001000s ]
INFO: [ app_begin ] --START--
INFO: Run Behavior\ReadHtmlCacheBehavior [ RunTime:0.000000s ]
INFO: [ app_begin ] --END-- [ RunTime:0.001000s ]
NOTIC: [2048] Declaration of Admin\Controller\MenuController::setStatus() should be compatible with Admin\Controller\CommonController::setStatus($data, $models) F:\wamp\www\zhou\Application\Admin\Controller\MenuController.class.php 第 9 行.
NOTIC: [8] Undefined index: p F:\wamp\www\zhou\Application\Admin\Controller\MenuController.class.php 第 51 行.
NOTIC: [8] Undefined index: pageSize F:\wamp\www\zhou\Application\Admin\Controller\MenuController.class.php 第 52 行.
NOTIC: [2048] Declaration of Common\Model\MenuModel::find() should be compatible with Think\Model::find($options = Array) F:\wamp\www\zhou\Application\Common\Model\MenuModel.class.php 第 5 行.
SQL: SHOW COLUMNS FROM `cms_menu` [ RunTime:0.0040s ]
SQL: SELECT * FROM `cms_menu` WHERE `status` <> -1 ORDER BY listorder desc,menu_id desc LIMIT 0,3   [ RunTime:0.0000s ]
SQL: SELECT COUNT(*) AS tp_count FROM `cms_menu` WHERE `status` <> -1 LIMIT 1   [ RunTime:0.0000s ]
NOTIC: [8] Undefined variable: sing_path F:\wamp\www\zhou\ThinkPHP\Common\functions.php 第 991 行.
INFO: [ view_parse ] --START--
INFO: [ template_filter ] --START--
INFO: Run Behavior\ContentReplaceBehavior [ RunTime:0.000000s ]
INFO: [ template_filter ] --END-- [ RunTime:0.000000s ]
SQL: SELECT * FROM `cms_menu` WHERE `status` <> -1 AND `type` = 1 ORDER BY listorder desc,menu_id desc  [ RunTime:0.0000s ]
NOTIC: [8] Undefined index: a F:\wamp\www\zhou\Application\Common\Common\function.php 第 37 行.
NOTIC: [8] Undefined index: a F:\wamp\www\zhou\Application\Common\Common\function.php 第 37 行.
NOTIC: [8] Undefined index: a F:\wamp\www\zhou\Application\Common\Common\function.php 第 37 行.
NOTIC: [8] Undefined index: a F:\wamp\www\zhou\Application\Common\Common\function.php 第 37 行.
NOTIC: [8] Undefined index: a F:\wamp\www\zhou\Application\Common\Common\function.php 第 37 行.
NOTIC: [8] Undefined index: a F:\wamp\www\zhou\Application\Common\Common\function.php 第 37 行.
NOTIC: [8] Undefined variable: nav F:\wamp\www\zhou\Application\Runtime\Cache\Admin\b956215329b6f9aca22277599a4efdfc.php 第 101 行.
INFO: Run Behavior\ParseTemplateBehavior [ RunTime:0.028001s ]
INFO: [ view_parse ] --END-- [ RunTime:0.028001s ]
INFO: [ view_filter ] --START--
INFO: Run Behavior\WriteHtmlCacheBehavior [ RunTime:0.000000s ]
INFO: [ view_filter ] --END-- [ RunTime:0.001001s ]
INFO: [ app_end ] --START--
INFO: Run Behavior\ShowPageTraceBehavior [ RunTime:0.001000s ]
INFO: [ app_end ] --END-- [ RunTime:0.001000s ]

[ 2017-04-14T21:24:31+08:00 ] 127.0.0.1 /admin.php?c=menu&a=listorder
INFO: [ app_init ] --START--
INFO: Run Behavior\BuildLiteBehavior [ RunTime:0.000000s ]
INFO: [ app_init ] --END-- [ RunTime:0.001000s ]
INFO: [ app_begin ] --START--
INFO: Run Behavior\ReadHtmlCacheBehavior [ RunTime:0.000000s ]
INFO: [ app_begin ] --END-- [ RunTime:0.000000s ]
NOTIC: [2048] Declaration of Admin\Controller\MenuController::setStatus() should be compatible with Admin\Controller\CommonController::setStatus($data, $models) F:\wamp\www\zhou\Application\Admin\Controller\MenuController.class.php 第 9 行.
NOTIC: [2048] Declaration of Common\Model\MenuModel::find() should be compatible with Think\Model::find($options = Array) F:\wamp\www\zhou\Application\Common\Model\MenuModel.class.php 第 5 行.
SQL: SHOW COLUMNS FROM `cms_menu` [ RunTime:0.0030s ]
SQL: UPDATE `cms_menu` SET `listorder`='10' WHERE ( menu_id=1 ) [ RunTime:0.0000s ]
SQL: UPDATE `cms_menu` SET `listorder`='9' WHERE ( menu_id=6 ) [ RunTime:0.0000s ]
SQL: UPDATE `cms_menu` SET `listorder`='3' WHERE ( menu_id=3 ) [ RunTime:0.0000s ]

[ 2017-04-14T21:24:33+08:00 ] 127.0.0.1 /admin.php?c=menu
INFO: [ app_init ] --START--
INFO: Run Behavior\BuildLiteBehavior [ RunTime:0.000000s ]
INFO: [ app_init ] --END-- [ RunTime:0.001000s ]
INFO: [ app_begin ] --START--
INFO: Run Behavior\ReadHtmlCacheBehavior [ RunTime:0.000000s ]
INFO: [ app_begin ] --END-- [ RunTime:0.002000s ]
NOTIC: [2048] Declaration of Admin\Controller\MenuController::setStatus() should be compatible with Admin\Controller\CommonController::setStatus($data, $models) F:\wamp\www\zhou\Application\Admin\Controller\MenuController.class.php 第 9 行.
NOTIC: [8] Undefined index: p F:\wamp\www\zhou\Application\Admin\Controller\MenuController.class.php 第 51 行.
NOTIC: [8] Undefined index: pageSize F:\wamp\www\zhou\Application\Admin\Controller\MenuController.class.php 第 52 行.
NOTIC: [2048] Declaration of Common\Model\MenuModel::find() should be compatible with Think\Model::find($options = Array) F:\wamp\www\zhou\Application\Common\Model\MenuModel.class.php 第 5 行.
SQL: SHOW COLUMNS FROM `cms_menu` [ RunTime:0.0030s ]
SQL: SELECT * FROM `cms_menu` WHERE `status` <> -1 ORDER BY listorder desc,menu_id desc LIMIT 0,3   [ RunTime:0.0010s ]
SQL: SELECT COUNT(*) AS tp_count FROM `cms_menu` WHERE `status` <> -1 LIMIT 1   [ RunTime:0.0010s ]
NOTIC: [8] Undefined variable: sing_path F:\wamp\www\zhou\ThinkPHP\Common\functions.php 第 991 行.
INFO: [ view_parse ] --START--
INFO: [ template_filter ] --START--
INFO: Run Behavior\ContentReplaceBehavior [ RunTime:0.000000s ]
INFO: [ template_filter ] --END-- [ RunTime:0.000000s ]
SQL: SELECT * FROM `cms_menu` WHERE `status` <> -1 AND `type` = 1 ORDER BY listorder desc,menu_id desc  [ RunTime:0.0010s ]
NOTIC: [8] Undefined index: a F:\wamp\www\zhou\Application\Common\Common\function.php 第 37 行.
NOTIC: [8] Undefined index: a F:\wamp\www\zhou\Application\Common\Common\function.php 第 37 行.
NOTIC: [8] Undefined index: a F:\wamp\www\zhou\Application\Common\Common\function.php 第 37 行.
NOTIC: [8] Undefined index: a F:\wamp\www\zhou\Application\Common\Common\function.php 第 37 行.
NOTIC: [8] Undefined index: a F:\wamp\www\zhou\Application\Common\Common\function.php 第 37 行.
NOTIC: [8] Undefined index: a F:\wamp\www\zhou\Application\Common\Common\function.php 第 37 行.
NOTIC: [8] Undefined variable: nav F:\wamp\www\zhou\Application\Runtime\Cache\Admin\b956215329b6f9aca22277599a4efdfc.php 第 101 行.
INFO: Run Behavior\ParseTemplateBehavior [ RunTime:0.024001s ]
INFO: [ view_parse ] --END-- [ RunTime:0.024001s ]
INFO: [ view_filter ] --START--
INFO: Run Behavior\WriteHtmlCacheBehavior [ RunTime:0.001000s ]
INFO: [ view_filter ] --END-- [ RunTime:0.001000s ]
INFO: [ app_end ] --START--
INFO: Run Behavior\ShowPageTraceBehavior [ RunTime:0.000000s ]
INFO: [ app_end ] --END-- [ RunTime:0.002001s ]

[ 2017-04-14T21:24:40+08:00 ] 127.0.0.1 /admin.php?m=Admin&c=Menu&a=index&p=2
INFO: [ app_init ] --START--
INFO: Run Behavior\BuildLiteBehavior [ RunTime:0.000000s ]
INFO: [ app_init ] --END-- [ RunTime:0.001000s ]
INFO: [ app_begin ] --START--
INFO: Run Behavior\ReadHtmlCacheBehavior [ RunTime:0.000000s ]
INFO: [ app_begin ] --END-- [ RunTime:0.000000s ]
NOTIC: [2048] Declaration of Admin\Controller\MenuController::setStatus() should be compatible with Admin\Controller\CommonController::setStatus($data, $models) F:\wamp\www\zhou\Application\Admin\Controller\MenuController.class.php 第 9 行.
NOTIC: [8] Undefined index: pageSize F:\wamp\www\zhou\Application\Admin\Controller\MenuController.class.php 第 52 行.
NOTIC: [2048] Declaration of Common\Model\MenuModel::find() should be compatible with Think\Model::find($options = Array) F:\wamp\www\zhou\Application\Common\Model\MenuModel.class.php 第 5 行.
SQL: SHOW COLUMNS FROM `cms_menu` [ RunTime:0.0030s ]
SQL: SELECT * FROM `cms_menu` WHERE `status` <> -1 ORDER BY listorder desc,menu_id desc LIMIT 3,3   [ RunTime:0.0010s ]
SQL: SELECT COUNT(*) AS tp_count FROM `cms_menu` WHERE `status` <> -1 LIMIT 1   [ RunTime:0.0010s ]
NOTIC: [8] Undefined variable: sing_path F:\wamp\www\zhou\ThinkPHP\Common\functions.php 第 991 行.
INFO: [ view_parse ] --START--
INFO: [ template_filter ] --START--
INFO: Run Behavior\ContentReplaceBehavior [ RunTime:0.000000s ]
INFO: [ template_filter ] --END-- [ RunTime:0.000000s ]
SQL: SELECT * FROM `cms_menu` WHERE `status` <> -1 AND `type` = 1 ORDER BY listorder desc,menu_id desc  [ RunTime:0.0010s ]
NOTIC: [8] Undefined index: a F:\wamp\www\zhou\Application\Common\Common\function.php 第 37 行.
NOTIC: [8] Undefined index: a F:\wamp\www\zhou\Application\Common\Common\function.php 第 37 行.
NOTIC: [8] Undefined index: a F:\wamp\www\zhou\Application\Common\Common\function.php 第 37 行.
NOTIC: [8] Undefined index: a F:\wamp\www\zhou\Application\Common\Common\function.php 第 37 行.
NOTIC: [8] Undefined index: a F:\wamp\www\zhou\Application\Common\Common\function.php 第 37 行.
NOTIC: [8] Undefined index: a F:\wamp\www\zhou\Application\Common\Common\function.php 第 37 行.
NOTIC: [8] Undefined variable: nav F:\wamp\www\zhou\Application\Runtime\Cache\Admin\b956215329b6f9aca22277599a4efdfc.php 第 101 行.
INFO: Run Behavior\ParseTemplateBehavior [ RunTime:0.023001s ]
INFO: [ view_parse ] --END-- [ RunTime:0.023001s ]
INFO: [ view_filter ] --START--
INFO: Run Behavior\WriteHtmlCacheBehavior [ RunTime:0.001000s ]
INFO: [ view_filter ] --END-- [ RunTime:0.001000s ]
INFO: [ app_end ] --START--
INFO: Run Behavior\ShowPageTraceBehavior [ RunTime:0.002000s ]
INFO: [ app_end ] --END-- [ RunTime:0.002000s ]

[ 2017-04-14T21:24:50+08:00 ] 127.0.0.1 /admin.php?c=content
INFO: [ app_init ] --START--
INFO: Run Behavior\BuildLiteBehavior [ RunTime:0.000000s ]
INFO: [ app_init ] --END-- [ RunTime:0.001000s ]
INFO: [ app_begin ] --START--
INFO: Run Behavior\ReadHtmlCacheBehavior [ RunTime:0.001000s ]
INFO: [ app_begin ] --END-- [ RunTime:0.001000s ]
NOTIC: [2048] Declaration of Admin\Controller\ContentController::setStatus() should be compatible with Admin\Controller\CommonController::setStatus($data, $models) F:\wamp\www\zhou\Application\Admin\Controller\ContentController.class.php 第 12 行.
NOTIC: [8] Undefined index: title F:\wamp\www\zhou\Application\Admin\Controller\ContentController.class.php 第 16 行.
NOTIC: [8] Undefined index: catid F:\wamp\www\zhou\Application\Admin\Controller\ContentController.class.php 第 20 行.
NOTIC: [8] Undefined index: p F:\wamp\www\zhou\Application\Admin\Controller\ContentController.class.php 第 24 行.
NOTIC: [2048] Declaration of Common\Model\NewsModel::find() should be compatible with Think\Model::find($options = Array) F:\wamp\www\zhou\Application\Common\Model\NewsModel.class.php 第 6 行.
SQL: SHOW COLUMNS FROM `cms_news` [ RunTime:0.0030s ]
SQL: SELECT * FROM `cms_news` WHERE `status` <> -1 ORDER BY listorder desc ,news_id desc LIMIT 0,10   [ RunTime:0.0010s ]
SQL: SELECT COUNT(*) AS tp_count FROM `cms_news` WHERE `status` <> -1 LIMIT 1   [ RunTime:0.0000s ]
NOTIC: [8] Undefined variable: sing_path F:\wamp\www\zhou\ThinkPHP\Common\functions.php 第 991 行.
NOTIC: [2048] Declaration of Common\Model\PositionModel::find() should be compatible with Think\Model::find($options = Array) F:\wamp\www\zhou\Application\Common\Model\PositionModel.class.php 第 37 行.
SQL: SHOW COLUMNS FROM `cms_position` [ RunTime:0.0040s ]
SQL: SELECT * FROM `cms_position` WHERE `status` = 1 ORDER BY id  [ RunTime:0.0000s ]
NOTIC: [2048] Declaration of Common\Model\MenuModel::find() should be compatible with Think\Model::find($options = Array) F:\wamp\www\zhou\Application\Common\Model\MenuModel.class.php 第 92 行.
SQL: SHOW COLUMNS FROM `cms_menu` [ RunTime:0.0030s ]
SQL: SELECT * FROM `cms_menu` WHERE `status` = 1 AND `type` = 0 ORDER BY listorder desc,menu_id desc  [ RunTime:0.0010s ]
INFO: [ view_parse ] --START--
INFO: [ template_filter ] --START--
INFO: Run Behavior\ContentReplaceBehavior [ RunTime:0.000000s ]
INFO: [ template_filter ] --END-- [ RunTime:0.001000s ]
SQL: SELECT * FROM `cms_menu` WHERE `status` <> -1 AND `type` = 1 ORDER BY listorder desc,menu_id desc  [ RunTime:0.0010s ]
NOTIC: [8] Undefined index: a F:\wamp\www\zhou\Application\Common\Common\function.php 第 37 行.
NOTIC: [8] Undefined index: a F:\wamp\www\zhou\Application\Common\Common\function.php 第 37 行.
NOTIC: [8] Undefined index: a F:\wamp\www\zhou\Application\Common\Common\function.php 第 37 行.
NOTIC: [8] Undefined index: a F:\wamp\www\zhou\Application\Common\Common\function.php 第 37 行.
NOTIC: [8] Undefined index: a F:\wamp\www\zhou\Application\Common\Common\function.php 第 37 行.
NOTIC: [8] Undefined index: a F:\wamp\www\zhou\Application\Common\Common\function.php 第 37 行.
INFO: Run Behavior\ParseTemplateBehavior [ RunTime:0.028002s ]
INFO: [ view_parse ] --END-- [ RunTime:0.028002s ]
INFO: [ view_filter ] --START--
INFO: Run Behavior\WriteHtmlCacheBehavior [ RunTime:0.001000s ]
INFO: [ view_filter ] --END-- [ RunTime:0.001000s ]
INFO: [ app_end ] --START--
INFO: Run Behavior\ShowPageTraceBehavior [ RunTime:0.001000s ]
INFO: [ app_end ] --END-- [ RunTime:0.002000s ]

[ 2017-04-14T21:24:52+08:00 ] 127.0.0.1 /admin.php?c=tucao
INFO: [ app_init ] --START--
INFO: Run Behavior\BuildLiteBehavior [ RunTime:0.000000s ]
INFO: [ app_init ] --END-- [ RunTime:0.000000s ]
INFO: [ app_begin ] --START--
INFO: Run Behavior\ReadHtmlCacheBehavior [ RunTime:0.001000s ]
INFO: [ app_begin ] --END-- [ RunTime:0.001000s ]
NOTIC: [2048] Declaration of Admin\Controller\TucaoController::setStatus() should be compatible with Admin\Controller\CommonController::setStatus($data, $models) F:\wamp\www\zhou\Application\Admin\Controller\TucaoController.class.php 第 6 行.
NOTIC: [2048] Declaration of Common\Model\TcModel::select() should be compatible with Think\Model::select($options = Array) F:\wamp\www\zhou\Application\Common\Model\TcModel.class.php 第 9 行.
NOTIC: [2048] Declaration of Common\Model\TcModel::find() should be compatible with Think\Model::find($options = Array) F:\wamp\www\zhou\Application\Common\Model\TcModel.class.php 第 9 行.
SQL: SHOW COLUMNS FROM `cms_tc` [ RunTime:0.0030s ]
SQL: SELECT * FROM `cms_tc` ORDER BY tc_id desc  [ RunTime:0.0000s ]
INFO: [ view_parse ] --START--
INFO: [ template_filter ] --START--
INFO: Run Behavior\ContentReplaceBehavior [ RunTime:0.000000s ]
INFO: [ template_filter ] --END-- [ RunTime:0.000000s ]
NOTIC: [2048] Declaration of Common\Model\MenuModel::find() should be compatible with Think\Model::find($options = Array) F:\wamp\www\zhou\Application\Common\Model\MenuModel.class.php 第 92 行.
SQL: SHOW COLUMNS FROM `cms_menu` [ RunTime:0.0030s ]
SQL: SELECT * FROM `cms_menu` WHERE `status` <> -1 AND `type` = 1 ORDER BY listorder desc,menu_id desc  [ RunTime:0.0010s ]
NOTIC: [8] Undefined index: a F:\wamp\www\zhou\Application\Common\Common\function.php 第 37 行.
NOTIC: [8] Undefined index: a F:\wamp\www\zhou\Application\Common\Common\function.php 第 37 行.
NOTIC: [8] Undefined index: a F:\wamp\www\zhou\Application\Common\Common\function.php 第 37 行.
NOTIC: [8] Undefined index: a F:\wamp\www\zhou\Application\Common\Common\function.php 第 37 行.
NOTIC: [8] Undefined index: a F:\wamp\www\zhou\Application\Common\Common\function.php 第 37 行.
NOTIC: [8] Undefined index: a F:\wamp\www\zhou\Application\Common\Common\function.php 第 37 行.
NOTIC: [8] Undefined variable: webSiteMenu F:\wamp\www\zhou\Application\Runtime\Cache\Admin\a1e78f1e99f1b07b1c9d3af5979cdbe9.php 第 128 行.
NOTIC: [8] Undefined index: catid F:\wamp\www\zhou\Application\Runtime\Cache\Admin\a1e78f1e99f1b07b1c9d3af5979cdbe9.php 第 128 行.
NOTIC: [2] Invalid argument supplied for foreach() F:\wamp\www\zhou\Application\Common\Common\function.php 第 65 行.
NOTIC: [8] Undefined variable: webSiteMenu F:\wamp\www\zhou\Application\Runtime\Cache\Admin\a1e78f1e99f1b07b1c9d3af5979cdbe9.php 第 128 行.
NOTIC: [8] Undefined index: catid F:\wamp\www\zhou\Application\Runtime\Cache\Admin\a1e78f1e99f1b07b1c9d3af5979cdbe9.php 第 128 行.
NOTIC: [2] Invalid argument supplied for foreach() F:\wamp\www\zhou\Application\Common\Common\function.php 第 65 行.
NOTIC: [8] Undefined variable: webSiteMenu F:\wamp\www\zhou\Application\Runtime\Cache\Admin\a1e78f1e99f1b07b1c9d3af5979cdbe9.php 第 128 行.
NOTIC: [8] Undefined index: catid F:\wamp\www\zhou\Application\Runtime\Cache\Admin\a1e78f1e99f1b07b1c9d3af5979cdbe9.php 第 128 行.
NOTIC: [2] Invalid argument supplied for foreach() F:\wamp\www\zhou\Application\Common\Common\function.php 第 65 行.
NOTIC: [8] Undefined variable: webSiteMenu F:\wamp\www\zhou\Application\Runtime\Cache\Admin\a1e78f1e99f1b07b1c9d3af5979cdbe9.php 第 128 行.
NOTIC: [8] Undefined index: catid F:\wamp\www\zhou\Application\Runtime\Cache\Admin\a1e78f1e99f1b07b1c9d3af5979cdbe9.php 第 128 行.
NOTIC: [2] Invalid argument supplied for foreach() F:\wamp\www\zhou\Application\Common\Common\function.php 第 65 行.
NOTIC: [8] Undefined variable: webSiteMenu F:\wamp\www\zhou\Application\Runtime\Cache\Admin\a1e78f1e99f1b07b1c9d3af5979cdbe9.php 第 128 行.
NOTIC: [8] Undefined index: catid F:\wamp\www\zhou\Application\Runtime\Cache\Admin\a1e78f1e99f1b07b1c9d3af5979cdbe9.php 第 128 行.
NOTIC: [2] Invalid argument supplied for foreach() F:\wamp\www\zhou\Application\Common\Common\function.php 第 65 行.
NOTIC: [8] Undefined variable: webSiteMenu F:\wamp\www\zhou\Application\Runtime\Cache\Admin\a1e78f1e99f1b07b1c9d3af5979cdbe9.php 第 128 行.
NOTIC: [8] Undefined index: catid F:\wamp\www\zhou\Application\Runtime\Cache\Admin\a1e78f1e99f1b07b1c9d3af5979cdbe9.php 第 128 行.
NOTIC: [2] Invalid argument supplied for foreach() F:\wamp\www\zhou\Application\Common\Common\function.php 第 65 行.
NOTIC: [8] Undefined variable: webSiteMenu F:\wamp\www\zhou\Application\Runtime\Cache\Admin\a1e78f1e99f1b07b1c9d3af5979cdbe9.php 第 128 行.
NOTIC: [8] Undefined index: catid F:\wamp\www\zhou\Application\Runtime\Cache\Admin\a1e78f1e99f1b07b1c9d3af5979cdbe9.php 第 128 行.
NOTIC: [2] Invalid argument supplied for foreach() F:\wamp\www\zhou\Application\Common\Common\function.php 第 65 行.
NOTIC: [8] Undefined variable: webSiteMenu F:\wamp\www\zhou\Application\Runtime\Cache\Admin\a1e78f1e99f1b07b1c9d3af5979cdbe9.php 第 128 行.
NOTIC: [8] Undefined index: catid F:\wamp\www\zhou\Application\Runtime\Cache\Admin\a1e78f1e99f1b07b1c9d3af5979cdbe9.php 第 128 行.
NOTIC: [2] Invalid argument supplied for foreach() F:\wamp\www\zhou\Application\Common\Common\function.php 第 65 行.
NOTIC: [8] Undefined variable: webSiteMenu F:\wamp\www\zhou\Application\Runtime\Cache\Admin\a1e78f1e99f1b07b1c9d3af5979cdbe9.php 第 128 行.
NOTIC: [8] Undefined index: catid F:\wamp\www\zhou\Application\Runtime\Cache\Admin\a1e78f1e99f1b07b1c9d3af5979cdbe9.php 第 128 行.
NOTIC: [2] Invalid argument supplied for foreach() F:\wamp\www\zhou\Application\Common\Common\function.php 第 65 行.
NOTIC: [8] Undefined variable: webSiteMenu F:\wamp\www\zhou\Application\Runtime\Cache\Admin\a1e78f1e99f1b07b1c9d3af5979cdbe9.php 第 128 行.
NOTIC: [8] Undefined index: catid F:\wamp\www\zhou\Application\Runtime\Cache\Admin\a1e78f1e99f1b07b1c9d3af5979cdbe9.php 第 128 行.
NOTIC: [2] Invalid argument supplied for foreach() F:\wamp\www\zhou\Application\Common\Common\function.php 第 65 行.
NOTIC: [8] Undefined variable: webSiteMenu F:\wamp\www\zhou\Application\Runtime\Cache\Admin\a1e78f1e99f1b07b1c9d3af5979cdbe9.php 第 128 行.
NOTIC: [8] Undefined index: catid F:\wamp\www\zhou\Application\Runtime\Cache\Admin\a1e78f1e99f1b07b1c9d3af5979cdbe9.php 第 128 行.
NOTIC: [2] Invalid argument supplied for foreach() F:\wamp\www\zhou\Application\Common\Common\function.php 第 65 行.
NOTIC: [8] Undefined variable: pageres F:\wamp\www\zhou\Application\Runtime\Cache\Admin\a1e78f1e99f1b07b1c9d3af5979cdbe9.php 第 144 行.
INFO: Run Behavior\ParseTemplateBehavior [ RunTime:0.063003s ]
INFO: [ view_parse ] --END-- [ RunTime:0.063003s ]
INFO: [ view_filter ] --START--
INFO: Run Behavior\WriteHtmlCacheBehavior [ RunTime:0.001000s ]
INFO: [ view_filter ] --END-- [ RunTime:0.001000s ]
INFO: [ app_end ] --START--
INFO: Run Behavior\ShowPageTraceBehavior [ RunTime:0.002001s ]
INFO: [ app_end ] --END-- [ RunTime:0.002001s ]

[ 2017-04-14T21:24:55+08:00 ] 127.0.0.1 /admin.php?c=content
INFO: [ app_init ] --START--
INFO: Run Behavior\BuildLiteBehavior [ RunTime:0.000000s ]
INFO: [ app_init ] --END-- [ RunTime:0.002000s ]
INFO: [ app_begin ] --START--
INFO: Run Behavior\ReadHtmlCacheBehavior [ RunTime:0.001000s ]
INFO: [ app_begin ] --END-- [ RunTime:0.001000s ]
NOTIC: [2048] Declaration of Admin\Controller\ContentController::setStatus() should be compatible with Admin\Controller\CommonController::setStatus($data, $models) F:\wamp\www\zhou\Application\Admin\Controller\ContentController.class.php 第 12 行.
NOTIC: [8] Undefined index: title F:\wamp\www\zhou\Application\Admin\Controller\ContentController.class.php 第 16 行.
NOTIC: [8] Undefined index: catid F:\wamp\www\zhou\Application\Admin\Controller\ContentController.class.php 第 20 行.
NOTIC: [8] Undefined index: p F:\wamp\www\zhou\Application\Admin\Controller\ContentController.class.php 第 24 行.
NOTIC: [2048] Declaration of Common\Model\NewsModel::find() should be compatible with Think\Model::find($options = Array) F:\wamp\www\zhou\Application\Common\Model\NewsModel.class.php 第 6 行.
SQL: SHOW COLUMNS FROM `cms_news` [ RunTime:0.0030s ]
SQL: SELECT * FROM `cms_news` WHERE `status` <> -1 ORDER BY listorder desc ,news_id desc LIMIT 0,10   [ RunTime:0.0010s ]
SQL: SELECT COUNT(*) AS tp_count FROM `cms_news` WHERE `status` <> -1 LIMIT 1   [ RunTime:0.0000s ]
NOTIC: [8] Undefined variable: sing_path F:\wamp\www\zhou\ThinkPHP\Common\functions.php 第 991 行.
NOTIC: [2048] Declaration of Common\Model\PositionModel::find() should be compatible with Think\Model::find($options = Array) F:\wamp\www\zhou\Application\Common\Model\PositionModel.class.php 第 37 行.
SQL: SHOW COLUMNS FROM `cms_position` [ RunTime:0.0030s ]
SQL: SELECT * FROM `cms_position` WHERE `status` = 1 ORDER BY id  [ RunTime:0.0000s ]
NOTIC: [2048] Declaration of Common\Model\MenuModel::find() should be compatible with Think\Model::find($options = Array) F:\wamp\www\zhou\Application\Common\Model\MenuModel.class.php 第 92 行.
SQL: SHOW COLUMNS FROM `cms_menu` [ RunTime:0.0030s ]
SQL: SELECT * FROM `cms_menu` WHERE `status` = 1 AND `type` = 0 ORDER BY listorder desc,menu_id desc  [ RunTime:0.0000s ]
INFO: [ view_parse ] --START--
INFO: [ template_filter ] --START--
INFO: Run Behavior\ContentReplaceBehavior [ RunTime:0.000000s ]
INFO: [ template_filter ] --END-- [ RunTime:0.001000s ]
SQL: SELECT * FROM `cms_menu` WHERE `status` <> -1 AND `type` = 1 ORDER BY listorder desc,menu_id desc  [ RunTime:0.0000s ]
NOTIC: [8] Undefined index: a F:\wamp\www\zhou\Application\Common\Common\function.php 第 37 行.
NOTIC: [8] Undefined index: a F:\wamp\www\zhou\Application\Common\Common\function.php 第 37 行.
NOTIC: [8] Undefined index: a F:\wamp\www\zhou\Application\Common\Common\function.php 第 37 行.
NOTIC: [8] Undefined index: a F:\wamp\www\zhou\Application\Common\Common\function.php 第 37 行.
NOTIC: [8] Undefined index: a F:\wamp\www\zhou\Application\Common\Common\function.php 第 37 行.
NOTIC: [8] Undefined index: a F:\wamp\www\zhou\Application\Common\Common\function.php 第 37 行.
INFO: Run Behavior\ParseTemplateBehavior [ RunTime:0.027001s ]
INFO: [ view_parse ] --END-- [ RunTime:0.027001s ]
INFO: [ view_filter ] --START--
INFO: Run Behavior\WriteHtmlCacheBehavior [ RunTime:0.001000s ]
INFO: [ view_filter ] --END-- [ RunTime:0.001000s ]
INFO: [ app_end ] --START--
INFO: Run Behavior\ShowPageTraceBehavior [ RunTime:0.001000s ]
INFO: [ app_end ] --END-- [ RunTime:0.001000s ]

[ 2017-04-14T21:24:56+08:00 ] 127.0.0.1 /admin.php?c=tucao
INFO: [ app_init ] --START--
INFO: Run Behavior\BuildLiteBehavior [ RunTime:0.000000s ]
INFO: [ app_init ] --END-- [ RunTime:0.001000s ]
INFO: [ app_begin ] --START--
INFO: Run Behavior\ReadHtmlCacheBehavior [ RunTime:0.001001s ]
INFO: [ app_begin ] --END-- [ RunTime:0.002001s ]
NOTIC: [2048] Declaration of Admin\Controller\TucaoController::setStatus() should be compatible with Admin\Controller\CommonController::setStatus($data, $models) F:\wamp\www\zhou\Application\Admin\Controller\TucaoController.class.php 第 6 行.
NOTIC: [2048] Declaration of Common\Model\TcModel::select() should be compatible with Think\Model::select($options = Array) F:\wamp\www\zhou\Application\Common\Model\TcModel.class.php 第 9 行.
NOTIC: [2048] Declaration of Common\Model\TcModel::find() should be compatible with Think\Model::find($options = Array) F:\wamp\www\zhou\Application\Common\Model\TcModel.class.php 第 9 行.
SQL: SHOW COLUMNS FROM `cms_tc` [ RunTime:0.0030s ]
SQL: SELECT * FROM `cms_tc` ORDER BY tc_id desc  [ RunTime:0.0000s ]
INFO: [ view_parse ] --START--
INFO: [ template_filter ] --START--
INFO: Run Behavior\ContentReplaceBehavior [ RunTime:0.000000s ]
INFO: [ template_filter ] --END-- [ RunTime:0.000000s ]
NOTIC: [2048] Declaration of Common\Model\MenuModel::find() should be compatible with Think\Model::find($options = Array) F:\wamp\www\zhou\Application\Common\Model\MenuModel.class.php 第 92 行.
SQL: SHOW COLUMNS FROM `cms_menu` [ RunTime:0.0030s ]
SQL: SELECT * FROM `cms_menu` WHERE `status` <> -1 AND `type` = 1 ORDER BY listorder desc,menu_id desc  [ RunTime:0.0000s ]
NOTIC: [8] Undefined index: a F:\wamp\www\zhou\Application\Common\Common\function.php 第 37 行.
NOTIC: [8] Undefined index: a F:\wamp\www\zhou\Application\Common\Common\function.php 第 37 行.
NOTIC: [8] Undefined index: a F:\wamp\www\zhou\Application\Common\Common\function.php 第 37 行.
NOTIC: [8] Undefined index: a F:\wamp\www\zhou\Application\Common\Common\function.php 第 37 行.
NOTIC: [8] Undefined index: a F:\wamp\www\zhou\Application\Common\Common\function.php 第 37 行.
NOTIC: [8] Undefined index: a F:\wamp\www\zhou\Application\Common\Common\function.php 第 37 行.
NOTIC: [8] Undefined variable: webSiteMenu F:\wamp\www\zhou\Application\Runtime\Cache\Admin\a1e78f1e99f1b07b1c9d3af5979cdbe9.php 第 128 行.
NOTIC: [8] Undefined index: catid F:\wamp\www\zhou\Application\Runtime\Cache\Admin\a1e78f1e99f1b07b1c9d3af5979cdbe9.php 第 128 行.
NOTIC: [2] Invalid argument supplied for foreach() F:\wamp\www\zhou\Application\Common\Common\function.php 第 65 行.
NOTIC: [8] Undefined variable: webSiteMenu F:\wamp\www\zhou\Application\Runtime\Cache\Admin\a1e78f1e99f1b07b1c9d3af5979cdbe9.php 第 128 行.
NOTIC: [8] Undefined index: catid F:\wamp\www\zhou\Application\Runtime\Cache\Admin\a1e78f1e99f1b07b1c9d3af5979cdbe9.php 第 128 行.
NOTIC: [2] Invalid argument supplied for foreach() F:\wamp\www\zhou\Application\Common\Common\function.php 第 65 行.
NOTIC: [8] Undefined variable: webSiteMenu F:\wamp\www\zhou\Application\Runtime\Cache\Admin\a1e78f1e99f1b07b1c9d3af5979cdbe9.php 第 128 行.
NOTIC: [8] Undefined index: catid F:\wamp\www\zhou\Application\Runtime\Cache\Admin\a1e78f1e99f1b07b1c9d3af5979cdbe9.php 第 128 行.
NOTIC: [2] Invalid argument supplied for foreach() F:\wamp\www\zhou\Application\Common\Common\function.php 第 65 行.
NOTIC: [8] Undefined variable: webSiteMenu F:\wamp\www\zhou\Application\Runtime\Cache\Admin\a1e78f1e99f1b07b1c9d3af5979cdbe9.php 第 128 行.
NOTIC: [8] Undefined index: catid F:\wamp\www\zhou\Application\Runtime\Cache\Admin\a1e78f1e99f1b07b1c9d3af5979cdbe9.php 第 128 行.
NOTIC: [2] Invalid argument supplied for foreach() F:\wamp\www\zhou\Application\Common\Common\function.php 第 65 行.
NOTIC: [8] Undefined variable: webSiteMenu F:\wamp\www\zhou\Application\Runtime\Cache\Admin\a1e78f1e99f1b07b1c9d3af5979cdbe9.php 第 128 行.
NOTIC: [8] Undefined index: catid F:\wamp\www\zhou\Application\Runtime\Cache\Admin\a1e78f1e99f1b07b1c9d3af5979cdbe9.php 第 128 行.
NOTIC: [2] Invalid argument supplied for foreach() F:\wamp\www\zhou\Application\Common\Common\function.php 第 65 行.
NOTIC: [8] Undefined variable: webSiteMenu F:\wamp\www\zhou\Application\Runtime\Cache\Admin\a1e78f1e99f1b07b1c9d3af5979cdbe9.php 第 128 行.
NOTIC: [8] Undefined index: catid F:\wamp\www\zhou\Application\Runtime\Cache\Admin\a1e78f1e99f1b07b1c9d3af5979cdbe9.php 第 128 行.
NOTIC: [2] Invalid argument supplied for foreach() F:\wamp\www\zhou\Application\Common\Common\function.php 第 65 行.
NOTIC: [8] Undefined variable: webSiteMenu F:\wamp\www\zhou\Application\Runtime\Cache\Admin\a1e78f1e99f1b07b1c9d3af5979cdbe9.php 第 128 行.
NOTIC: [8] Undefined index: catid F:\wamp\www\zhou\Application\Runtime\Cache\Admin\a1e78f1e99f1b07b1c9d3af5979cdbe9.php 第 128 行.
NOTIC: [2] Invalid argument supplied for foreach() F:\wamp\www\zhou\Application\Common\Common\function.php 第 65 行.
NOTIC: [8] Undefined variable: webSiteMenu F:\wamp\www\zhou\Application\Runtime\Cache\Admin\a1e78f1e99f1b07b1c9d3af5979cdbe9.php 第 128 行.
NOTIC: [8] Undefined index: catid F:\wamp\www\zhou\Application\Runtime\Cache\Admin\a1e78f1e99f1b07b1c9d3af5979cdbe9.php 第 128 行.
NOTIC: [2] Invalid argument supplied for foreach() F:\wamp\www\zhou\Application\Common\Common\function.php 第 65 行.
NOTIC: [8] Undefined variable: webSiteMenu F:\wamp\www\zhou\Application\Runtime\Cache\Admin\a1e78f1e99f1b07b1c9d3af5979cdbe9.php 第 128 行.
NOTIC: [8] Undefined index: catid F:\wamp\www\zhou\Application\Runtime\Cache\Admin\a1e78f1e99f1b07b1c9d3af5979cdbe9.php 第 128 行.
NOTIC: [2] Invalid argument supplied for foreach() F:\wamp\www\zhou\Application\Common\Common\function.php 第 65 行.
NOTIC: [8] Undefined variable: webSiteMenu F:\wamp\www\zhou\Application\Runtime\Cache\Admin\a1e78f1e99f1b07b1c9d3af5979cdbe9.php 第 128 行.
NOTIC: [8] Undefined index: catid F:\wamp\www\zhou\Application\Runtime\Cache\Admin\a1e78f1e99f1b07b1c9d3af5979cdbe9.php 第 128 行.
NOTIC: [2] Invalid argument supplied for foreach() F:\wamp\www\zhou\Application\Common\Common\function.php 第 65 行.
NOTIC: [8] Undefined variable: webSiteMenu F:\wamp\www\zhou\Application\Runtime\Cache\Admin\a1e78f1e99f1b07b1c9d3af5979cdbe9.php 第 128 行.
NOTIC: [8] Undefined index: catid F:\wamp\www\zhou\Application\Runtime\Cache\Admin\a1e78f1e99f1b07b1c9d3af5979cdbe9.php 第 128 行.
NOTIC: [2] Invalid argument supplied for foreach() F:\wamp\www\zhou\Application\Common\Common\function.php 第 65 行.
NOTIC: [8] Undefined variable: pageres F:\wamp\www\zhou\Application\Runtime\Cache\Admin\a1e78f1e99f1b07b1c9d3af5979cdbe9.php 第 144 行.
INFO: Run Behavior\ParseTemplateBehavior [ RunTime:0.028001s ]
INFO: [ view_parse ] --END-- [ RunTime:0.029001s ]
INFO: [ view_filter ] --START--
INFO: Run Behavior\WriteHtmlCacheBehavior [ RunTime:0.000000s ]
INFO: [ view_filter ] --END-- [ RunTime:0.001000s ]
INFO: [ app_end ] --START--
INFO: Run Behavior\ShowPageTraceBehavior [ RunTime:0.001000s ]
INFO: [ app_end ] --END-- [ RunTime:0.001000s ]

[ 2017-04-14T21:24:58+08:00 ] 127.0.0.1 /admin.php?c=reader
INFO: [ app_init ] --START--
INFO: Run Behavior\BuildLiteBehavior [ RunTime:0.000000s ]
INFO: [ app_init ] --END-- [ RunTime:0.001000s ]
INFO: [ app_begin ] --START--
INFO: Run Behavior\ReadHtmlCacheBehavior [ RunTime:0.001000s ]
INFO: [ app_begin ] --END-- [ RunTime:0.001000s ]
NOTIC: [2048] Declaration of Admin\Controller\ReaderController::setStatus() should be compatible with Admin\Controller\CommonController::setStatus($data, $models) F:\wamp\www\zhou\Application\Admin\Controller\ReaderController.class.php 第 6 行.
SQL: SHOW COLUMNS FROM `cms_reader` [ RunTime:0.0030s ]
SQL: SELECT * FROM `cms_reader` WHERE `status` <> -1 ORDER BY reader_id desc  [ RunTime:0.0000s ]
INFO: [ view_parse ] --START--
INFO: [ template_filter ] --START--
INFO: Run Behavior\ContentReplaceBehavior [ RunTime:0.000000s ]
INFO: [ template_filter ] --END-- [ RunTime:0.000000s ]
NOTIC: [2048] Declaration of Common\Model\MenuModel::find() should be compatible with Think\Model::find($options = Array) F:\wamp\www\zhou\Application\Common\Model\MenuModel.class.php 第 92 行.
SQL: SHOW COLUMNS FROM `cms_menu` [ RunTime:0.0060s ]
SQL: SELECT * FROM `cms_menu` WHERE `status` <> -1 AND `type` = 1 ORDER BY listorder desc,menu_id desc  [ RunTime:0.0010s ]
NOTIC: [8] Undefined index: a F:\wamp\www\zhou\Application\Common\Common\function.php 第 37 行.
NOTIC: [8] Undefined index: a F:\wamp\www\zhou\Application\Common\Common\function.php 第 37 行.
NOTIC: [8] Undefined index: a F:\wamp\www\zhou\Application\Common\Common\function.php 第 37 行.
NOTIC: [8] Undefined index: a F:\wamp\www\zhou\Application\Common\Common\function.php 第 37 行.
NOTIC: [8] Undefined index: a F:\wamp\www\zhou\Application\Common\Common\function.php 第 37 行.
NOTIC: [8] Undefined index: a F:\wamp\www\zhou\Application\Common\Common\function.php 第 37 行.
NOTIC: [8] Undefined variable: nav F:\wamp\www\zhou\Application\Runtime\Cache\Admin\0d4811095465c27bdc8201c38b6c8544.php 第 100 行.
INFO: Run Behavior\ParseTemplateBehavior [ RunTime:0.090005s ]
INFO: [ view_parse ] --END-- [ RunTime:0.090005s ]
INFO: [ view_filter ] --START--
INFO: Run Behavior\WriteHtmlCacheBehavior [ RunTime:0.001000s ]
INFO: [ view_filter ] --END-- [ RunTime:0.001000s ]
INFO: [ app_end ] --START--
INFO: Run Behavior\ShowPageTraceBehavior [ RunTime:0.002000s ]
INFO: [ app_end ] --END-- [ RunTime:0.003000s ]

[ 2017-04-14T21:25:01+08:00 ] 127.0.0.1 /admin.php?c=admin
INFO: [ app_init ] --START--
INFO: Run Behavior\BuildLiteBehavior [ RunTime:0.000000s ]
INFO: [ app_init ] --END-- [ RunTime:0.001000s ]
INFO: [ app_begin ] --START--
INFO: Run Behavior\ReadHtmlCacheBehavior [ RunTime:0.001000s ]
INFO: [ app_begin ] --END-- [ RunTime:0.001000s ]
NOTIC: [2048] Declaration of Admin\Controller\AdminController::setStatus() should be compatible with Admin\Controller\CommonController::setStatus($data, $models) F:\wamp\www\zhou\Application\Admin\Controller\AdminController.class.php 第 9 行.
SQL: SHOW COLUMNS FROM `cms_admin` [ RunTime:0.0030s ]
SQL: SELECT * FROM `cms_admin` WHERE `status` <> -1 ORDER BY admin_id desc  [ RunTime:0.0000s ]
INFO: [ view_parse ] --START--
INFO: [ template_filter ] --START--
INFO: Run Behavior\ContentReplaceBehavior [ RunTime:0.000000s ]
INFO: [ template_filter ] --END-- [ RunTime:0.000000s ]
NOTIC: [2048] Declaration of Common\Model\MenuModel::find() should be compatible with Think\Model::find($options = Array) F:\wamp\www\zhou\Application\Common\Model\MenuModel.class.php 第 92 行.
SQL: SHOW COLUMNS FROM `cms_menu` [ RunTime:0.0040s ]
SQL: SELECT * FROM `cms_menu` WHERE `status` <> -1 AND `type` = 1 ORDER BY listorder desc,menu_id desc  [ RunTime:0.0010s ]
NOTIC: [8] Undefined index: a F:\wamp\www\zhou\Application\Common\Common\function.php 第 37 行.
NOTIC: [8] Undefined index: a F:\wamp\www\zhou\Application\Common\Common\function.php 第 37 行.
NOTIC: [8] Undefined index: a F:\wamp\www\zhou\Application\Common\Common\function.php 第 37 行.
NOTIC: [8] Undefined index: a F:\wamp\www\zhou\Application\Common\Common\function.php 第 37 行.
NOTIC: [8] Undefined index: a F:\wamp\www\zhou\Application\Common\Common\function.php 第 37 行.
NOTIC: [8] Undefined index: a F:\wamp\www\zhou\Application\Common\Common\function.php 第 37 行.
NOTIC: [8] Undefined variable: nav F:\wamp\www\zhou\Application\Runtime\Cache\Admin\b682812e058c4f7cab74d08ab9eabe11.php 第 101 行.
INFO: Run Behavior\ParseTemplateBehavior [ RunTime:0.088005s ]
INFO: [ view_parse ] --END-- [ RunTime:0.088005s ]
INFO: [ view_filter ] --START--
INFO: Run Behavior\WriteHtmlCacheBehavior [ RunTime:0.001001s ]
INFO: [ view_filter ] --END-- [ RunTime:0.001001s ]
INFO: [ app_end ] --START--
INFO: Run Behavior\ShowPageTraceBehavior [ RunTime:0.001000s ]
INFO: [ app_end ] --END-- [ RunTime:0.001000s ]

[ 2017-04-14T21:25:02+08:00 ] 127.0.0.1 /admin.php?c=basic
INFO: [ app_init ] --START--
INFO: Run Behavior\BuildLiteBehavior [ RunTime:0.000000s ]
INFO: [ app_init ] --END-- [ RunTime:0.001000s ]
INFO: [ app_begin ] --START--
INFO: Run Behavior\ReadHtmlCacheBehavior [ RunTime:0.001000s ]
INFO: [ app_begin ] --END-- [ RunTime:0.001000s ]
NOTIC: [2048] Declaration of Common\Model\BasicModel::save() should be compatible with Think\Model::save($data = '', $options = Array) F:\wamp\www\zhou\Application\Common\Model\BasicModel.class.php 第 6 行.
NOTIC: [2048] Declaration of Common\Model\BasicModel::select() should be compatible with Think\Model::select($options = Array) F:\wamp\www\zhou\Application\Common\Model\BasicModel.class.php 第 6 行.
INFO: [ view_parse ] --START--
INFO: [ template_filter ] --START--
INFO: Run Behavior\ContentReplaceBehavior [ RunTime:0.000000s ]
INFO: [ template_filter ] --END-- [ RunTime:0.001000s ]
NOTIC: [2048] Declaration of Common\Model\MenuModel::find() should be compatible with Think\Model::find($options = Array) F:\wamp\www\zhou\Application\Common\Model\MenuModel.class.php 第 92 行.
SQL: SHOW COLUMNS FROM `cms_menu` [ RunTime:0.0030s ]
SQL: SELECT * FROM `cms_menu` WHERE `status` <> -1 AND `type` = 1 ORDER BY listorder desc,menu_id desc  [ RunTime:0.0000s ]
NOTIC: [8] Undefined index: a F:\wamp\www\zhou\Application\Common\Common\function.php 第 37 行.
NOTIC: [8] Undefined index: a F:\wamp\www\zhou\Application\Common\Common\function.php 第 37 行.
NOTIC: [8] Undefined index: a F:\wamp\www\zhou\Application\Common\Common\function.php 第 37 行.
NOTIC: [8] Undefined index: a F:\wamp\www\zhou\Application\Common\Common\function.php 第 37 行.
NOTIC: [8] Undefined index: a F:\wamp\www\zhou\Application\Common\Common\function.php 第 37 行.
NOTIC: [8] Undefined index: a F:\wamp\www\zhou\Application\Common\Common\function.php 第 37 行.
INFO: Run Behavior\ParseTemplateBehavior [ RunTime:0.031002s ]
INFO: [ view_parse ] --END-- [ RunTime:0.032002s ]
INFO: [ view_filter ] --START--
INFO: Run Behavior\WriteHtmlCacheBehavior [ RunTime:0.000000s ]
INFO: [ view_filter ] --END-- [ RunTime:0.000000s ]
INFO: [ app_end ] --START--
INFO: Run Behavior\ShowPageTraceBehavior [ RunTime:0.001000s ]
INFO: [ app_end ] --END-- [ RunTime:0.001000s ]

[ 2017-04-14T21:25:03+08:00 ] 127.0.0.1 /admin.php?c=admin
INFO: [ app_init ] --START--
INFO: Run Behavior\BuildLiteBehavior [ RunTime:0.000000s ]
INFO: [ app_init ] --END-- [ RunTime:0.001000s ]
INFO: [ app_begin ] --START--
INFO: Run Behavior\ReadHtmlCacheBehavior [ RunTime:0.001000s ]
INFO: [ app_begin ] --END-- [ RunTime:0.001000s ]
NOTIC: [2048] Declaration of Admin\Controller\AdminController::setStatus() should be compatible with Admin\Controller\CommonController::setStatus($data, $models) F:\wamp\www\zhou\Application\Admin\Controller\AdminController.class.php 第 9 行.
SQL: SHOW COLUMNS FROM `cms_admin` [ RunTime:0.0030s ]
SQL: SELECT * FROM `cms_admin` WHERE `status` <> -1 ORDER BY admin_id desc  [ RunTime:0.0010s ]
INFO: [ view_parse ] --START--
INFO: [ template_filter ] --START--
INFO: Run Behavior\ContentReplaceBehavior [ RunTime:0.001000s ]
INFO: [ template_filter ] --END-- [ RunTime:0.001000s ]
NOTIC: [2048] Declaration of Common\Model\MenuModel::find() should be compatible with Think\Model::find($options = Array) F:\wamp\www\zhou\Application\Common\Model\MenuModel.class.php 第 92 行.
SQL: SHOW COLUMNS FROM `cms_menu` [ RunTime:0.0030s ]
SQL: SELECT * FROM `cms_menu` WHERE `status` <> -1 AND `type` = 1 ORDER BY listorder desc,menu_id desc  [ RunTime:0.0010s ]
NOTIC: [8] Undefined index: a F:\wamp\www\zhou\Application\Common\Common\function.php 第 37 行.
NOTIC: [8] Undefined index: a F:\wamp\www\zhou\Application\Common\Common\function.php 第 37 行.
NOTIC: [8] Undefined index: a F:\wamp\www\zhou\Application\Common\Common\function.php 第 37 行.
NOTIC: [8] Undefined index: a F:\wamp\www\zhou\Application\Common\Common\function.php 第 37 行.
NOTIC: [8] Undefined index: a F:\wamp\www\zhou\Application\Common\Common\function.php 第 37 行.
NOTIC: [8] Undefined index: a F:\wamp\www\zhou\Application\Common\Common\function.php 第 37 行.
NOTIC: [8] Undefined variable: nav F:\wamp\www\zhou\Application\Runtime\Cache\Admin\b682812e058c4f7cab74d08ab9eabe11.php 第 101 行.
INFO: Run Behavior\ParseTemplateBehavior [ RunTime:0.027002s ]
INFO: [ view_parse ] --END-- [ RunTime:0.028002s ]
INFO: [ view_filter ] --START--
INFO: Run Behavior\WriteHtmlCacheBehavior [ RunTime:0.001000s ]
INFO: [ view_filter ] --END-- [ RunTime:0.001000s ]
INFO: [ app_end ] --START--
INFO: Run Behavior\ShowPageTraceBehavior [ RunTime:0.001000s ]
INFO: [ app_end ] --END-- [ RunTime:0.001000s ]

[ 2017-04-14T21:25:06+08:00 ] 127.0.0.1 /admin.php?c=reader
INFO: [ app_init ] --START--
INFO: Run Behavior\BuildLiteBehavior [ RunTime:0.000000s ]
INFO: [ app_init ] --END-- [ RunTime:0.001000s ]
INFO: [ app_begin ] --START--
INFO: Run Behavior\ReadHtmlCacheBehavior [ RunTime:0.000000s ]
INFO: [ app_begin ] --END-- [ RunTime:0.001000s ]
NOTIC: [2048] Declaration of Admin\Controller\ReaderController::setStatus() should be compatible with Admin\Controller\CommonController::setStatus($data, $models) F:\wamp\www\zhou\Application\Admin\Controller\ReaderController.class.php 第 6 行.
SQL: SHOW COLUMNS FROM `cms_reader` [ RunTime:0.0040s ]
SQL: SELECT * FROM `cms_reader` WHERE `status` <> -1 ORDER BY reader_id desc  [ RunTime:0.0010s ]
INFO: [ view_parse ] --START--
INFO: [ template_filter ] --START--
INFO: Run Behavior\ContentReplaceBehavior [ RunTime:0.001000s ]
INFO: [ template_filter ] --END-- [ RunTime:0.001000s ]
NOTIC: [2048] Declaration of Common\Model\MenuModel::find() should be compatible with Think\Model::find($options = Array) F:\wamp\www\zhou\Application\Common\Model\MenuModel.class.php 第 92 行.
SQL: SHOW COLUMNS FROM `cms_menu` [ RunTime:0.0030s ]
SQL: SELECT * FROM `cms_menu` WHERE `status` <> -1 AND `type` = 1 ORDER BY listorder desc,menu_id desc  [ RunTime:0.0000s ]
NOTIC: [8] Undefined index: a F:\wamp\www\zhou\Application\Common\Common\function.php 第 37 行.
NOTIC: [8] Undefined index: a F:\wamp\www\zhou\Application\Common\Common\function.php 第 37 行.
NOTIC: [8] Undefined index: a F:\wamp\www\zhou\Application\Common\Common\function.php 第 37 行.
NOTIC: [8] Undefined index: a F:\wamp\www\zhou\Application\Common\Common\function.php 第 37 行.
NOTIC: [8] Undefined index: a F:\wamp\www\zhou\Application\Common\Common\function.php 第 37 行.
NOTIC: [8] Undefined index: a F:\wamp\www\zhou\Application\Common\Common\function.php 第 37 行.
NOTIC: [8] Undefined variable: nav F:\wamp\www\zhou\Application\Runtime\Cache\Admin\0d4811095465c27bdc8201c38b6c8544.php 第 100 行.
INFO: Run Behavior\ParseTemplateBehavior [ RunTime:0.025001s ]
INFO: [ view_parse ] --END-- [ RunTime:0.026001s ]
INFO: [ view_filter ] --START--
INFO: Run Behavior\WriteHtmlCacheBehavior [ RunTime:0.000000s ]
INFO: [ view_filter ] --END-- [ RunTime:0.000000s ]
INFO: [ app_end ] --START--
INFO: Run Behavior\ShowPageTraceBehavior [ RunTime:0.002001s ]
INFO: [ app_end ] --END-- [ RunTime:0.002001s ]

[ 2017-04-14T21:25:08+08:00 ] 127.0.0.1 /admin.php?c=tucao
INFO: [ app_init ] --START--
INFO: Run Behavior\BuildLiteBehavior [ RunTime:0.000000s ]
INFO: [ app_init ] --END-- [ RunTime:0.001000s ]
INFO: [ app_begin ] --START--
INFO: Run Behavior\ReadHtmlCacheBehavior [ RunTime:0.001000s ]
INFO: [ app_begin ] --END-- [ RunTime:0.001000s ]
NOTIC: [2048] Declaration of Admin\Controller\TucaoController::setStatus() should be compatible with Admin\Controller\CommonController::setStatus($data, $models) F:\wamp\www\zhou\Application\Admin\Controller\TucaoController.class.php 第 6 行.
NOTIC: [2048] Declaration of Common\Model\TcModel::select() should be compatible with Think\Model::select($options = Array) F:\wamp\www\zhou\Application\Common\Model\TcModel.class.php 第 9 行.
NOTIC: [2048] Declaration of Common\Model\TcModel::find() should be compatible with Think\Model::find($options = Array) F:\wamp\www\zhou\Application\Common\Model\TcModel.class.php 第 9 行.
SQL: SHOW COLUMNS FROM `cms_tc` [ RunTime:0.0030s ]
SQL: SELECT * FROM `cms_tc` ORDER BY tc_id desc  [ RunTime:0.0000s ]
INFO: [ view_parse ] --START--
INFO: [ template_filter ] --START--
INFO: Run Behavior\ContentReplaceBehavior [ RunTime:0.000000s ]
INFO: [ template_filter ] --END-- [ RunTime:0.001000s ]
NOTIC: [2048] Declaration of Common\Model\MenuModel::find() should be compatible with Think\Model::find($options = Array) F:\wamp\www\zhou\Application\Common\Model\MenuModel.class.php 第 92 行.
SQL: SHOW COLUMNS FROM `cms_menu` [ RunTime:0.0030s ]
SQL: SELECT * FROM `cms_menu` WHERE `status` <> -1 AND `type` = 1 ORDER BY listorder desc,menu_id desc  [ RunTime:0.0010s ]
NOTIC: [8] Undefined index: a F:\wamp\www\zhou\Application\Common\Common\function.php 第 37 行.
NOTIC: [8] Undefined index: a F:\wamp\www\zhou\Application\Common\Common\function.php 第 37 行.
NOTIC: [8] Undefined index: a F:\wamp\www\zhou\Application\Common\Common\function.php 第 37 行.
NOTIC: [8] Undefined index: a F:\wamp\www\zhou\Application\Common\Common\function.php 第 37 行.
NOTIC: [8] Undefined index: a F:\wamp\www\zhou\Application\Common\Common\function.php 第 37 行.
NOTIC: [8] Undefined index: a F:\wamp\www\zhou\Application\Common\Common\function.php 第 37 行.
NOTIC: [8] Undefined variable: webSiteMenu F:\wamp\www\zhou\Application\Runtime\Cache\Admin\a1e78f1e99f1b07b1c9d3af5979cdbe9.php 第 128 行.
NOTIC: [8] Undefined index: catid F:\wamp\www\zhou\Application\Runtime\Cache\Admin\a1e78f1e99f1b07b1c9d3af5979cdbe9.php 第 128 行.
NOTIC: [2] Invalid argument supplied for foreach() F:\wamp\www\zhou\Application\Common\Common\function.php 第 65 行.
NOTIC: [8] Undefined variable: webSiteMenu F:\wamp\www\zhou\Application\Runtime\Cache\Admin\a1e78f1e99f1b07b1c9d3af5979cdbe9.php 第 128 行.
NOTIC: [8] Undefined index: catid F:\wamp\www\zhou\Application\Runtime\Cache\Admin\a1e78f1e99f1b07b1c9d3af5979cdbe9.php 第 128 行.
NOTIC: [2] Invalid argument supplied for foreach() F:\wamp\www\zhou\Application\Common\Common\function.php 第 65 行.
NOTIC: [8] Undefined variable: webSiteMenu F:\wamp\www\zhou\Application\Runtime\Cache\Admin\a1e78f1e99f1b07b1c9d3af5979cdbe9.php 第 128 行.
NOTIC: [8] Undefined index: catid F:\wamp\www\zhou\Application\Runtime\Cache\Admin\a1e78f1e99f1b07b1c9d3af5979cdbe9.php 第 128 行.
NOTIC: [2] Invalid argument supplied for foreach() F:\wamp\www\zhou\Application\Common\Common\function.php 第 65 行.
NOTIC: [8] Undefined variable: webSiteMenu F:\wamp\www\zhou\Application\Runtime\Cache\Admin\a1e78f1e99f1b07b1c9d3af5979cdbe9.php 第 128 行.
NOTIC: [8] Undefined index: catid F:\wamp\www\zhou\Application\Runtime\Cache\Admin\a1e78f1e99f1b07b1c9d3af5979cdbe9.php 第 128 行.
NOTIC: [2] Invalid argument supplied for foreach() F:\wamp\www\zhou\Application\Common\Common\function.php 第 65 行.
NOTIC: [8] Undefined variable: webSiteMenu F:\wamp\www\zhou\Application\Runtime\Cache\Admin\a1e78f1e99f1b07b1c9d3af5979cdbe9.php 第 128 行.
NOTIC: [8] Undefined index: catid F:\wamp\www\zhou\Application\Runtime\Cache\Admin\a1e78f1e99f1b07b1c9d3af5979cdbe9.php 第 128 行.
NOTIC: [2] Invalid argument supplied for foreach() F:\wamp\www\zhou\Application\Common\Common\function.php 第 65 行.
NOTIC: [8] Undefined variable: webSiteMenu F:\wamp\www\zhou\Application\Runtime\Cache\Admin\a1e78f1e99f1b07b1c9d3af5979cdbe9.php 第 128 行.
NOTIC: [8] Undefined index: catid F:\wamp\www\zhou\Application\Runtime\Cache\Admin\a1e78f1e99f1b07b1c9d3af5979cdbe9.php 第 128 行.
NOTIC: [2] Invalid argument supplied for foreach() F:\wamp\www\zhou\Application\Common\Common\function.php 第 65 行.
NOTIC: [8] Undefined variable: webSiteMenu F:\wamp\www\zhou\Application\Runtime\Cache\Admin\a1e78f1e99f1b07b1c9d3af5979cdbe9.php 第 128 行.
NOTIC: [8] Undefined index: catid F:\wamp\www\zhou\Application\Runtime\Cache\Admin\a1e78f1e99f1b07b1c9d3af5979cdbe9.php 第 128 行.
NOTIC: [2] Invalid argument supplied for foreach() F:\wamp\www\zhou\Application\Common\Common\function.php 第 65 行.
NOTIC: [8] Undefined variable: webSiteMenu F:\wamp\www\zhou\Application\Runtime\Cache\Admin\a1e78f1e99f1b07b1c9d3af5979cdbe9.php 第 128 行.
NOTIC: [8] Undefined index: catid F:\wamp\www\zhou\Application\Runtime\Cache\Admin\a1e78f1e99f1b07b1c9d3af5979cdbe9.php 第 128 行.
NOTIC: [2] Invalid argument supplied for foreach() F:\wamp\www\zhou\Application\Common\Common\function.php 第 65 行.
NOTIC: [8] Undefined variable: webSiteMenu F:\wamp\www\zhou\Application\Runtime\Cache\Admin\a1e78f1e99f1b07b1c9d3af5979cdbe9.php 第 128 行.
NOTIC: [8] Undefined index: catid F:\wamp\www\zhou\Application\Runtime\Cache\Admin\a1e78f1e99f1b07b1c9d3af5979cdbe9.php 第 128 行.
NOTIC: [2] Invalid argument supplied for foreach() F:\wamp\www\zhou\Application\Common\Common\function.php 第 65 行.
NOTIC: [8] Undefined variable: webSiteMenu F:\wamp\www\zhou\Application\Runtime\Cache\Admin\a1e78f1e99f1b07b1c9d3af5979cdbe9.php 第 128 行.
NOTIC: [8] Undefined index: catid F:\wamp\www\zhou\Application\Runtime\Cache\Admin\a1e78f1e99f1b07b1c9d3af5979cdbe9.php 第 128 行.
NOTIC: [2] Invalid argument supplied for foreach() F:\wamp\www\zhou\Application\Common\Common\function.php 第 65 行.
NOTIC: [8] Undefined variable: webSiteMenu F:\wamp\www\zhou\Application\Runtime\Cache\Admin\a1e78f1e99f1b07b1c9d3af5979cdbe9.php 第 128 行.
NOTIC: [8] Undefined index: catid F:\wamp\www\zhou\Application\Runtime\Cache\Admin\a1e78f1e99f1b07b1c9d3af5979cdbe9.php 第 128 行.
NOTIC: [2] Invalid argument supplied for foreach() F:\wamp\www\zhou\Application\Common\Common\function.php 第 65 行.
NOTIC: [8] Undefined variable: pageres F:\wamp\www\zhou\Application\Runtime\Cache\Admin\a1e78f1e99f1b07b1c9d3af5979cdbe9.php 第 144 行.
INFO: Run Behavior\ParseTemplateBehavior [ RunTime:0.030002s ]
INFO: [ view_parse ] --END-- [ RunTime:0.030002s ]
INFO: [ view_filter ] --START--
INFO: Run Behavior\WriteHtmlCacheBehavior [ RunTime:0.001000s ]
INFO: [ view_filter ] --END-- [ RunTime:0.001000s ]
INFO: [ app_end ] --START--
INFO: Run Behavior\ShowPageTraceBehavior [ RunTime:0.001000s ]
INFO: [ app_end ] --END-- [ RunTime:0.002000s ]

[ 2017-04-14T21:25:11+08:00 ] 127.0.0.1 /admin.php?c=basic
INFO: [ app_init ] --START--
INFO: Run Behavior\BuildLiteBehavior [ RunTime:0.000000s ]
INFO: [ app_init ] --END-- [ RunTime:0.001000s ]
INFO: [ app_begin ] --START--
INFO: Run Behavior\ReadHtmlCacheBehavior [ RunTime:0.001000s ]
INFO: [ app_begin ] --END-- [ RunTime:0.001000s ]
NOTIC: [2048] Declaration of Common\Model\BasicModel::save() should be compatible with Think\Model::save($data = '', $options = Array) F:\wamp\www\zhou\Application\Common\Model\BasicModel.class.php 第 6 行.
NOTIC: [2048] Declaration of Common\Model\BasicModel::select() should be compatible with Think\Model::select($options = Array) F:\wamp\www\zhou\Application\Common\Model\BasicModel.class.php 第 6 行.
INFO: [ view_parse ] --START--
INFO: [ template_filter ] --START--
INFO: Run Behavior\ContentReplaceBehavior [ RunTime:0.000000s ]
INFO: [ template_filter ] --END-- [ RunTime:0.001000s ]
NOTIC: [2048] Declaration of Common\Model\MenuModel::find() should be compatible with Think\Model::find($options = Array) F:\wamp\www\zhou\Application\Common\Model\MenuModel.class.php 第 92 行.
SQL: SHOW COLUMNS FROM `cms_menu` [ RunTime:0.0030s ]
SQL: SELECT * FROM `cms_menu` WHERE `status` <> -1 AND `type` = 1 ORDER BY listorder desc,menu_id desc  [ RunTime:0.0000s ]
NOTIC: [8] Undefined index: a F:\wamp\www\zhou\Application\Common\Common\function.php 第 37 行.
NOTIC: [8] Undefined index: a F:\wamp\www\zhou\Application\Common\Common\function.php 第 37 行.
NOTIC: [8] Undefined index: a F:\wamp\www\zhou\Application\Common\Common\function.php 第 37 行.
NOTIC: [8] Undefined index: a F:\wamp\www\zhou\Application\Common\Common\function.php 第 37 行.
NOTIC: [8] Undefined index: a F:\wamp\www\zhou\Application\Common\Common\function.php 第 37 行.
NOTIC: [8] Undefined index: a F:\wamp\www\zhou\Application\Common\Common\function.php 第 37 行.
INFO: Run Behavior\ParseTemplateBehavior [ RunTime:0.036002s ]
INFO: [ view_parse ] --END-- [ RunTime:0.036002s ]
INFO: [ view_filter ] --START--
INFO: Run Behavior\WriteHtmlCacheBehavior [ RunTime:0.001000s ]
INFO: [ view_filter ] --END-- [ RunTime:0.001000s ]
INFO: [ app_end ] --START--
INFO: Run Behavior\ShowPageTraceBehavior [ RunTime:0.001000s ]
INFO: [ app_end ] --END-- [ RunTime:0.001000s ]

[ 2017-04-14T21:25:13+08:00 ] 127.0.0.1 /admin.php?c=tucao
INFO: [ app_init ] --START--
INFO: Run Behavior\BuildLiteBehavior [ RunTime:0.001001s ]
INFO: [ app_init ] --END-- [ RunTime:0.001001s ]
INFO: [ app_begin ] --START--
INFO: Run Behavior\ReadHtmlCacheBehavior [ RunTime:0.000000s ]
INFO: [ app_begin ] --END-- [ RunTime:0.000000s ]
NOTIC: [2048] Declaration of Admin\Controller\TucaoController::setStatus() should be compatible with Admin\Controller\CommonController::setStatus($data, $models) F:\wamp\www\zhou\Application\Admin\Controller\TucaoController.class.php 第 6 行.
NOTIC: [2048] Declaration of Common\Model\TcModel::select() should be compatible with Think\Model::select($options = Array) F:\wamp\www\zhou\Application\Common\Model\TcModel.class.php 第 9 行.
NOTIC: [2048] Declaration of Common\Model\TcModel::find() should be compatible with Think\Model::find($options = Array) F:\wamp\www\zhou\Application\Common\Model\TcModel.class.php 第 9 行.
SQL: SHOW COLUMNS FROM `cms_tc` [ RunTime:0.0030s ]
SQL: SELECT * FROM `cms_tc` ORDER BY tc_id desc  [ RunTime:0.0010s ]
INFO: [ view_parse ] --START--
INFO: [ template_filter ] --START--
INFO: Run Behavior\ContentReplaceBehavior [ RunTime:0.000000s ]
INFO: [ template_filter ] --END-- [ RunTime:0.000000s ]
NOTIC: [2048] Declaration of Common\Model\MenuModel::find() should be compatible with Think\Model::find($options = Array) F:\wamp\www\zhou\Application\Common\Model\MenuModel.class.php 第 92 行.
SQL: SHOW COLUMNS FROM `cms_menu` [ RunTime:0.0030s ]
SQL: SELECT * FROM `cms_menu` WHERE `status` <> -1 AND `type` = 1 ORDER BY listorder desc,menu_id desc  [ RunTime:0.0010s ]
NOTIC: [8] Undefined index: a F:\wamp\www\zhou\Application\Common\Common\function.php 第 37 行.
NOTIC: [8] Undefined index: a F:\wamp\www\zhou\Application\Common\Common\function.php 第 37 行.
NOTIC: [8] Undefined index: a F:\wamp\www\zhou\Application\Common\Common\function.php 第 37 行.
NOTIC: [8] Undefined index: a F:\wamp\www\zhou\Application\Common\Common\function.php 第 37 行.
NOTIC: [8] Undefined index: a F:\wamp\www\zhou\Application\Common\Common\function.php 第 37 行.
NOTIC: [8] Undefined index: a F:\wamp\www\zhou\Application\Common\Common\function.php 第 37 行.
NOTIC: [8] Undefined variable: webSiteMenu F:\wamp\www\zhou\Application\Runtime\Cache\Admin\a1e78f1e99f1b07b1c9d3af5979cdbe9.php 第 128 行.
NOTIC: [8] Undefined index: catid F:\wamp\www\zhou\Application\Runtime\Cache\Admin\a1e78f1e99f1b07b1c9d3af5979cdbe9.php 第 128 行.
NOTIC: [2] Invalid argument supplied for foreach() F:\wamp\www\zhou\Application\Common\Common\function.php 第 65 行.
NOTIC: [8] Undefined variable: webSiteMenu F:\wamp\www\zhou\Application\Runtime\Cache\Admin\a1e78f1e99f1b07b1c9d3af5979cdbe9.php 第 128 行.
NOTIC: [8] Undefined index: catid F:\wamp\www\zhou\Application\Runtime\Cache\Admin\a1e78f1e99f1b07b1c9d3af5979cdbe9.php 第 128 行.
NOTIC: [2] Invalid argument supplied for foreach() F:\wamp\www\zhou\Application\Common\Common\function.php 第 65 行.
NOTIC: [8] Undefined variable: webSiteMenu F:\wamp\www\zhou\Application\Runtime\Cache\Admin\a1e78f1e99f1b07b1c9d3af5979cdbe9.php 第 128 行.
NOTIC: [8] Undefined index: catid F:\wamp\www\zhou\Application\Runtime\Cache\Admin\a1e78f1e99f1b07b1c9d3af5979cdbe9.php 第 128 行.
NOTIC: [2] Invalid argument supplied for foreach() F:\wamp\www\zhou\Application\Common\Common\function.php 第 65 行.
NOTIC: [8] Undefined variable: webSiteMenu F:\wamp\www\zhou\Application\Runtime\Cache\Admin\a1e78f1e99f1b07b1c9d3af5979cdbe9.php 第 128 行.
NOTIC: [8] Undefined index: catid F:\wamp\www\zhou\Application\Runtime\Cache\Admin\a1e78f1e99f1b07b1c9d3af5979cdbe9.php 第 128 行.
NOTIC: [2] Invalid argument supplied for foreach() F:\wamp\www\zhou\Application\Common\Common\function.php 第 65 行.
NOTIC: [8] Undefined variable: webSiteMenu F:\wamp\www\zhou\Application\Runtime\Cache\Admin\a1e78f1e99f1b07b1c9d3af5979cdbe9.php 第 128 行.
NOTIC: [8] Undefined index: catid F:\wamp\www\zhou\Application\Runtime\Cache\Admin\a1e78f1e99f1b07b1c9d3af5979cdbe9.php 第 128 行.
NOTIC: [2] Invalid argument supplied for foreach() F:\wamp\www\zhou\Application\Common\Common\function.php 第 65 行.
NOTIC: [8] Undefined variable: webSiteMenu F:\wamp\www\zhou\Application\Runtime\Cache\Admin\a1e78f1e99f1b07b1c9d3af5979cdbe9.php 第 128 行.
NOTIC: [8] Undefined index: catid F:\wamp\www\zhou\Application\Runtime\Cache\Admin\a1e78f1e99f1b07b1c9d3af5979cdbe9.php 第 128 行.
NOTIC: [2] Invalid argument supplied for foreach() F:\wamp\www\zhou\Application\Common\Common\function.php 第 65 行.
NOTIC: [8] Undefined variable: webSiteMenu F:\wamp\www\zhou\Application\Runtime\Cache\Admin\a1e78f1e99f1b07b1c9d3af5979cdbe9.php 第 128 行.
NOTIC: [8] Undefined index: catid F:\wamp\www\zhou\Application\Runtime\Cache\Admin\a1e78f1e99f1b07b1c9d3af5979cdbe9.php 第 128 行.
NOTIC: [2] Invalid argument supplied for foreach() F:\wamp\www\zhou\Application\Common\Common\function.php 第 65 行.
NOTIC: [8] Undefined variable: webSiteMenu F:\wamp\www\zhou\Application\Runtime\Cache\Admin\a1e78f1e99f1b07b1c9d3af5979cdbe9.php 第 128 行.
NOTIC: [8] Undefined index: catid F:\wamp\www\zhou\Application\Runtime\Cache\Admin\a1e78f1e99f1b07b1c9d3af5979cdbe9.php 第 128 行.
NOTIC: [2] Invalid argument supplied for foreach() F:\wamp\www\zhou\Application\Common\Common\function.php 第 65 行.
NOTIC: [8] Undefined variable: webSiteMenu F:\wamp\www\zhou\Application\Runtime\Cache\Admin\a1e78f1e99f1b07b1c9d3af5979cdbe9.php 第 128 行.
NOTIC: [8] Undefined index: catid F:\wamp\www\zhou\Application\Runtime\Cache\Admin\a1e78f1e99f1b07b1c9d3af5979cdbe9.php 第 128 行.
NOTIC: [2] Invalid argument supplied for foreach() F:\wamp\www\zhou\Application\Common\Common\function.php 第 65 行.
NOTIC: [8] Undefined variable: webSiteMenu F:\wamp\www\zhou\Application\Runtime\Cache\Admin\a1e78f1e99f1b07b1c9d3af5979cdbe9.php 第 128 行.
NOTIC: [8] Undefined index: catid F:\wamp\www\zhou\Application\Runtime\Cache\Admin\a1e78f1e99f1b07b1c9d3af5979cdbe9.php 第 128 行.
NOTIC: [2] Invalid argument supplied for foreach() F:\wamp\www\zhou\Application\Common\Common\function.php 第 65 行.
NOTIC: [8] Undefined variable: webSiteMenu F:\wamp\www\zhou\Application\Runtime\Cache\Admin\a1e78f1e99f1b07b1c9d3af5979cdbe9.php 第 128 行.
NOTIC: [8] Undefined index: catid F:\wamp\www\zhou\Application\Runtime\Cache\Admin\a1e78f1e99f1b07b1c9d3af5979cdbe9.php 第 128 行.
NOTIC: [2] Invalid argument supplied for foreach() F:\wamp\www\zhou\Application\Common\Common\function.php 第 65 行.
NOTIC: [8] Undefined variable: pageres F:\wamp\www\zhou\Application\Runtime\Cache\Admin\a1e78f1e99f1b07b1c9d3af5979cdbe9.php 第 144 行.
INFO: Run Behavior\ParseTemplateBehavior [ RunTime:0.030001s ]
INFO: [ view_parse ] --END-- [ RunTime:0.030001s ]
INFO: [ view_filter ] --START--
INFO: Run Behavior\WriteHtmlCacheBehavior [ RunTime:0.001000s ]
INFO: [ view_filter ] --END-- [ RunTime:0.001000s ]
INFO: [ app_end ] --START--
INFO: Run Behavior\ShowPageTraceBehavior [ RunTime:0.001000s ]
INFO: [ app_end ] --END-- [ RunTime:0.002001s ]

[ 2017-04-14T21:25:30+08:00 ] 127.0.0.1 /admin.php?c=basic
INFO: [ app_init ] --START--
INFO: Run Behavior\BuildLiteBehavior [ RunTime:0.001000s ]
INFO: [ app_init ] --END-- [ RunTime:0.001000s ]
INFO: [ app_begin ] --START--
INFO: Run Behavior\ReadHtmlCacheBehavior [ RunTime:0.000000s ]
INFO: [ app_begin ] --END-- [ RunTime:0.002000s ]
NOTIC: [2048] Declaration of Common\Model\BasicModel::save() should be compatible with Think\Model::save($data = '', $options = Array) F:\wamp\www\zhou\Application\Common\Model\BasicModel.class.php 第 6 行.
NOTIC: [2048] Declaration of Common\Model\BasicModel::select() should be compatible with Think\Model::select($options = Array) F:\wamp\www\zhou\Application\Common\Model\BasicModel.class.php 第 6 行.
INFO: [ view_parse ] --START--
INFO: [ template_filter ] --START--
INFO: Run Behavior\ContentReplaceBehavior [ RunTime:0.000000s ]
INFO: [ template_filter ] --END-- [ RunTime:0.000000s ]
NOTIC: [2048] Declaration of Common\Model\MenuModel::find() should be compatible with Think\Model::find($options = Array) F:\wamp\www\zhou\Application\Common\Model\MenuModel.class.php 第 92 行.
SQL: SHOW COLUMNS FROM `cms_menu` [ RunTime:0.0030s ]
SQL: SELECT * FROM `cms_menu` WHERE `status` <> -1 AND `type` = 1 ORDER BY listorder desc,menu_id desc  [ RunTime:0.0000s ]
NOTIC: [8] Undefined index: a F:\wamp\www\zhou\Application\Common\Common\function.php 第 37 行.
NOTIC: [8] Undefined index: a F:\wamp\www\zhou\Application\Common\Common\function.php 第 37 行.
NOTIC: [8] Undefined index: a F:\wamp\www\zhou\Application\Common\Common\function.php 第 37 行.
NOTIC: [8] Undefined index: a F:\wamp\www\zhou\Application\Common\Common\function.php 第 37 行.
NOTIC: [8] Undefined index: a F:\wamp\www\zhou\Application\Common\Common\function.php 第 37 行.
NOTIC: [8] Undefined index: a F:\wamp\www\zhou\Application\Common\Common\function.php 第 37 行.
INFO: Run Behavior\ParseTemplateBehavior [ RunTime:0.033002s ]
INFO: [ view_parse ] --END-- [ RunTime:0.033002s ]
INFO: [ view_filter ] --START--
INFO: Run Behavior\WriteHtmlCacheBehavior [ RunTime:0.001000s ]
INFO: [ view_filter ] --END-- [ RunTime:0.001000s ]
INFO: [ app_end ] --START--
INFO: Run Behavior\ShowPageTraceBehavior [ RunTime:0.001000s ]
INFO: [ app_end ] --END-- [ RunTime:0.001000s ]

[ 2017-04-14T21:25:33+08:00 ] 127.0.0.1 /admin.php?c=basic&a=cache
INFO: [ app_init ] --START--
INFO: Run Behavior\BuildLiteBehavior [ RunTime:0.000000s ]
INFO: [ app_init ] --END-- [ RunTime:0.001001s ]
INFO: [ app_begin ] --START--
INFO: Run Behavior\ReadHtmlCacheBehavior [ RunTime:0.001000s ]
INFO: [ app_begin ] --END-- [ RunTime:0.001000s ]
INFO: [ view_parse ] --START--
INFO: [ template_filter ] --START--
INFO: Run Behavior\ContentReplaceBehavior [ RunTime:0.000000s ]
INFO: [ template_filter ] --END-- [ RunTime:0.000000s ]
NOTIC: [2048] Declaration of Common\Model\MenuModel::find() should be compatible with Think\Model::find($options = Array) F:\wamp\www\zhou\Application\Common\Model\MenuModel.class.php 第 5 行.
SQL: SHOW COLUMNS FROM `cms_menu` [ RunTime:0.0030s ]
SQL: SELECT * FROM `cms_menu` WHERE `status` <> -1 AND `type` = 1 ORDER BY listorder desc,menu_id desc  [ RunTime:0.0000s ]
NOTIC: [8] Undefined index: a F:\wamp\www\zhou\Application\Common\Common\function.php 第 37 行.
NOTIC: [8] Undefined index: a F:\wamp\www\zhou\Application\Common\Common\function.php 第 37 行.
NOTIC: [8] Undefined index: a F:\wamp\www\zhou\Application\Common\Common\function.php 第 37 行.
NOTIC: [8] Undefined index: a F:\wamp\www\zhou\Application\Common\Common\function.php 第 37 行.
NOTIC: [8] Undefined index: a F:\wamp\www\zhou\Application\Common\Common\function.php 第 37 行.
NOTIC: [8] Undefined index: a F:\wamp\www\zhou\Application\Common\Common\function.php 第 37 行.
INFO: Run Behavior\ParseTemplateBehavior [ RunTime:0.071004s ]
INFO: [ view_parse ] --END-- [ RunTime:0.071004s ]
INFO: [ view_filter ] --START--
INFO: Run Behavior\WriteHtmlCacheBehavior [ RunTime:0.000000s ]
INFO: [ view_filter ] --END-- [ RunTime:0.002000s ]
INFO: [ app_end ] --START--
INFO: Run Behavior\ShowPageTraceBehavior [ RunTime:0.001000s ]
INFO: [ app_end ] --END-- [ RunTime:0.001000s ]

[ 2017-04-14T21:25:35+08:00 ] 127.0.0.1 /admin.php?c=basic
INFO: [ app_init ] --START--
INFO: Run Behavior\BuildLiteBehavior [ RunTime:0.000000s ]
INFO: [ app_init ] --END-- [ RunTime:0.001000s ]
INFO: [ app_begin ] --START--
INFO: Run Behavior\ReadHtmlCacheBehavior [ RunTime:0.000000s ]
INFO: [ app_begin ] --END-- [ RunTime:0.000000s ]
NOTIC: [2048] Declaration of Common\Model\BasicModel::save() should be compatible with Think\Model::save($data = '', $options = Array) F:\wamp\www\zhou\Application\Common\Model\BasicModel.class.php 第 6 行.
NOTIC: [2048] Declaration of Common\Model\BasicModel::select() should be compatible with Think\Model::select($options = Array) F:\wamp\www\zhou\Application\Common\Model\BasicModel.class.php 第 6 行.
INFO: [ view_parse ] --START--
INFO: [ template_filter ] --START--
INFO: Run Behavior\ContentReplaceBehavior [ RunTime:0.000000s ]
INFO: [ template_filter ] --END-- [ RunTime:0.000000s ]
NOTIC: [2048] Declaration of Common\Model\MenuModel::find() should be compatible with Think\Model::find($options = Array) F:\wamp\www\zhou\Application\Common\Model\MenuModel.class.php 第 92 行.
SQL: SHOW COLUMNS FROM `cms_menu` [ RunTime:0.0030s ]
SQL: SELECT * FROM `cms_menu` WHERE `status` <> -1 AND `type` = 1 ORDER BY listorder desc,menu_id desc  [ RunTime:0.0000s ]
NOTIC: [8] Undefined index: a F:\wamp\www\zhou\Application\Common\Common\function.php 第 37 行.
NOTIC: [8] Undefined index: a F:\wamp\www\zhou\Application\Common\Common\function.php 第 37 行.
NOTIC: [8] Undefined index: a F:\wamp\www\zhou\Application\Common\Common\function.php 第 37 行.
NOTIC: [8] Undefined index: a F:\wamp\www\zhou\Application\Common\Common\function.php 第 37 行.
NOTIC: [8] Undefined index: a F:\wamp\www\zhou\Application\Common\Common\function.php 第 37 行.
NOTIC: [8] Undefined index: a F:\wamp\www\zhou\Application\Common\Common\function.php 第 37 行.
INFO: Run Behavior\ParseTemplateBehavior [ RunTime:0.031002s ]
INFO: [ view_parse ] --END-- [ RunTime:0.031002s ]
INFO: [ view_filter ] --START--
INFO: Run Behavior\WriteHtmlCacheBehavior [ RunTime:0.001000s ]
INFO: [ view_filter ] --END-- [ RunTime:0.001000s ]
INFO: [ app_end ] --START--
INFO: Run Behavior\ShowPageTraceBehavior [ RunTime:0.001000s ]
INFO: [ app_end ] --END-- [ RunTime:0.001000s ]

[ 2017-04-14T21:25:43+08:00 ] 127.0.0.1 /admin.php?c=basic&a=cache
INFO: [ app_init ] --START--
INFO: Run Behavior\BuildLiteBehavior [ RunTime:0.000000s ]
INFO: [ app_init ] --END-- [ RunTime:0.000000s ]
INFO: [ app_begin ] --START--
INFO: Run Behavior\ReadHtmlCacheBehavior [ RunTime:0.001000s ]
INFO: [ app_begin ] --END-- [ RunTime:0.001000s ]
INFO: [ view_parse ] --START--
INFO: [ template_filter ] --START--
INFO: Run Behavior\ContentReplaceBehavior [ RunTime:0.000000s ]
INFO: [ template_filter ] --END-- [ RunTime:0.000000s ]
NOTIC: [2048] Declaration of Common\Model\MenuModel::find() should be compatible with Think\Model::find($options = Array) F:\wamp\www\zhou\Application\Common\Model\MenuModel.class.php 第 5 行.
SQL: SHOW COLUMNS FROM `cms_menu` [ RunTime:0.0030s ]
SQL: SELECT * FROM `cms_menu` WHERE `status` <> -1 AND `type` = 1 ORDER BY listorder desc,menu_id desc  [ RunTime:0.0000s ]
NOTIC: [8] Undefined index: a F:\wamp\www\zhou\Application\Common\Common\function.php 第 37 行.
NOTIC: [8] Undefined index: a F:\wamp\www\zhou\Application\Common\Common\function.php 第 37 行.
NOTIC: [8] Undefined index: a F:\wamp\www\zhou\Application\Common\Common\function.php 第 37 行.
NOTIC: [8] Undefined index: a F:\wamp\www\zhou\Application\Common\Common\function.php 第 37 行.
NOTIC: [8] Undefined index: a F:\wamp\www\zhou\Application\Common\Common\function.php 第 37 行.
NOTIC: [8] Undefined index: a F:\wamp\www\zhou\Application\Common\Common\function.php 第 37 行.
INFO: Run Behavior\ParseTemplateBehavior [ RunTime:0.031002s ]
INFO: [ view_parse ] --END-- [ RunTime:0.031002s ]
INFO: [ view_filter ] --START--
INFO: Run Behavior\WriteHtmlCacheBehavior [ RunTime:0.001000s ]
INFO: [ view_filter ] --END-- [ RunTime:0.001000s ]
INFO: [ app_end ] --START--
INFO: Run Behavior\ShowPageTraceBehavior [ RunTime:0.001000s ]
INFO: [ app_end ] --END-- [ RunTime:0.001000s ]

[ 2017-04-14T21:25:44+08:00 ] 127.0.0.1 /admin.php?c=basic
INFO: [ app_init ] --START--
INFO: Run Behavior\BuildLiteBehavior [ RunTime:0.000000s ]
INFO: [ app_init ] --END-- [ RunTime:0.001000s ]
INFO: [ app_begin ] --START--
INFO: Run Behavior\ReadHtmlCacheBehavior [ RunTime:0.001001s ]
INFO: [ app_begin ] --END-- [ RunTime:0.001001s ]
NOTIC: [2048] Declaration of Common\Model\BasicModel::save() should be compatible with Think\Model::save($data = '', $options = Array) F:\wamp\www\zhou\Application\Common\Model\BasicModel.class.php 第 6 行.
NOTIC: [2048] Declaration of Common\Model\BasicModel::select() should be compatible with Think\Model::select($options = Array) F:\wamp\www\zhou\Application\Common\Model\BasicModel.class.php 第 6 行.
INFO: [ view_parse ] --START--
INFO: [ template_filter ] --START--
INFO: Run Behavior\ContentReplaceBehavior [ RunTime:0.000000s ]
INFO: [ template_filter ] --END-- [ RunTime:0.000000s ]
NOTIC: [2048] Declaration of Common\Model\MenuModel::find() should be compatible with Think\Model::find($options = Array) F:\wamp\www\zhou\Application\Common\Model\MenuModel.class.php 第 92 行.
SQL: SHOW COLUMNS FROM `cms_menu` [ RunTime:0.0030s ]
SQL: SELECT * FROM `cms_menu` WHERE `status` <> -1 AND `type` = 1 ORDER BY listorder desc,menu_id desc  [ RunTime:0.0000s ]
NOTIC: [8] Undefined index: a F:\wamp\www\zhou\Application\Common\Common\function.php 第 37 行.
NOTIC: [8] Undefined index: a F:\wamp\www\zhou\Application\Common\Common\function.php 第 37 行.
NOTIC: [8] Undefined index: a F:\wamp\www\zhou\Application\Common\Common\function.php 第 37 行.
NOTIC: [8] Undefined index: a F:\wamp\www\zhou\Application\Common\Common\function.php 第 37 行.
NOTIC: [8] Undefined index: a F:\wamp\www\zhou\Application\Common\Common\function.php 第 37 行.
NOTIC: [8] Undefined index: a F:\wamp\www\zhou\Application\Common\Common\function.php 第 37 行.
INFO: Run Behavior\ParseTemplateBehavior [ RunTime:0.033002s ]
INFO: [ view_parse ] --END-- [ RunTime:0.033002s ]
INFO: [ view_filter ] --START--
INFO: Run Behavior\WriteHtmlCacheBehavior [ RunTime:0.000000s ]
INFO: [ view_filter ] --END-- [ RunTime:0.000000s ]
INFO: [ app_end ] --START--
INFO: Run Behavior\ShowPageTraceBehavior [ RunTime:0.000000s ]
INFO: [ app_end ] --END-- [ RunTime:0.001000s ]

[ 2017-04-14T21:25:45+08:00 ] 127.0.0.1 /admin.php?c=admin
INFO: [ app_init ] --START--
INFO: Run Behavior\BuildLiteBehavior [ RunTime:0.000000s ]
INFO: [ app_init ] --END-- [ RunTime:0.002000s ]
INFO: [ app_begin ] --START--
INFO: Run Behavior\ReadHtmlCacheBehavior [ RunTime:0.001000s ]
INFO: [ app_begin ] --END-- [ RunTime:0.001000s ]
NOTIC: [2048] Declaration of Admin\Controller\AdminController::setStatus() should be compatible with Admin\Controller\CommonController::setStatus($data, $models) F:\wamp\www\zhou\Application\Admin\Controller\AdminController.class.php 第 9 行.
SQL: SHOW COLUMNS FROM `cms_admin` [ RunTime:0.0040s ]
SQL: SELECT * FROM `cms_admin` WHERE `status` <> -1 ORDER BY admin_id desc  [ RunTime:0.0000s ]
INFO: [ view_parse ] --START--
INFO: [ template_filter ] --START--
INFO: Run Behavior\ContentReplaceBehavior [ RunTime:0.000000s ]
INFO: [ template_filter ] --END-- [ RunTime:0.000000s ]
NOTIC: [2048] Declaration of Common\Model\MenuModel::find() should be compatible with Think\Model::find($options = Array) F:\wamp\www\zhou\Application\Common\Model\MenuModel.class.php 第 92 行.
SQL: SHOW COLUMNS FROM `cms_menu` [ RunTime:0.0030s ]
SQL: SELECT * FROM `cms_menu` WHERE `status` <> -1 AND `type` = 1 ORDER BY listorder desc,menu_id desc  [ RunTime:0.0000s ]
NOTIC: [8] Undefined index: a F:\wamp\www\zhou\Application\Common\Common\function.php 第 37 行.
NOTIC: [8] Undefined index: a F:\wamp\www\zhou\Application\Common\Common\function.php 第 37 行.
NOTIC: [8] Undefined index: a F:\wamp\www\zhou\Application\Common\Common\function.php 第 37 行.
NOTIC: [8] Undefined index: a F:\wamp\www\zhou\Application\Common\Common\function.php 第 37 行.
NOTIC: [8] Undefined index: a F:\wamp\www\zhou\Application\Common\Common\function.php 第 37 行.
NOTIC: [8] Undefined index: a F:\wamp\www\zhou\Application\Common\Common\function.php 第 37 行.
NOTIC: [8] Undefined variable: nav F:\wamp\www\zhou\Application\Runtime\Cache\Admin\b682812e058c4f7cab74d08ab9eabe11.php 第 101 行.
INFO: Run Behavior\ParseTemplateBehavior [ RunTime:0.027001s ]
INFO: [ view_parse ] --END-- [ RunTime:0.027001s ]
INFO: [ view_filter ] --START--
INFO: Run Behavior\WriteHtmlCacheBehavior [ RunTime:0.001000s ]
INFO: [ view_filter ] --END-- [ RunTime:0.001000s ]
INFO: [ app_end ] --START--
INFO: Run Behavior\ShowPageTraceBehavior [ RunTime:0.001000s ]
INFO: [ app_end ] --END-- [ RunTime:0.001000s ]

[ 2017-04-14T21:25:46+08:00 ] 127.0.0.1 /admin.php?c=reader
INFO: [ app_init ] --START--
INFO: Run Behavior\BuildLiteBehavior [ RunTime:0.000000s ]
INFO: [ app_init ] --END-- [ RunTime:0.001000s ]
INFO: [ app_begin ] --START--
INFO: Run Behavior\ReadHtmlCacheBehavior [ RunTime:0.001000s ]
INFO: [ app_begin ] --END-- [ RunTime:0.002000s ]
NOTIC: [2048] Declaration of Admin\Controller\ReaderController::setStatus() should be compatible with Admin\Controller\CommonController::setStatus($data, $models) F:\wamp\www\zhou\Application\Admin\Controller\ReaderController.class.php 第 6 行.
SQL: SHOW COLUMNS FROM `cms_reader` [ RunTime:0.0030s ]
SQL: SELECT * FROM `cms_reader` WHERE `status` <> -1 ORDER BY reader_id desc  [ RunTime:0.0010s ]
INFO: [ view_parse ] --START--
INFO: [ template_filter ] --START--
INFO: Run Behavior\ContentReplaceBehavior [ RunTime:0.000000s ]
INFO: [ template_filter ] --END-- [ RunTime:0.000000s ]
NOTIC: [2048] Declaration of Common\Model\MenuModel::find() should be compatible with Think\Model::find($options = Array) F:\wamp\www\zhou\Application\Common\Model\MenuModel.class.php 第 92 行.
SQL: SHOW COLUMNS FROM `cms_menu` [ RunTime:0.0030s ]
SQL: SELECT * FROM `cms_menu` WHERE `status` <> -1 AND `type` = 1 ORDER BY listorder desc,menu_id desc  [ RunTime:0.0010s ]
NOTIC: [8] Undefined index: a F:\wamp\www\zhou\Application\Common\Common\function.php 第 37 行.
NOTIC: [8] Undefined index: a F:\wamp\www\zhou\Application\Common\Common\function.php 第 37 行.
NOTIC: [8] Undefined index: a F:\wamp\www\zhou\Application\Common\Common\function.php 第 37 行.
NOTIC: [8] Undefined index: a F:\wamp\www\zhou\Application\Common\Common\function.php 第 37 行.
NOTIC: [8] Undefined index: a F:\wamp\www\zhou\Application\Common\Common\function.php 第 37 行.
NOTIC: [8] Undefined index: a F:\wamp\www\zhou\Application\Common\Common\function.php 第 37 行.
NOTIC: [8] Undefined variable: nav F:\wamp\www\zhou\Application\Runtime\Cache\Admin\0d4811095465c27bdc8201c38b6c8544.php 第 100 行.
INFO: Run Behavior\ParseTemplateBehavior [ RunTime:0.025001s ]
INFO: [ view_parse ] --END-- [ RunTime:0.026001s ]
INFO: [ view_filter ] --START--
INFO: Run Behavior\WriteHtmlCacheBehavior [ RunTime:0.001000s ]
INFO: [ view_filter ] --END-- [ RunTime:0.001000s ]
INFO: [ app_end ] --START--
INFO: Run Behavior\ShowPageTraceBehavior [ RunTime:0.000000s ]
INFO: [ app_end ] --END-- [ RunTime:0.001000s ]

[ 2017-04-14T21:25:47+08:00 ] 127.0.0.1 /admin.php?c=reader
INFO: [ app_init ] --START--
INFO: Run Behavior\BuildLiteBehavior [ RunTime:0.000000s ]
INFO: [ app_init ] --END-- [ RunTime:0.001000s ]
INFO: [ app_begin ] --START--
INFO: Run Behavior\ReadHtmlCacheBehavior [ RunTime:0.001000s ]
INFO: [ app_begin ] --END-- [ RunTime:0.002000s ]
NOTIC: [2048] Declaration of Admin\Controller\ReaderController::setStatus() should be compatible with Admin\Controller\CommonController::setStatus($data, $models) F:\wamp\www\zhou\Application\Admin\Controller\ReaderController.class.php 第 6 行.
SQL: SHOW COLUMNS FROM `cms_reader` [ RunTime:0.0030s ]
SQL: SELECT * FROM `cms_reader` WHERE `status` <> -1 ORDER BY reader_id desc  [ RunTime:0.0000s ]
INFO: [ view_parse ] --START--
INFO: [ template_filter ] --START--
INFO: Run Behavior\ContentReplaceBehavior [ RunTime:0.000000s ]
INFO: [ template_filter ] --END-- [ RunTime:0.001000s ]
NOTIC: [2048] Declaration of Common\Model\MenuModel::find() should be compatible with Think\Model::find($options = Array) F:\wamp\www\zhou\Application\Common\Model\MenuModel.class.php 第 92 行.
SQL: SHOW COLUMNS FROM `cms_menu` [ RunTime:0.0030s ]
SQL: SELECT * FROM `cms_menu` WHERE `status` <> -1 AND `type` = 1 ORDER BY listorder desc,menu_id desc  [ RunTime:0.0010s ]
NOTIC: [8] Undefined index: a F:\wamp\www\zhou\Application\Common\Common\function.php 第 37 行.
NOTIC: [8] Undefined index: a F:\wamp\www\zhou\Application\Common\Common\function.php 第 37 行.
NOTIC: [8] Undefined index: a F:\wamp\www\zhou\Application\Common\Common\function.php 第 37 行.
NOTIC: [8] Undefined index: a F:\wamp\www\zhou\Application\Common\Common\function.php 第 37 行.
NOTIC: [8] Undefined index: a F:\wamp\www\zhou\Application\Common\Common\function.php 第 37 行.
NOTIC: [8] Undefined index: a F:\wamp\www\zhou\Application\Common\Common\function.php 第 37 行.
NOTIC: [8] Undefined variable: nav F:\wamp\www\zhou\Application\Runtime\Cache\Admin\0d4811095465c27bdc8201c38b6c8544.php 第 100 行.
INFO: Run Behavior\ParseTemplateBehavior [ RunTime:0.027001s ]
INFO: [ view_parse ] --END-- [ RunTime:0.027001s ]
INFO: [ view_filter ] --START--
INFO: Run Behavior\WriteHtmlCacheBehavior [ RunTime:0.001000s ]
INFO: [ view_filter ] --END-- [ RunTime:0.001000s ]
INFO: [ app_end ] --START--
INFO: Run Behavior\ShowPageTraceBehavior [ RunTime:0.001001s ]
INFO: [ app_end ] --END-- [ RunTime:0.001001s ]

[ 2017-04-14T21:25:48+08:00 ] 127.0.0.1 /admin.php?c=tucao
INFO: [ app_init ] --START--
INFO: Run Behavior\BuildLiteBehavior [ RunTime:0.000000s ]
INFO: [ app_init ] --END-- [ RunTime:0.001000s ]
INFO: [ app_begin ] --START--
INFO: Run Behavior\ReadHtmlCacheBehavior [ RunTime:0.001000s ]
INFO: [ app_begin ] --END-- [ RunTime:0.001000s ]
NOTIC: [2048] Declaration of Admin\Controller\TucaoController::setStatus() should be compatible with Admin\Controller\CommonController::setStatus($data, $models) F:\wamp\www\zhou\Application\Admin\Controller\TucaoController.class.php 第 6 行.
NOTIC: [2048] Declaration of Common\Model\TcModel::select() should be compatible with Think\Model::select($options = Array) F:\wamp\www\zhou\Application\Common\Model\TcModel.class.php 第 9 行.
NOTIC: [2048] Declaration of Common\Model\TcModel::find() should be compatible with Think\Model::find($options = Array) F:\wamp\www\zhou\Application\Common\Model\TcModel.class.php 第 9 行.
SQL: SHOW COLUMNS FROM `cms_tc` [ RunTime:0.0030s ]
SQL: SELECT * FROM `cms_tc` ORDER BY tc_id desc  [ RunTime:0.0000s ]
INFO: [ view_parse ] --START--
INFO: [ template_filter ] --START--
INFO: Run Behavior\ContentReplaceBehavior [ RunTime:0.000000s ]
INFO: [ template_filter ] --END-- [ RunTime:0.001000s ]
NOTIC: [2048] Declaration of Common\Model\MenuModel::find() should be compatible with Think\Model::find($options = Array) F:\wamp\www\zhou\Application\Common\Model\MenuModel.class.php 第 92 行.
SQL: SHOW COLUMNS FROM `cms_menu` [ RunTime:0.0040s ]
SQL: SELECT * FROM `cms_menu` WHERE `status` <> -1 AND `type` = 1 ORDER BY listorder desc,menu_id desc  [ RunTime:0.0000s ]
NOTIC: [8] Undefined index: a F:\wamp\www\zhou\Application\Common\Common\function.php 第 37 行.
NOTIC: [8] Undefined index: a F:\wamp\www\zhou\Application\Common\Common\function.php 第 37 行.
NOTIC: [8] Undefined index: a F:\wamp\www\zhou\Application\Common\Common\function.php 第 37 行.
NOTIC: [8] Undefined index: a F:\wamp\www\zhou\Application\Common\Common\function.php 第 37 行.
NOTIC: [8] Undefined index: a F:\wamp\www\zhou\Application\Common\Common\function.php 第 37 行.
NOTIC: [8] Undefined index: a F:\wamp\www\zhou\Application\Common\Common\function.php 第 37 行.
NOTIC: [8] Undefined variable: webSiteMenu F:\wamp\www\zhou\Application\Runtime\Cache\Admin\a1e78f1e99f1b07b1c9d3af5979cdbe9.php 第 128 行.
NOTIC: [8] Undefined index: catid F:\wamp\www\zhou\Application\Runtime\Cache\Admin\a1e78f1e99f1b07b1c9d3af5979cdbe9.php 第 128 行.
NOTIC: [2] Invalid argument supplied for foreach() F:\wamp\www\zhou\Application\Common\Common\function.php 第 65 行.
NOTIC: [8] Undefined variable: webSiteMenu F:\wamp\www\zhou\Application\Runtime\Cache\Admin\a1e78f1e99f1b07b1c9d3af5979cdbe9.php 第 128 行.
NOTIC: [8] Undefined index: catid F:\wamp\www\zhou\Application\Runtime\Cache\Admin\a1e78f1e99f1b07b1c9d3af5979cdbe9.php 第 128 行.
NOTIC: [2] Invalid argument supplied for foreach() F:\wamp\www\zhou\Application\Common\Common\function.php 第 65 行.
NOTIC: [8] Undefined variable: webSiteMenu F:\wamp\www\zhou\Application\Runtime\Cache\Admin\a1e78f1e99f1b07b1c9d3af5979cdbe9.php 第 128 行.
NOTIC: [8] Undefined index: catid F:\wamp\www\zhou\Application\Runtime\Cache\Admin\a1e78f1e99f1b07b1c9d3af5979cdbe9.php 第 128 行.
NOTIC: [2] Invalid argument supplied for foreach() F:\wamp\www\zhou\Application\Common\Common\function.php 第 65 行.
NOTIC: [8] Undefined variable: webSiteMenu F:\wamp\www\zhou\Application\Runtime\Cache\Admin\a1e78f1e99f1b07b1c9d3af5979cdbe9.php 第 128 行.
NOTIC: [8] Undefined index: catid F:\wamp\www\zhou\Application\Runtime\Cache\Admin\a1e78f1e99f1b07b1c9d3af5979cdbe9.php 第 128 行.
NOTIC: [2] Invalid argument supplied for foreach() F:\wamp\www\zhou\Application\Common\Common\function.php 第 65 行.
NOTIC: [8] Undefined variable: webSiteMenu F:\wamp\www\zhou\Application\Runtime\Cache\Admin\a1e78f1e99f1b07b1c9d3af5979cdbe9.php 第 128 行.
NOTIC: [8] Undefined index: catid F:\wamp\www\zhou\Application\Runtime\Cache\Admin\a1e78f1e99f1b07b1c9d3af5979cdbe9.php 第 128 行.
NOTIC: [2] Invalid argument supplied for foreach() F:\wamp\www\zhou\Application\Common\Common\function.php 第 65 行.
NOTIC: [8] Undefined variable: webSiteMenu F:\wamp\www\zhou\Application\Runtime\Cache\Admin\a1e78f1e99f1b07b1c9d3af5979cdbe9.php 第 128 行.
NOTIC: [8] Undefined index: catid F:\wamp\www\zhou\Application\Runtime\Cache\Admin\a1e78f1e99f1b07b1c9d3af5979cdbe9.php 第 128 行.
NOTIC: [2] Invalid argument supplied for foreach() F:\wamp\www\zhou\Application\Common\Common\function.php 第 65 行.
NOTIC: [8] Undefined variable: webSiteMenu F:\wamp\www\zhou\Application\Runtime\Cache\Admin\a1e78f1e99f1b07b1c9d3af5979cdbe9.php 第 128 行.
NOTIC: [8] Undefined index: catid F:\wamp\www\zhou\Application\Runtime\Cache\Admin\a1e78f1e99f1b07b1c9d3af5979cdbe9.php 第 128 行.
NOTIC: [2] Invalid argument supplied for foreach() F:\wamp\www\zhou\Application\Common\Common\function.php 第 65 行.
NOTIC: [8] Undefined variable: webSiteMenu F:\wamp\www\zhou\Application\Runtime\Cache\Admin\a1e78f1e99f1b07b1c9d3af5979cdbe9.php 第 128 行.
NOTIC: [8] Undefined index: catid F:\wamp\www\zhou\Application\Runtime\Cache\Admin\a1e78f1e99f1b07b1c9d3af5979cdbe9.php 第 128 行.
NOTIC: [2] Invalid argument supplied for foreach() F:\wamp\www\zhou\Application\Common\Common\function.php 第 65 行.
NOTIC: [8] Undefined variable: webSiteMenu F:\wamp\www\zhou\Application\Runtime\Cache\Admin\a1e78f1e99f1b07b1c9d3af5979cdbe9.php 第 128 行.
NOTIC: [8] Undefined index: catid F:\wamp\www\zhou\Application\Runtime\Cache\Admin\a1e78f1e99f1b07b1c9d3af5979cdbe9.php 第 128 行.
NOTIC: [2] Invalid argument supplied for foreach() F:\wamp\www\zhou\Application\Common\Common\function.php 第 65 行.
NOTIC: [8] Undefined variable: webSiteMenu F:\wamp\www\zhou\Application\Runtime\Cache\Admin\a1e78f1e99f1b07b1c9d3af5979cdbe9.php 第 128 行.
NOTIC: [8] Undefined index: catid F:\wamp\www\zhou\Application\Runtime\Cache\Admin\a1e78f1e99f1b07b1c9d3af5979cdbe9.php 第 128 行.
NOTIC: [2] Invalid argument supplied for foreach() F:\wamp\www\zhou\Application\Common\Common\function.php 第 65 行.
NOTIC: [8] Undefined variable: webSiteMenu F:\wamp\www\zhou\Application\Runtime\Cache\Admin\a1e78f1e99f1b07b1c9d3af5979cdbe9.php 第 128 行.
NOTIC: [8] Undefined index: catid F:\wamp\www\zhou\Application\Runtime\Cache\Admin\a1e78f1e99f1b07b1c9d3af5979cdbe9.php 第 128 行.
NOTIC: [2] Invalid argument supplied for foreach() F:\wamp\www\zhou\Application\Common\Common\function.php 第 65 行.
NOTIC: [8] Undefined variable: pageres F:\wamp\www\zhou\Application\Runtime\Cache\Admin\a1e78f1e99f1b07b1c9d3af5979cdbe9.php 第 144 行.
INFO: Run Behavior\ParseTemplateBehavior [ RunTime:0.032002s ]
INFO: [ view_parse ] --END-- [ RunTime:0.032002s ]
INFO: [ view_filter ] --START--
INFO: Run Behavior\WriteHtmlCacheBehavior [ RunTime:0.001000s ]
INFO: [ view_filter ] --END-- [ RunTime:0.001000s ]
INFO: [ app_end ] --START--
INFO: Run Behavior\ShowPageTraceBehavior [ RunTime:0.000000s ]
INFO: [ app_end ] --END-- [ RunTime:0.002000s ]

[ 2017-04-14T21:25:48+08:00 ] 127.0.0.1 /admin.php?c=content
INFO: [ app_init ] --START--
INFO: Run Behavior\BuildLiteBehavior [ RunTime:0.000000s ]
INFO: [ app_init ] --END-- [ RunTime:0.000000s ]
INFO: [ app_begin ] --START--
INFO: Run Behavior\ReadHtmlCacheBehavior [ RunTime:0.001000s ]
INFO: [ app_begin ] --END-- [ RunTime:0.001000s ]
NOTIC: [2048] Declaration of Admin\Controller\ContentController::setStatus() should be compatible with Admin\Controller\CommonController::setStatus($data, $models) F:\wamp\www\zhou\Application\Admin\Controller\ContentController.class.php 第 12 行.
NOTIC: [8] Undefined index: title F:\wamp\www\zhou\Application\Admin\Controller\ContentController.class.php 第 16 行.
NOTIC: [8] Undefined index: catid F:\wamp\www\zhou\Application\Admin\Controller\ContentController.class.php 第 20 行.
NOTIC: [8] Undefined index: p F:\wamp\www\zhou\Application\Admin\Controller\ContentController.class.php 第 24 行.
NOTIC: [2048] Declaration of Common\Model\NewsModel::find() should be compatible with Think\Model::find($options = Array) F:\wamp\www\zhou\Application\Common\Model\NewsModel.class.php 第 6 行.
SQL: SHOW COLUMNS FROM `cms_news` [ RunTime:0.0040s ]
SQL: SELECT * FROM `cms_news` WHERE `status` <> -1 ORDER BY listorder desc ,news_id desc LIMIT 0,10   [ RunTime:0.0000s ]
SQL: SELECT COUNT(*) AS tp_count FROM `cms_news` WHERE `status` <> -1 LIMIT 1   [ RunTime:0.0010s ]
NOTIC: [8] Undefined variable: sing_path F:\wamp\www\zhou\ThinkPHP\Common\functions.php 第 991 行.
NOTIC: [2048] Declaration of Common\Model\PositionModel::find() should be compatible with Think\Model::find($options = Array) F:\wamp\www\zhou\Application\Common\Model\PositionModel.class.php 第 37 行.
SQL: SHOW COLUMNS FROM `cms_position` [ RunTime:0.0030s ]
SQL: SELECT * FROM `cms_position` WHERE `status` = 1 ORDER BY id  [ RunTime:0.0000s ]
NOTIC: [2048] Declaration of Common\Model\MenuModel::find() should be compatible with Think\Model::find($options = Array) F:\wamp\www\zhou\Application\Common\Model\MenuModel.class.php 第 92 行.
SQL: SHOW COLUMNS FROM `cms_menu` [ RunTime:0.0030s ]
SQL: SELECT * FROM `cms_menu` WHERE `status` = 1 AND `type` = 0 ORDER BY listorder desc,menu_id desc  [ RunTime:0.0000s ]
INFO: [ view_parse ] --START--
INFO: [ template_filter ] --START--
INFO: Run Behavior\ContentReplaceBehavior [ RunTime:0.000000s ]
INFO: [ template_filter ] --END-- [ RunTime:0.000000s ]
SQL: SELECT * FROM `cms_menu` WHERE `status` <> -1 AND `type` = 1 ORDER BY listorder desc,menu_id desc  [ RunTime:0.0010s ]
NOTIC: [8] Undefined index: a F:\wamp\www\zhou\Application\Common\Common\function.php 第 37 行.
NOTIC: [8] Undefined index: a F:\wamp\www\zhou\Application\Common\Common\function.php 第 37 行.
NOTIC: [8] Undefined index: a F:\wamp\www\zhou\Application\Common\Common\function.php 第 37 行.
NOTIC: [8] Undefined index: a F:\wamp\www\zhou\Application\Common\Common\function.php 第 37 行.
NOTIC: [8] Undefined index: a F:\wamp\www\zhou\Application\Common\Common\function.php 第 37 行.
NOTIC: [8] Undefined index: a F:\wamp\www\zhou\Application\Common\Common\function.php 第 37 行.
INFO: Run Behavior\ParseTemplateBehavior [ RunTime:0.027002s ]
INFO: [ view_parse ] --END-- [ RunTime:0.027002s ]
INFO: [ view_filter ] --START--
INFO: Run Behavior\WriteHtmlCacheBehavior [ RunTime:0.000000s ]
INFO: [ view_filter ] --END-- [ RunTime:0.000000s ]
INFO: [ app_end ] --START--
INFO: Run Behavior\ShowPageTraceBehavior [ RunTime:0.001000s ]
INFO: [ app_end ] --END-- [ RunTime:0.001000s ]

[ 2017-04-14T21:25:49+08:00 ] 127.0.0.1 /admin.php?c=menu
INFO: [ app_init ] --START--
INFO: Run Behavior\BuildLiteBehavior [ RunTime:0.000000s ]
INFO: [ app_init ] --END-- [ RunTime:0.000000s ]
INFO: [ app_begin ] --START--
INFO: Run Behavior\ReadHtmlCacheBehavior [ RunTime:0.001000s ]
INFO: [ app_begin ] --END-- [ RunTime:0.001000s ]
NOTIC: [2048] Declaration of Admin\Controller\MenuController::setStatus() should be compatible with Admin\Controller\CommonController::setStatus($data, $models) F:\wamp\www\zhou\Application\Admin\Controller\MenuController.class.php 第 9 行.
NOTIC: [8] Undefined index: p F:\wamp\www\zhou\Application\Admin\Controller\MenuController.class.php 第 51 行.
NOTIC: [8] Undefined index: pageSize F:\wamp\www\zhou\Application\Admin\Controller\MenuController.class.php 第 52 行.
NOTIC: [2048] Declaration of Common\Model\MenuModel::find() should be compatible with Think\Model::find($options = Array) F:\wamp\www\zhou\Application\Common\Model\MenuModel.class.php 第 5 行.
SQL: SHOW COLUMNS FROM `cms_menu` [ RunTime:0.0030s ]
SQL: SELECT * FROM `cms_menu` WHERE `status` <> -1 ORDER BY listorder desc,menu_id desc LIMIT 0,3   [ RunTime:0.0000s ]
SQL: SELECT COUNT(*) AS tp_count FROM `cms_menu` WHERE `status` <> -1 LIMIT 1   [ RunTime:0.0000s ]
NOTIC: [8] Undefined variable: sing_path F:\wamp\www\zhou\ThinkPHP\Common\functions.php 第 991 行.
INFO: [ view_parse ] --START--
INFO: [ template_filter ] --START--
INFO: Run Behavior\ContentReplaceBehavior [ RunTime:0.000000s ]
INFO: [ template_filter ] --END-- [ RunTime:0.001000s ]
SQL: SELECT * FROM `cms_menu` WHERE `status` <> -1 AND `type` = 1 ORDER BY listorder desc,menu_id desc  [ RunTime:0.0000s ]
NOTIC: [8] Undefined index: a F:\wamp\www\zhou\Application\Common\Common\function.php 第 37 行.
NOTIC: [8] Undefined index: a F:\wamp\www\zhou\Application\Common\Common\function.php 第 37 行.
NOTIC: [8] Undefined index: a F:\wamp\www\zhou\Application\Common\Common\function.php 第 37 行.
NOTIC: [8] Undefined index: a F:\wamp\www\zhou\Application\Common\Common\function.php 第 37 行.
NOTIC: [8] Undefined index: a F:\wamp\www\zhou\Application\Common\Common\function.php 第 37 行.
NOTIC: [8] Undefined index: a F:\wamp\www\zhou\Application\Common\Common\function.php 第 37 行.
NOTIC: [8] Undefined variable: nav F:\wamp\www\zhou\Application\Runtime\Cache\Admin\b956215329b6f9aca22277599a4efdfc.php 第 101 行.
INFO: Run Behavior\ParseTemplateBehavior [ RunTime:0.025002s ]
INFO: [ view_parse ] --END-- [ RunTime:0.025002s ]
INFO: [ view_filter ] --START--
INFO: Run Behavior\WriteHtmlCacheBehavior [ RunTime:0.001000s ]
INFO: [ view_filter ] --END-- [ RunTime:0.001000s ]
INFO: [ app_end ] --START--
INFO: Run Behavior\ShowPageTraceBehavior [ RunTime:0.001000s ]
INFO: [ app_end ] --END-- [ RunTime:0.001000s ]

